ERROR - 2023-01-30 18:15:03 --> mysqli_sql_exception: Unknown column 't.providencia' in 'field list' in F:\Projetos\intramet\system\Database\MySQLi\Connection.php:295
Stack trace:
#0 F:\Projetos\intramet\system\Database\MySQLi\Connection.php(295): mysqli->query('SELECT `a`.`dat...', 0)
#1 F:\Projetos\intramet\system\Database\BaseConnection.php(691): CodeIgniter\Database\MySQLi\Connection->execute('SELECT `a`.`dat...')
#2 F:\Projetos\intramet\system\Database\BaseConnection.php(605): CodeIgniter\Database\BaseConnection->simpleQuery('SELECT `a`.`dat...')
#3 F:\Projetos\intramet\system\Database\BaseBuilder.php(1602): CodeIgniter\Database\BaseConnection->query('SELECT `a`.`dat...', Array, false)
#4 F:\Projetos\intramet\app\Controllers\Topicos.php(50): CodeIgniter\Database\BaseBuilder->get()
#5 F:\Projetos\intramet\app\Controllers\Topicos.php(131): App\Controllers\Topicos->dadosReuniao(1)
#6 F:\Projetos\intramet\system\CodeIgniter.php(934): App\Controllers\Topicos->topicosAudiplanner()
#7 F:\Projetos\intramet\system\CodeIgniter.php(499): CodeIgniter\CodeIgniter->runController(Object(App\Controllers\Topicos))
#8 F:\Projetos\intramet\system\CodeIgniter.php(368): CodeIgniter\CodeIgniter->handleRequest(NULL, Object(Config\Cache), false)
#9 F:\Projetos\intramet\public\index.php(67): CodeIgniter\CodeIgniter->run()
#10 {main}
CRITICAL - 2023-01-30 18:15:03 --> Unknown column 't.providencia' in 'field list'
in SYSTEMPATH\Database\BaseConnection.php on line 645.
 1 SYSTEMPATH\Database\BaseBuilder.php(1602): CodeIgniter\Database\BaseConnection->query('SELECT `a`.`data`, `st`.`descricao` as `descsetor`, `t`.`cod` as `codt`, `t`.`assunto`, `t`.`providencia`, `e`.`nome`, `s`.`descricao` as `descstatus`, `t`.`diretoria`, `a`.`cod` as `coda`, `a`.`descricao` as `descata`, `a`.`participantes`
FROM `tbtopicos` `t`
JOIN `tbenvolvidos` `e` ON `e`.`cod` = `t`.`codresponsavel`
JOIN `tbstatus` `s` ON `s`.`cod` = `t`.`codstatus`
JOIN `tbatas` `a` ON `a`.`cod` = `t`.`codata`
JOIN `tbsetores` `st` ON `st`.`cod` = `a`.`codsetor`
WHERE `st`.`cod` = :st.cod:
ORDER BY `t`.`cod` DESC', [...], false)
 2 APPPATH\Controllers\Topicos.php(50): CodeIgniter\Database\BaseBuilder->get()
 3 APPPATH\Controllers\Topicos.php(131): App\Controllers\Topicos->dadosReuniao(1)
 4 SYSTEMPATH\CodeIgniter.php(934): App\Controllers\Topicos->topicosAudiplanner()
 5 SYSTEMPATH\CodeIgniter.php(499): CodeIgniter\CodeIgniter->runController(Object(App\Controllers\Topicos))
 6 SYSTEMPATH\CodeIgniter.php(368): CodeIgniter\CodeIgniter->handleRequest(null, Object(Config\Cache), false)
 7 FCPATH\index.php(67): CodeIgniter\CodeIgniter->run()
INFO - 2023-01-30 18:15:22 --> Session: Class initialized using 'CodeIgniter\Session\Handlers\FileHandler' driver.
ERROR - 2023-01-30 18:15:25 --> mysqli_sql_exception: Unknown column 't.providencia' in 'field list' in F:\Projetos\intramet\system\Database\MySQLi\Connection.php:295
Stack trace:
#0 F:\Projetos\intramet\system\Database\MySQLi\Connection.php(295): mysqli->query('SELECT `a`.`dat...', 0)
#1 F:\Projetos\intramet\system\Database\BaseConnection.php(691): CodeIgniter\Database\MySQLi\Connection->execute('SELECT `a`.`dat...')
#2 F:\Projetos\intramet\system\Database\BaseConnection.php(605): CodeIgniter\Database\BaseConnection->simpleQuery('SELECT `a`.`dat...')
#3 F:\Projetos\intramet\system\Database\BaseBuilder.php(1602): CodeIgniter\Database\BaseConnection->query('SELECT `a`.`dat...', Array, false)
#4 F:\Projetos\intramet\app\Controllers\Topicos.php(50): CodeIgniter\Database\BaseBuilder->get()
#5 F:\Projetos\intramet\app\Controllers\Topicos.php(131): App\Controllers\Topicos->dadosReuniao(1)
#6 F:\Projetos\intramet\system\CodeIgniter.php(934): App\Controllers\Topicos->topicosAudiplanner()
#7 F:\Projetos\intramet\system\CodeIgniter.php(499): CodeIgniter\CodeIgniter->runController(Object(App\Controllers\Topicos))
#8 F:\Projetos\intramet\system\CodeIgniter.php(368): CodeIgniter\CodeIgniter->handleRequest(NULL, Object(Config\Cache), false)
#9 F:\Projetos\intramet\public\index.php(67): CodeIgniter\CodeIgniter->run()
#10 {main}
CRITICAL - 2023-01-30 18:15:25 --> Unknown column 't.providencia' in 'field list'
in SYSTEMPATH\Database\BaseConnection.php on line 645.
 1 SYSTEMPATH\Database\BaseBuilder.php(1602): CodeIgniter\Database\BaseConnection->query('SELECT `a`.`data`, `st`.`descricao` as `descsetor`, `t`.`cod` as `codt`, `t`.`assunto`, `t`.`providencia`, `e`.`nome`, `s`.`descricao` as `descstatus`, `t`.`diretoria`, `a`.`cod` as `coda`, `a`.`descricao` as `descata`, `a`.`participantes`
FROM `tbtopicos` `t`
JOIN `tbenvolvidos` `e` ON `e`.`cod` = `t`.`codresponsavel`
JOIN `tbstatus` `s` ON `s`.`cod` = `t`.`codstatus`
JOIN `tbatas` `a` ON `a`.`cod` = `t`.`codata`
JOIN `tbsetores` `st` ON `st`.`cod` = `a`.`codsetor`
WHERE `st`.`cod` = :st.cod:
ORDER BY `t`.`cod` DESC', [...], false)
 2 APPPATH\Controllers\Topicos.php(50): CodeIgniter\Database\BaseBuilder->get()
 3 APPPATH\Controllers\Topicos.php(131): App\Controllers\Topicos->dadosReuniao(1)
 4 SYSTEMPATH\CodeIgniter.php(934): App\Controllers\Topicos->topicosAudiplanner()
 5 SYSTEMPATH\CodeIgniter.php(499): CodeIgniter\CodeIgniter->runController(Object(App\Controllers\Topicos))
 6 SYSTEMPATH\CodeIgniter.php(368): CodeIgniter\CodeIgniter->handleRequest(null, Object(Config\Cache), false)
 7 FCPATH\index.php(67): CodeIgniter\CodeIgniter->run()
INFO - 2023-01-30 18:16:30 --> Session: Class initialized using 'CodeIgniter\Session\Handlers\FileHandler' driver.
INFO - 2023-01-30 18:16:31 --> Session: Class initialized using 'CodeIgniter\Session\Handlers\FileHandler' driver.
INFO - 2023-01-30 18:21:00 --> Session: Class initialized using 'CodeIgniter\Session\Handlers\FileHandler' driver.
INFO - 2023-01-30 18:26:28 --> Session: Class initialized using 'CodeIgniter\Session\Handlers\FileHandler' driver.
INFO - 2023-01-30 18:26:30 --> Session: Class initialized using 'CodeIgniter\Session\Handlers\FileHandler' driver.
CRITICAL - 2023-01-30 18:26:30 --> Array to string conversion
in APPPATH\Views\topicos.php on line 144.
 1 APPPATH\Views\topicos.php(144): CodeIgniter\Debug\Exceptions->errorHandler(2, 'Array to string conversion', 'APPPATH\\Views\\topicos.php', 144)
 2 SYSTEMPATH\View\View.php(213): include('APPPATH\\Views\\topicos.php')
 3 SYSTEMPATH\View\View.php(216): CodeIgniter\View\View->CodeIgniter\View\{closure}()
 4 SYSTEMPATH\Common.php(1177): CodeIgniter\View\View->render('topicos', [], true)
 5 APPPATH\Controllers\Topicos.php(130): view('topicos', [...])
 6 SYSTEMPATH\CodeIgniter.php(934): App\Controllers\Topicos->index()
 7 SYSTEMPATH\CodeIgniter.php(499): CodeIgniter\CodeIgniter->runController(Object(App\Controllers\Topicos))
 8 SYSTEMPATH\CodeIgniter.php(368): CodeIgniter\CodeIgniter->handleRequest(null, Object(Config\Cache), false)
 9 FCPATH\index.php(67): CodeIgniter\CodeIgniter->run()
INFO - 2023-01-30 18:28:26 --> Session: Class initialized using 'CodeIgniter\Session\Handlers\FileHandler' driver.
INFO - 2023-01-30 18:28:28 --> Session: Class initialized using 'CodeIgniter\Session\Handlers\FileHandler' driver.
INFO - 2023-01-30 18:28:29 --> Session: Class initialized using 'CodeIgniter\Session\Handlers\FileHandler' driver.
ERROR - 2023-01-30 18:39:45 --> mysqli_sql_exception: Unknown column 'a.participantes' in 'field list' in F:\Projetos\intramet\system\Database\MySQLi\Connection.php:295
Stack trace:
#0 F:\Projetos\intramet\system\Database\MySQLi\Connection.php(295): mysqli->query('SELECT `a`.`cod...', 0)
#1 F:\Projetos\intramet\system\Database\BaseConnection.php(691): CodeIgniter\Database\MySQLi\Connection->execute('SELECT `a`.`cod...')
#2 F:\Projetos\intramet\system\Database\BaseConnection.php(605): CodeIgniter\Database\BaseConnection->simpleQuery('SELECT `a`.`cod...')
#3 F:\Projetos\intramet\system\Database\BaseBuilder.php(1602): CodeIgniter\Database\BaseConnection->query('SELECT `a`.`cod...', Array, false)
#4 F:\Projetos\intramet\app\Controllers\Atas.php(27): CodeIgniter\Database\BaseBuilder->get()
#5 F:\Projetos\intramet\app\Controllers\Atas.php(52): App\Controllers\Atas->dadosAtas()
#6 F:\Projetos\intramet\system\CodeIgniter.php(934): App\Controllers\Atas->index()
#7 F:\Projetos\intramet\system\CodeIgniter.php(499): CodeIgniter\CodeIgniter->runController(Object(App\Controllers\Atas))
#8 F:\Projetos\intramet\system\CodeIgniter.php(368): CodeIgniter\CodeIgniter->handleRequest(NULL, Object(Config\Cache), false)
#9 F:\Projetos\intramet\public\index.php(67): CodeIgniter\CodeIgniter->run()
#10 {main}
CRITICAL - 2023-01-30 18:39:45 --> Unknown column 'a.participantes' in 'field list'
in SYSTEMPATH\Database\BaseConnection.php on line 645.
 1 SYSTEMPATH\Database\BaseBuilder.php(1602): CodeIgniter\Database\BaseConnection->query('SELECT `a`.`cod`, `a`.`data`, `a`.`descricao`, `s`.`descricao` as `descsetor`, `a`.`participantes`
FROM `tbatas` `a`
JOIN `tbsetores` `s` ON `s`.`cod` = `a`.`codsetor`
ORDER BY `a`.`cod` DESC', [], false)
 2 APPPATH\Controllers\Atas.php(27): CodeIgniter\Database\BaseBuilder->get()
 3 APPPATH\Controllers\Atas.php(52): App\Controllers\Atas->dadosAtas()
 4 SYSTEMPATH\CodeIgniter.php(934): App\Controllers\Atas->index()
 5 SYSTEMPATH\CodeIgniter.php(499): CodeIgniter\CodeIgniter->runController(Object(App\Controllers\Atas))
 6 SYSTEMPATH\CodeIgniter.php(368): CodeIgniter\CodeIgniter->handleRequest(null, Object(Config\Cache), false)
 7 FCPATH\index.php(67): CodeIgniter\CodeIgniter->run()
ERROR - 2023-01-30 18:40:03 --> mysqli_sql_exception: Unknown column 'a.codsetor' in 'on clause' in F:\Projetos\intramet\system\Database\MySQLi\Connection.php:295
Stack trace:
#0 F:\Projetos\intramet\system\Database\MySQLi\Connection.php(295): mysqli->query('SELECT `a`.`cod...', 0)
#1 F:\Projetos\intramet\system\Database\BaseConnection.php(691): CodeIgniter\Database\MySQLi\Connection->execute('SELECT `a`.`cod...')
#2 F:\Projetos\intramet\system\Database\BaseConnection.php(605): CodeIgniter\Database\BaseConnection->simpleQuery('SELECT `a`.`cod...')
#3 F:\Projetos\intramet\system\Database\BaseBuilder.php(1602): CodeIgniter\Database\BaseConnection->query('SELECT `a`.`cod...', Array, false)
#4 F:\Projetos\intramet\app\Controllers\Topicos.php(39): CodeIgniter\Database\BaseBuilder->get()
#5 F:\Projetos\intramet\app\Controllers\Topicos.php(126): App\Controllers\Topicos->dadosAtas()
#6 F:\Projetos\intramet\system\CodeIgniter.php(934): App\Controllers\Topicos->index()
#7 F:\Projetos\intramet\system\CodeIgniter.php(499): CodeIgniter\CodeIgniter->runController(Object(App\Controllers\Topicos))
#8 F:\Projetos\intramet\system\CodeIgniter.php(368): CodeIgniter\CodeIgniter->handleRequest(NULL, Object(Config\Cache), false)
#9 F:\Projetos\intramet\public\index.php(67): CodeIgniter\CodeIgniter->run()
#10 {main}
CRITICAL - 2023-01-30 18:40:03 --> Unknown column 'a.codsetor' in 'on clause'
in SYSTEMPATH\Database\BaseConnection.php on line 645.
 1 SYSTEMPATH\Database\BaseBuilder.php(1602): CodeIgniter\Database\BaseConnection->query('SELECT `a`.`cod`, `a`.`data`, `a`.`descricao`, `st`.`descricao` as `descsetor`
FROM `tbatas` `a`
JOIN `tbsetores` `st` ON `st`.`cod` = `a`.`codsetor`
ORDER BY `a`.`cod` DESC', [], false)
 2 APPPATH\Controllers\Topicos.php(39): CodeIgniter\Database\BaseBuilder->get()
 3 APPPATH\Controllers\Topicos.php(126): App\Controllers\Topicos->dadosAtas()
 4 SYSTEMPATH\CodeIgniter.php(934): App\Controllers\Topicos->index()
 5 SYSTEMPATH\CodeIgniter.php(499): CodeIgniter\CodeIgniter->runController(Object(App\Controllers\Topicos))
 6 SYSTEMPATH\CodeIgniter.php(368): CodeIgniter\CodeIgniter->handleRequest(null, Object(Config\Cache), false)
 7 FCPATH\index.php(67): CodeIgniter\CodeIgniter->run()
ERROR - 2023-01-30 18:40:05 --> mysqli_sql_exception: Unknown column 'a.participantes' in 'field list' in F:\Projetos\intramet\system\Database\MySQLi\Connection.php:295
Stack trace:
#0 F:\Projetos\intramet\system\Database\MySQLi\Connection.php(295): mysqli->query('SELECT `a`.`dat...', 0)
#1 F:\Projetos\intramet\system\Database\BaseConnection.php(691): CodeIgniter\Database\MySQLi\Connection->execute('SELECT `a`.`dat...')
#2 F:\Projetos\intramet\system\Database\BaseConnection.php(605): CodeIgniter\Database\BaseConnection->simpleQuery('SELECT `a`.`dat...')
#3 F:\Projetos\intramet\system\Database\BaseBuilder.php(1602): CodeIgniter\Database\BaseConnection->query('SELECT `a`.`dat...', Array, false)
#4 F:\Projetos\intramet\app\Controllers\Topicos.php(55): CodeIgniter\Database\BaseBuilder->get()
#5 F:\Projetos\intramet\app\Controllers\Topicos.php(137): App\Controllers\Topicos->dadosReuniao(1)
#6 F:\Projetos\intramet\system\CodeIgniter.php(934): App\Controllers\Topicos->topicosAudiplanner()
#7 F:\Projetos\intramet\system\CodeIgniter.php(499): CodeIgniter\CodeIgniter->runController(Object(App\Controllers\Topicos))
#8 F:\Projetos\intramet\system\CodeIgniter.php(368): CodeIgniter\CodeIgniter->handleRequest(NULL, Object(Config\Cache), false)
#9 F:\Projetos\intramet\public\index.php(67): CodeIgniter\CodeIgniter->run()
#10 {main}
CRITICAL - 2023-01-30 18:40:05 --> Unknown column 'a.participantes' in 'field list'
in SYSTEMPATH\Database\BaseConnection.php on line 645.
 1 SYSTEMPATH\Database\BaseBuilder.php(1602): CodeIgniter\Database\BaseConnection->query('SELECT `a`.`data`, `st`.`descricao` as `descsetor`, `t`.`cod` as `codt`, `t`.`assunto`, `t`.`descricao`, `e`.`nome`, `s`.`descricao` as `descstatus`, `t`.`diretoria`, `a`.`cod` as `coda`, `a`.`descricao` as `descata`, `a`.`participantes`
FROM `tbtopicos` `t`
JOIN `tbenvolvidos` `e` ON `e`.`cod` = `t`.`codresponsavel`
JOIN `tbstatus` `s` ON `s`.`cod` = `t`.`codstatus`
JOIN `tbatas` `a` ON `a`.`cod` = `t`.`codata`
JOIN `tbsetores` `st` ON `st`.`cod` = `a`.`codsetor`
WHERE `st`.`cod` = :st.cod:
ORDER BY `t`.`cod` DESC', [...], false)
 2 APPPATH\Controllers\Topicos.php(55): CodeIgniter\Database\BaseBuilder->get()
 3 APPPATH\Controllers\Topicos.php(137): App\Controllers\Topicos->dadosReuniao(1)
 4 SYSTEMPATH\CodeIgniter.php(934): App\Controllers\Topicos->topicosAudiplanner()
 5 SYSTEMPATH\CodeIgniter.php(499): CodeIgniter\CodeIgniter->runController(Object(App\Controllers\Topicos))
 6 SYSTEMPATH\CodeIgniter.php(368): CodeIgniter\CodeIgniter->handleRequest(null, Object(Config\Cache), false)
 7 FCPATH\index.php(67): CodeIgniter\CodeIgniter->run()
INFO - 2023-01-30 18:40:13 --> Session: Class initialized using 'CodeIgniter\Session\Handlers\FileHandler' driver.
WARNING - 2023-01-30 18:40:13 --> Session: Sessions is enabled, and one exists.Please don't $session->start();
ERROR - 2023-01-30 18:40:15 --> mysqli_sql_exception: Unknown column 'a.participantes' in 'field list' in F:\Projetos\intramet\system\Database\MySQLi\Connection.php:295
Stack trace:
#0 F:\Projetos\intramet\system\Database\MySQLi\Connection.php(295): mysqli->query('SELECT `a`.`cod...', 0)
#1 F:\Projetos\intramet\system\Database\BaseConnection.php(691): CodeIgniter\Database\MySQLi\Connection->execute('SELECT `a`.`cod...')
#2 F:\Projetos\intramet\system\Database\BaseConnection.php(605): CodeIgniter\Database\BaseConnection->simpleQuery('SELECT `a`.`cod...')
#3 F:\Projetos\intramet\system\Database\BaseBuilder.php(1602): CodeIgniter\Database\BaseConnection->query('SELECT `a`.`cod...', Array, false)
#4 F:\Projetos\intramet\app\Controllers\Atas.php(27): CodeIgniter\Database\BaseBuilder->get()
#5 F:\Projetos\intramet\app\Controllers\Atas.php(52): App\Controllers\Atas->dadosAtas()
#6 F:\Projetos\intramet\system\CodeIgniter.php(934): App\Controllers\Atas->index()
#7 F:\Projetos\intramet\system\CodeIgniter.php(499): CodeIgniter\CodeIgniter->runController(Object(App\Controllers\Atas))
#8 F:\Projetos\intramet\system\CodeIgniter.php(368): CodeIgniter\CodeIgniter->handleRequest(NULL, Object(Config\Cache), false)
#9 F:\Projetos\intramet\public\index.php(67): CodeIgniter\CodeIgniter->run()
#10 {main}
CRITICAL - 2023-01-30 18:40:15 --> Unknown column 'a.participantes' in 'field list'
in SYSTEMPATH\Database\BaseConnection.php on line 645.
 1 SYSTEMPATH\Database\BaseBuilder.php(1602): CodeIgniter\Database\BaseConnection->query('SELECT `a`.`cod`, `a`.`data`, `a`.`descricao`, `s`.`descricao` as `descsetor`, `a`.`participantes`
FROM `tbatas` `a`
JOIN `tbsetores` `s` ON `s`.`cod` = `a`.`codsetor`
ORDER BY `a`.`cod` DESC', [], false)
 2 APPPATH\Controllers\Atas.php(27): CodeIgniter\Database\BaseBuilder->get()
 3 APPPATH\Controllers\Atas.php(52): App\Controllers\Atas->dadosAtas()
 4 SYSTEMPATH\CodeIgniter.php(934): App\Controllers\Atas->index()
 5 SYSTEMPATH\CodeIgniter.php(499): CodeIgniter\CodeIgniter->runController(Object(App\Controllers\Atas))
 6 SYSTEMPATH\CodeIgniter.php(368): CodeIgniter\CodeIgniter->handleRequest(null, Object(Config\Cache), false)
 7 FCPATH\index.php(67): CodeIgniter\CodeIgniter->run()
INFO - 2023-01-30 18:43:18 --> Session: Class initialized using 'CodeIgniter\Session\Handlers\FileHandler' driver.
CRITICAL - 2023-01-30 18:43:18 --> Undefined array key "descsetor"
in APPPATH\Views\grid_atas.php on line 48.
 1 APPPATH\Views\grid_atas.php(48): CodeIgniter\Debug\Exceptions->errorHandler(2, 'Undefined array key "descsetor"', 'APPPATH\\Views\\grid_atas.php', 48)
 2 SYSTEMPATH\View\View.php(213): include('APPPATH\\Views\\grid_atas.php')
 3 SYSTEMPATH\View\View.php(216): CodeIgniter\View\View->CodeIgniter\View\{closure}()
 4 SYSTEMPATH\Common.php(1177): CodeIgniter\View\View->render('grid_atas', [], true)
 5 APPPATH\Controllers\Atas.php(21): view('grid_atas', [...])
 6 SYSTEMPATH\CodeIgniter.php(934): App\Controllers\Atas->index()
 7 SYSTEMPATH\CodeIgniter.php(499): CodeIgniter\CodeIgniter->runController(Object(App\Controllers\Atas))
 8 SYSTEMPATH\CodeIgniter.php(368): CodeIgniter\CodeIgniter->handleRequest(null, Object(Config\Cache), false)
 9 FCPATH\index.php(67): CodeIgniter\CodeIgniter->run()
CRITICAL - 2023-01-30 18:44:44 --> Invalid file: "grid_atas.php"
in SYSTEMPATH\Exceptions\FrameworkException.php on line 33.
 1 SYSTEMPATH\View\View.php(201): CodeIgniter\Exceptions\FrameworkException::forInvalidFile('grid_atas.php')
 2 SYSTEMPATH\Common.php(1177): CodeIgniter\View\View->render('grid_atas', [], true)
 3 APPPATH\Controllers\Atas.php(21): view('grid_atas', [...])
 4 SYSTEMPATH\CodeIgniter.php(934): App\Controllers\Atas->index()
 5 SYSTEMPATH\CodeIgniter.php(499): CodeIgniter\CodeIgniter->runController(Object(App\Controllers\Atas))
 6 SYSTEMPATH\CodeIgniter.php(368): CodeIgniter\CodeIgniter->handleRequest(null, Object(Config\Cache), false)
 7 FCPATH\index.php(67): CodeIgniter\CodeIgniter->run()
INFO - 2023-01-30 18:44:55 --> Session: Class initialized using 'CodeIgniter\Session\Handlers\FileHandler' driver.
INFO - 2023-01-30 18:45:10 --> Session: Class initialized using 'CodeIgniter\Session\Handlers\FileHandler' driver.
INFO - 2023-01-30 18:47:01 --> Session: Class initialized using 'CodeIgniter\Session\Handlers\FileHandler' driver.
INFO - 2023-01-30 18:47:03 --> Session: Class initialized using 'CodeIgniter\Session\Handlers\FileHandler' driver.
INFO - 2023-01-30 18:49:26 --> Session: Class initialized using 'CodeIgniter\Session\Handlers\FileHandler' driver.
INFO - 2023-01-30 18:49:28 --> Session: Class initialized using 'CodeIgniter\Session\Handlers\FileHandler' driver.
INFO - 2023-01-30 18:49:40 --> Session: Class initialized using 'CodeIgniter\Session\Handlers\FileHandler' driver.
INFO - 2023-01-30 18:54:22 --> Session: Class initialized using 'CodeIgniter\Session\Handlers\FileHandler' driver.
INFO - 2023-01-30 18:54:26 --> Session: Class initialized using 'CodeIgniter\Session\Handlers\FileHandler' driver.
INFO - 2023-01-30 18:54:28 --> Session: Class initialized using 'CodeIgniter\Session\Handlers\FileHandler' driver.
INFO - 2023-01-30 18:54:35 --> Session: Class initialized using 'CodeIgniter\Session\Handlers\FileHandler' driver.
ERROR - 2023-01-30 18:57:08 --> mysqli_sql_exception: Unknown column 'a.participantes' in 'field list' in F:\Projetos\intramet\system\Database\MySQLi\Connection.php:295
Stack trace:
#0 F:\Projetos\intramet\system\Database\MySQLi\Connection.php(295): mysqli->query('SELECT `a`.`dat...', 0)
#1 F:\Projetos\intramet\system\Database\BaseConnection.php(691): CodeIgniter\Database\MySQLi\Connection->execute('SELECT `a`.`dat...')
#2 F:\Projetos\intramet\system\Database\BaseConnection.php(605): CodeIgniter\Database\BaseConnection->simpleQuery('SELECT `a`.`dat...')
#3 F:\Projetos\intramet\system\Database\BaseBuilder.php(1602): CodeIgniter\Database\BaseConnection->query('SELECT `a`.`dat...', Array, false)
#4 F:\Projetos\intramet\app\Controllers\Topicos.php(55): CodeIgniter\Database\BaseBuilder->get()
#5 F:\Projetos\intramet\app\Controllers\Topicos.php(137): App\Controllers\Topicos->dadosReuniao(1)
#6 F:\Projetos\intramet\system\CodeIgniter.php(934): App\Controllers\Topicos->topicosAudiplanner()
#7 F:\Projetos\intramet\system\CodeIgniter.php(499): CodeIgniter\CodeIgniter->runController(Object(App\Controllers\Topicos))
#8 F:\Projetos\intramet\system\CodeIgniter.php(368): CodeIgniter\CodeIgniter->handleRequest(NULL, Object(Config\Cache), false)
#9 F:\Projetos\intramet\public\index.php(67): CodeIgniter\CodeIgniter->run()
#10 {main}
CRITICAL - 2023-01-30 18:57:08 --> Unknown column 'a.participantes' in 'field list'
in SYSTEMPATH\Database\BaseConnection.php on line 645.
 1 SYSTEMPATH\Database\BaseBuilder.php(1602): CodeIgniter\Database\BaseConnection->query('SELECT `a`.`data`, `st`.`descricao` as `descsetor`, `t`.`cod` as `codt`, `t`.`assunto`, `t`.`descricao`, `e`.`nome`, `s`.`descricao` as `descstatus`, `t`.`diretoria`, `a`.`cod` as `coda`, `a`.`descricao` as `descata`, `a`.`participantes`
FROM `tbtopicos` `t`
JOIN `tbenvolvidos` `e` ON `e`.`cod` = `t`.`codresponsavel`
JOIN `tbstatus` `s` ON `s`.`cod` = `t`.`codstatus`
JOIN `tbatas` `a` ON `a`.`cod` = `t`.`codata`
JOIN `tbsetores` `st` ON `st`.`cod` = `a`.`codsetor`
WHERE `st`.`cod` = :st.cod:
ORDER BY `t`.`cod` DESC', [...], false)
 2 APPPATH\Controllers\Topicos.php(55): CodeIgniter\Database\BaseBuilder->get()
 3 APPPATH\Controllers\Topicos.php(137): App\Controllers\Topicos->dadosReuniao(1)
 4 SYSTEMPATH\CodeIgniter.php(934): App\Controllers\Topicos->topicosAudiplanner()
 5 SYSTEMPATH\CodeIgniter.php(499): CodeIgniter\CodeIgniter->runController(Object(App\Controllers\Topicos))
 6 SYSTEMPATH\CodeIgniter.php(368): CodeIgniter\CodeIgniter->handleRequest(null, Object(Config\Cache), false)
 7 FCPATH\index.php(67): CodeIgniter\CodeIgniter->run()
INFO - 2023-01-30 19:07:35 --> Session: Class initialized using 'CodeIgniter\Session\Handlers\FileHandler' driver.
INFO - 2023-01-30 19:11:42 --> Session: Class initialized using 'CodeIgniter\Session\Handlers\FileHandler' driver.
INFO - 2023-01-30 19:35:53 --> Session: Class initialized using 'CodeIgniter\Session\Handlers\FileHandler' driver.
CRITICAL - 2023-01-30 19:35:55 --> Undefined array key 6
in APPPATH\Controllers\Topicos.php on line 79.
 1 APPPATH\Controllers\Topicos.php(79): CodeIgniter\Debug\Exceptions->errorHandler(2, 'Undefined array key 6', 'APPPATH\\Controllers\\Topicos.php', 79)
 2 SYSTEMPATH\CodeIgniter.php(934): App\Controllers\Topicos->index()
 3 SYSTEMPATH\CodeIgniter.php(499): CodeIgniter\CodeIgniter->runController(Object(App\Controllers\Topicos))
 4 SYSTEMPATH\CodeIgniter.php(368): CodeIgniter\CodeIgniter->handleRequest(null, Object(Config\Cache), false)
 5 FCPATH\index.php(67): CodeIgniter\CodeIgniter->run()
INFO - 2023-01-30 19:36:13 --> Session: Class initialized using 'CodeIgniter\Session\Handlers\FileHandler' driver.
INFO - 2023-01-30 19:36:15 --> Session: Class initialized using 'CodeIgniter\Session\Handlers\FileHandler' driver.
CRITICAL - 2023-01-30 19:36:15 --> Undefined variable $cor
in APPPATH\Views\topicos.php on line 21.
 1 APPPATH\Views\topicos.php(21): CodeIgniter\Debug\Exceptions->errorHandler(2, 'Undefined variable $cor', 'APPPATH\\Views\\topicos.php', 21)
 2 SYSTEMPATH\View\View.php(213): include('APPPATH\\Views\\topicos.php')
 3 SYSTEMPATH\View\View.php(216): CodeIgniter\View\View->CodeIgniter\View\{closure}()
 4 SYSTEMPATH\Common.php(1177): CodeIgniter\View\View->render('topicos', [], true)
 5 APPPATH\Controllers\Topicos.php(81): view('topicos', [...])
 6 SYSTEMPATH\CodeIgniter.php(934): App\Controllers\Topicos->index()
 7 SYSTEMPATH\CodeIgniter.php(499): CodeIgniter\CodeIgniter->runController(Object(App\Controllers\Topicos))
 8 SYSTEMPATH\CodeIgniter.php(368): CodeIgniter\CodeIgniter->handleRequest(null, Object(Config\Cache), false)
 9 FCPATH\index.php(67): CodeIgniter\CodeIgniter->run()
INFO - 2023-01-30 19:40:20 --> Session: Class initialized using 'CodeIgniter\Session\Handlers\FileHandler' driver.
CRITICAL - 2023-01-30 19:40:21 --> Undefined array key "codt"
in APPPATH\Views\topicos.php on line 58.
 1 APPPATH\Views\topicos.php(58): CodeIgniter\Debug\Exceptions->errorHandler(2, 'Undefined array key "codt"', 'APPPATH\\Views\\topicos.php', 58)
 2 SYSTEMPATH\View\View.php(213): include('APPPATH\\Views\\topicos.php')
 3 SYSTEMPATH\View\View.php(216): CodeIgniter\View\View->CodeIgniter\View\{closure}()
 4 SYSTEMPATH\Common.php(1177): CodeIgniter\View\View->render('topicos', [], true)
 5 APPPATH\Controllers\Topicos.php(81): view('topicos', [...])
 6 SYSTEMPATH\CodeIgniter.php(934): App\Controllers\Topicos->index()
 7 SYSTEMPATH\CodeIgniter.php(499): CodeIgniter\CodeIgniter->runController(Object(App\Controllers\Topicos))
 8 SYSTEMPATH\CodeIgniter.php(368): CodeIgniter\CodeIgniter->handleRequest(null, Object(Config\Cache), false)
 9 FCPATH\index.php(67): CodeIgniter\CodeIgniter->run()
INFO - 2023-01-30 19:41:08 --> Session: Class initialized using 'CodeIgniter\Session\Handlers\FileHandler' driver.
CRITICAL - 2023-01-30 19:41:08 --> Undefined array key "cod"
in APPPATH\Views\topicos.php on line 58.
 1 APPPATH\Views\topicos.php(58): CodeIgniter\Debug\Exceptions->errorHandler(2, 'Undefined array key "cod"', 'APPPATH\\Views\\topicos.php', 58)
 2 SYSTEMPATH\View\View.php(213): include('APPPATH\\Views\\topicos.php')
 3 SYSTEMPATH\View\View.php(216): CodeIgniter\View\View->CodeIgniter\View\{closure}()
 4 SYSTEMPATH\Common.php(1177): CodeIgniter\View\View->render('topicos', [], true)
 5 APPPATH\Controllers\Topicos.php(81): view('topicos', [...])
 6 SYSTEMPATH\CodeIgniter.php(934): App\Controllers\Topicos->index()
 7 SYSTEMPATH\CodeIgniter.php(499): CodeIgniter\CodeIgniter->runController(Object(App\Controllers\Topicos))
 8 SYSTEMPATH\CodeIgniter.php(368): CodeIgniter\CodeIgniter->handleRequest(null, Object(Config\Cache), false)
 9 FCPATH\index.php(67): CodeIgniter\CodeIgniter->run()
INFO - 2023-01-30 19:42:08 --> Session: Class initialized using 'CodeIgniter\Session\Handlers\FileHandler' driver.
CRITICAL - 2023-01-30 19:42:08 --> Undefined array key "descsetor"
in APPPATH\Views\topicos.php on line 58.
 1 APPPATH\Views\topicos.php(58): CodeIgniter\Debug\Exceptions->errorHandler(2, 'Undefined array key "descsetor"', 'APPPATH\\Views\\topicos.php', 58)
 2 SYSTEMPATH\View\View.php(213): include('APPPATH\\Views\\topicos.php')
 3 SYSTEMPATH\View\View.php(216): CodeIgniter\View\View->CodeIgniter\View\{closure}()
 4 SYSTEMPATH\Common.php(1177): CodeIgniter\View\View->render('topicos', [], true)
 5 APPPATH\Controllers\Topicos.php(81): view('topicos', [...])
 6 SYSTEMPATH\CodeIgniter.php(934): App\Controllers\Topicos->index()
 7 SYSTEMPATH\CodeIgniter.php(499): CodeIgniter\CodeIgniter->runController(Object(App\Controllers\Topicos))
 8 SYSTEMPATH\CodeIgniter.php(368): CodeIgniter\CodeIgniter->handleRequest(null, Object(Config\Cache), false)
 9 FCPATH\index.php(67): CodeIgniter\CodeIgniter->run()
INFO - 2023-01-30 19:43:02 --> Session: Class initialized using 'CodeIgniter\Session\Handlers\FileHandler' driver.
CRITICAL - 2023-01-30 19:43:02 --> Undefined array key "descricao"
in APPPATH\Views\topicos.php on line 67.
 1 APPPATH\Views\topicos.php(67): CodeIgniter\Debug\Exceptions->errorHandler(2, 'Undefined array key "descricao"', 'APPPATH\\Views\\topicos.php', 67)
 2 SYSTEMPATH\View\View.php(213): include('APPPATH\\Views\\topicos.php')
 3 SYSTEMPATH\View\View.php(216): CodeIgniter\View\View->CodeIgniter\View\{closure}()
 4 SYSTEMPATH\Common.php(1177): CodeIgniter\View\View->render('topicos', [], true)
 5 APPPATH\Controllers\Topicos.php(81): view('topicos', [...])
 6 SYSTEMPATH\CodeIgniter.php(934): App\Controllers\Topicos->index()
 7 SYSTEMPATH\CodeIgniter.php(499): CodeIgniter\CodeIgniter->runController(Object(App\Controllers\Topicos))
 8 SYSTEMPATH\CodeIgniter.php(368): CodeIgniter\CodeIgniter->handleRequest(null, Object(Config\Cache), false)
 9 FCPATH\index.php(67): CodeIgniter\CodeIgniter->run()
INFO - 2023-01-30 19:43:14 --> Session: Class initialized using 'CodeIgniter\Session\Handlers\FileHandler' driver.
INFO - 2023-01-30 19:58:12 --> Session: Class initialized using 'CodeIgniter\Session\Handlers\FileHandler' driver.
INFO - 2023-01-30 20:11:46 --> Session: Class initialized using 'CodeIgniter\Session\Handlers\FileHandler' driver.
INFO - 2023-01-30 20:14:05 --> Session: Class initialized using 'CodeIgniter\Session\Handlers\FileHandler' driver.
INFO - 2023-01-30 20:14:41 --> Session: Class initialized using 'CodeIgniter\Session\Handlers\FileHandler' driver.
