ERROR - 2023-01-22 16:11:13 --> mysqli_sql_exception: Cannot add or update a child row: a foreign key constraint fails (`intranet`.`tbtopicos`, CONSTRAINT `fk_responsavel` FOREIGN KEY (`codresponsavel`) REFERENCES `tbenvolvidos` (`cod`)) in F:\Projetos\intramet\system\Database\MySQLi\Connection.php:295
Stack trace:
#0 F:\Projetos\intramet\system\Database\MySQLi\Connection.php(295): mysqli->query('INSERT INTO `tb...', 0)
#1 F:\Projetos\intramet\system\Database\BaseConnection.php(691): CodeIgniter\Database\MySQLi\Connection->execute('INSERT INTO `tb...')
#2 F:\Projetos\intramet\system\Database\BaseConnection.php(605): CodeIgniter\Database\BaseConnection->simpleQuery('INSERT INTO `tb...')
#3 F:\Projetos\intramet\system\Database\BaseBuilder.php(2295): CodeIgniter\Database\BaseConnection->query('INSERT INTO `tb...', Array, false)
#4 F:\Projetos\intramet\system\Model.php(329): CodeIgniter\Database\BaseBuilder->insert()
#5 F:\Projetos\intramet\system\BaseModel.php(782): CodeIgniter\Model->doInsert(Array)
#6 F:\Projetos\intramet\system\Model.php(729): CodeIgniter\BaseModel->insert(Array, false)
#7 F:\Projetos\intramet\system\BaseModel.php(692): CodeIgniter\Model->insert(Array, false)
#8 F:\Projetos\intramet\app\Controllers\Topicos.php(98): CodeIgniter\BaseModel->save(Array)
#9 F:\Projetos\intramet\system\CodeIgniter.php(934): App\Controllers\Topicos->salvar()
#10 F:\Projetos\intramet\system\CodeIgniter.php(499): CodeIgniter\CodeIgniter->runController(Object(App\Controllers\Topicos))
#11 F:\Projetos\intramet\system\CodeIgniter.php(368): CodeIgniter\CodeIgniter->handleRequest(NULL, Object(Config\Cache), false)
#12 F:\Projetos\intramet\public\index.php(67): CodeIgniter\CodeIgniter->run()
#13 {main}
CRITICAL - 2023-01-22 16:11:13 --> Cannot add or update a child row: a foreign key constraint fails (`intranet`.`tbtopicos`, CONSTRAINT `fk_responsavel` FOREIGN KEY (`codresponsavel`) REFERENCES `tbenvolvidos` (`cod`))
in SYSTEMPATH\Database\BaseConnection.php on line 645.
 1 SYSTEMPATH\Database\BaseBuilder.php(2295): CodeIgniter\Database\BaseConnection->query('INSERT INTO `tbtopicos` (`codata`, `assunto`, `providencia`, `codresponsavel`, `codstatus`) VALUES (:codata:, :assunto:, :providencia:, :codresponsavel:, :codstatus:)', [...], false)
 2 SYSTEMPATH\Model.php(329): CodeIgniter\Database\BaseBuilder->insert()
 3 SYSTEMPATH\BaseModel.php(782): CodeIgniter\Model->doInsert([...])
 4 SYSTEMPATH\Model.php(729): CodeIgniter\BaseModel->insert([...], false)
 5 SYSTEMPATH\BaseModel.php(692): CodeIgniter\Model->insert([...], false)
 6 APPPATH\Controllers\Topicos.php(98): CodeIgniter\BaseModel->save([...])
 7 SYSTEMPATH\CodeIgniter.php(934): App\Controllers\Topicos->salvar()
 8 SYSTEMPATH\CodeIgniter.php(499): CodeIgniter\CodeIgniter->runController(Object(App\Controllers\Topicos))
 9 SYSTEMPATH\CodeIgniter.php(368): CodeIgniter\CodeIgniter->handleRequest(null, Object(Config\Cache), false)
10 FCPATH\index.php(67): CodeIgniter\CodeIgniter->run()
CRITICAL - 2023-01-22 19:15:13 --> Too few arguments to function App\Controllers\Setores::apagar(), 0 passed in F:\Projetos\intramet\system\CodeIgniter.php on line 934 and exactly 1 expected
in APPPATH\Controllers\Setores.php on line 37.
 1 SYSTEMPATH\CodeIgniter.php(934): App\Controllers\Setores->apagar()
 2 SYSTEMPATH\CodeIgniter.php(499): CodeIgniter\CodeIgniter->runController(Object(App\Controllers\Setores))
 3 SYSTEMPATH\CodeIgniter.php(368): CodeIgniter\CodeIgniter->handleRequest(null, Object(Config\Cache), false)
 4 FCPATH\index.php(67): CodeIgniter\CodeIgniter->run()
CRITICAL - 2023-01-22 19:15:58 --> Too few arguments to function App\Controllers\Setores::apagar(), 0 passed in F:\Projetos\intramet\system\CodeIgniter.php on line 934 and exactly 1 expected
in APPPATH\Controllers\Setores.php on line 37.
 1 SYSTEMPATH\CodeIgniter.php(934): App\Controllers\Setores->apagar()
 2 SYSTEMPATH\CodeIgniter.php(499): CodeIgniter\CodeIgniter->runController(Object(App\Controllers\Setores))
 3 SYSTEMPATH\CodeIgniter.php(368): CodeIgniter\CodeIgniter->handleRequest(null, Object(Config\Cache), false)
 4 FCPATH\index.php(67): CodeIgniter\CodeIgniter->run()
ERROR - 2023-01-22 19:16:28 --> mysqli_sql_exception: Unknown column 'tbsetores.deleted_at' in 'where clause' in F:\Projetos\intramet\system\Database\MySQLi\Connection.php:295
Stack trace:
#0 F:\Projetos\intramet\system\Database\MySQLi\Connection.php(295): mysqli->query('SELECT *\nFROM `...', 0)
#1 F:\Projetos\intramet\system\Database\BaseConnection.php(691): CodeIgniter\Database\MySQLi\Connection->execute('SELECT *\nFROM `...')
#2 F:\Projetos\intramet\system\Database\BaseConnection.php(605): CodeIgniter\Database\BaseConnection->simpleQuery('SELECT *\nFROM `...')
#3 F:\Projetos\intramet\system\Database\BaseBuilder.php(1602): CodeIgniter\Database\BaseConnection->query('SELECT *\nFROM `...', Array, false)
#4 F:\Projetos\intramet\system\Model.php(240): CodeIgniter\Database\BaseBuilder->get()
#5 F:\Projetos\intramet\system\BaseModel.php(618): CodeIgniter\Model->doFindAll(0, 0)
#6 F:\Projetos\intramet\app\Controllers\Setores.php(20): CodeIgniter\BaseModel->findAll()
#7 F:\Projetos\intramet\system\CodeIgniter.php(934): App\Controllers\Setores->index()
#8 F:\Projetos\intramet\system\CodeIgniter.php(499): CodeIgniter\CodeIgniter->runController(Object(App\Controllers\Setores))
#9 F:\Projetos\intramet\system\CodeIgniter.php(368): CodeIgniter\CodeIgniter->handleRequest(NULL, Object(Config\Cache), false)
#10 F:\Projetos\intramet\public\index.php(67): CodeIgniter\CodeIgniter->run()
#11 {main}
CRITICAL - 2023-01-22 19:16:28 --> Unknown column 'tbsetores.deleted_at' in 'where clause'
in SYSTEMPATH\Database\BaseConnection.php on line 645.
 1 SYSTEMPATH\Database\BaseBuilder.php(1602): CodeIgniter\Database\BaseConnection->query('SELECT *
FROM `tbsetores`
WHERE `tbsetores`.`deleted_at` IS NULL', [], false)
 2 SYSTEMPATH\Model.php(240): CodeIgniter\Database\BaseBuilder->get()
 3 SYSTEMPATH\BaseModel.php(618): CodeIgniter\Model->doFindAll(0, 0)
 4 APPPATH\Controllers\Setores.php(20): CodeIgniter\BaseModel->findAll()
 5 SYSTEMPATH\CodeIgniter.php(934): App\Controllers\Setores->index()
 6 SYSTEMPATH\CodeIgniter.php(499): CodeIgniter\CodeIgniter->runController(Object(App\Controllers\Setores))
 7 SYSTEMPATH\CodeIgniter.php(368): CodeIgniter\CodeIgniter->handleRequest(null, Object(Config\Cache), false)
 8 FCPATH\index.php(67): CodeIgniter\CodeIgniter->run()
ERROR - 2023-01-22 19:16:32 --> mysqli_sql_exception: Unknown column 'tbsetores.deleted_at' in 'where clause' in F:\Projetos\intramet\system\Database\MySQLi\Connection.php:295
Stack trace:
#0 F:\Projetos\intramet\system\Database\MySQLi\Connection.php(295): mysqli->query('SELECT *\nFROM `...', 0)
#1 F:\Projetos\intramet\system\Database\BaseConnection.php(691): CodeIgniter\Database\MySQLi\Connection->execute('SELECT *\nFROM `...')
#2 F:\Projetos\intramet\system\Database\BaseConnection.php(605): CodeIgniter\Database\BaseConnection->simpleQuery('SELECT *\nFROM `...')
#3 F:\Projetos\intramet\system\Database\BaseBuilder.php(1602): CodeIgniter\Database\BaseConnection->query('SELECT *\nFROM `...', Array, false)
#4 F:\Projetos\intramet\system\Model.php(240): CodeIgniter\Database\BaseBuilder->get()
#5 F:\Projetos\intramet\system\BaseModel.php(618): CodeIgniter\Model->doFindAll(0, 0)
#6 F:\Projetos\intramet\app\Controllers\Setores.php(20): CodeIgniter\BaseModel->findAll()
#7 F:\Projetos\intramet\system\CodeIgniter.php(934): App\Controllers\Setores->index()
#8 F:\Projetos\intramet\system\CodeIgniter.php(499): CodeIgniter\CodeIgniter->runController(Object(App\Controllers\Setores))
#9 F:\Projetos\intramet\system\CodeIgniter.php(368): CodeIgniter\CodeIgniter->handleRequest(NULL, Object(Config\Cache), false)
#10 F:\Projetos\intramet\public\index.php(67): CodeIgniter\CodeIgniter->run()
#11 {main}
CRITICAL - 2023-01-22 19:16:32 --> Unknown column 'tbsetores.deleted_at' in 'where clause'
in SYSTEMPATH\Database\BaseConnection.php on line 645.
 1 SYSTEMPATH\Database\BaseBuilder.php(1602): CodeIgniter\Database\BaseConnection->query('SELECT *
FROM `tbsetores`
WHERE `tbsetores`.`deleted_at` IS NULL', [], false)
 2 SYSTEMPATH\Model.php(240): CodeIgniter\Database\BaseBuilder->get()
 3 SYSTEMPATH\BaseModel.php(618): CodeIgniter\Model->doFindAll(0, 0)
 4 APPPATH\Controllers\Setores.php(20): CodeIgniter\BaseModel->findAll()
 5 SYSTEMPATH\CodeIgniter.php(934): App\Controllers\Setores->index()
 6 SYSTEMPATH\CodeIgniter.php(499): CodeIgniter\CodeIgniter->runController(Object(App\Controllers\Setores))
 7 SYSTEMPATH\CodeIgniter.php(368): CodeIgniter\CodeIgniter->handleRequest(null, Object(Config\Cache), false)
 8 FCPATH\index.php(67): CodeIgniter\CodeIgniter->run()
ERROR - 2023-01-22 19:16:47 --> mysqli_sql_exception: Unknown column 'tbsetores.deleted_at' in 'where clause' in F:\Projetos\intramet\system\Database\MySQLi\Connection.php:295
Stack trace:
#0 F:\Projetos\intramet\system\Database\MySQLi\Connection.php(295): mysqli->query('SELECT *\nFROM `...', 0)
#1 F:\Projetos\intramet\system\Database\BaseConnection.php(691): CodeIgniter\Database\MySQLi\Connection->execute('SELECT *\nFROM `...')
#2 F:\Projetos\intramet\system\Database\BaseConnection.php(605): CodeIgniter\Database\BaseConnection->simpleQuery('SELECT *\nFROM `...')
#3 F:\Projetos\intramet\system\Database\BaseBuilder.php(1602): CodeIgniter\Database\BaseConnection->query('SELECT *\nFROM `...', Array, false)
#4 F:\Projetos\intramet\system\Model.php(240): CodeIgniter\Database\BaseBuilder->get()
#5 F:\Projetos\intramet\system\BaseModel.php(618): CodeIgniter\Model->doFindAll(0, 0)
#6 F:\Projetos\intramet\app\Controllers\Setores.php(20): CodeIgniter\BaseModel->findAll()
#7 F:\Projetos\intramet\system\CodeIgniter.php(934): App\Controllers\Setores->index()
#8 F:\Projetos\intramet\system\CodeIgniter.php(499): CodeIgniter\CodeIgniter->runController(Object(App\Controllers\Setores))
#9 F:\Projetos\intramet\system\CodeIgniter.php(368): CodeIgniter\CodeIgniter->handleRequest(NULL, Object(Config\Cache), false)
#10 F:\Projetos\intramet\public\index.php(67): CodeIgniter\CodeIgniter->run()
#11 {main}
CRITICAL - 2023-01-22 19:16:47 --> Unknown column 'tbsetores.deleted_at' in 'where clause'
in SYSTEMPATH\Database\BaseConnection.php on line 645.
 1 SYSTEMPATH\Database\BaseBuilder.php(1602): CodeIgniter\Database\BaseConnection->query('SELECT *
FROM `tbsetores`
WHERE `tbsetores`.`deleted_at` IS NULL', [], false)
 2 SYSTEMPATH\Model.php(240): CodeIgniter\Database\BaseBuilder->get()
 3 SYSTEMPATH\BaseModel.php(618): CodeIgniter\Model->doFindAll(0, 0)
 4 APPPATH\Controllers\Setores.php(20): CodeIgniter\BaseModel->findAll()
 5 SYSTEMPATH\CodeIgniter.php(934): App\Controllers\Setores->index()
 6 SYSTEMPATH\CodeIgniter.php(499): CodeIgniter\CodeIgniter->runController(Object(App\Controllers\Setores))
 7 SYSTEMPATH\CodeIgniter.php(368): CodeIgniter\CodeIgniter->handleRequest(null, Object(Config\Cache), false)
 8 FCPATH\index.php(67): CodeIgniter\CodeIgniter->run()
CRITICAL - 2023-01-22 19:24:53 --> Too few arguments to function App\Controllers\Setores::apagar(), 0 passed in F:\Projetos\intramet\system\CodeIgniter.php on line 934 and exactly 1 expected
in APPPATH\Controllers\Setores.php on line 37.
 1 SYSTEMPATH\CodeIgniter.php(934): App\Controllers\Setores->apagar()
 2 SYSTEMPATH\CodeIgniter.php(499): CodeIgniter\CodeIgniter->runController(Object(App\Controllers\Setores))
 3 SYSTEMPATH\CodeIgniter.php(368): CodeIgniter\CodeIgniter->handleRequest(null, Object(Config\Cache), false)
 4 FCPATH\index.php(67): CodeIgniter\CodeIgniter->run()
CRITICAL - 2023-01-22 19:29:07 --> Too few arguments to function App\Controllers\Setores::apagar(), 0 passed in F:\Projetos\intramet\system\CodeIgniter.php on line 934 and exactly 1 expected
in APPPATH\Controllers\Setores.php on line 37.
 1 SYSTEMPATH\CodeIgniter.php(934): App\Controllers\Setores->apagar()
 2 SYSTEMPATH\CodeIgniter.php(499): CodeIgniter\CodeIgniter->runController(Object(App\Controllers\Setores))
 3 SYSTEMPATH\CodeIgniter.php(368): CodeIgniter\CodeIgniter->handleRequest(null, Object(Config\Cache), false)
 4 FCPATH\index.php(67): CodeIgniter\CodeIgniter->run()
CRITICAL - 2023-01-22 19:34:19 --> Too few arguments to function App\Controllers\Setores::apagar(), 0 passed in F:\Projetos\intramet\system\CodeIgniter.php on line 934 and exactly 1 expected
in APPPATH\Controllers\Setores.php on line 37.
 1 SYSTEMPATH\CodeIgniter.php(934): App\Controllers\Setores->apagar()
 2 SYSTEMPATH\CodeIgniter.php(499): CodeIgniter\CodeIgniter->runController(Object(App\Controllers\Setores))
 3 SYSTEMPATH\CodeIgniter.php(368): CodeIgniter\CodeIgniter->handleRequest(null, Object(Config\Cache), false)
 4 FCPATH\index.php(67): CodeIgniter\CodeIgniter->run()
ERROR - 2023-01-22 19:34:50 --> mysqli_sql_exception: Unknown column 'tbsetores.deleted_at' in 'where clause' in F:\Projetos\intramet\system\Database\MySQLi\Connection.php:295
Stack trace:
#0 F:\Projetos\intramet\system\Database\MySQLi\Connection.php(295): mysqli->query('SELECT *\nFROM `...', 0)
#1 F:\Projetos\intramet\system\Database\BaseConnection.php(691): CodeIgniter\Database\MySQLi\Connection->execute('SELECT *\nFROM `...')
#2 F:\Projetos\intramet\system\Database\BaseConnection.php(605): CodeIgniter\Database\BaseConnection->simpleQuery('SELECT *\nFROM `...')
#3 F:\Projetos\intramet\system\Database\BaseBuilder.php(1602): CodeIgniter\Database\BaseConnection->query('SELECT *\nFROM `...', Array, false)
#4 F:\Projetos\intramet\system\Model.php(240): CodeIgniter\Database\BaseBuilder->get()
#5 F:\Projetos\intramet\system\BaseModel.php(618): CodeIgniter\Model->doFindAll(0, 0)
#6 F:\Projetos\intramet\app\Controllers\Setores.php(20): CodeIgniter\BaseModel->findAll()
#7 F:\Projetos\intramet\system\CodeIgniter.php(934): App\Controllers\Setores->index()
#8 F:\Projetos\intramet\system\CodeIgniter.php(499): CodeIgniter\CodeIgniter->runController(Object(App\Controllers\Setores))
#9 F:\Projetos\intramet\system\CodeIgniter.php(368): CodeIgniter\CodeIgniter->handleRequest(NULL, Object(Config\Cache), false)
#10 F:\Projetos\intramet\public\index.php(67): CodeIgniter\CodeIgniter->run()
#11 {main}
CRITICAL - 2023-01-22 19:34:50 --> Unknown column 'tbsetores.deleted_at' in 'where clause'
in SYSTEMPATH\Database\BaseConnection.php on line 645.
 1 SYSTEMPATH\Database\BaseBuilder.php(1602): CodeIgniter\Database\BaseConnection->query('SELECT *
FROM `tbsetores`
WHERE `tbsetores`.`deleted_at` IS NULL', [], false)
 2 SYSTEMPATH\Model.php(240): CodeIgniter\Database\BaseBuilder->get()
 3 SYSTEMPATH\BaseModel.php(618): CodeIgniter\Model->doFindAll(0, 0)
 4 APPPATH\Controllers\Setores.php(20): CodeIgniter\BaseModel->findAll()
 5 SYSTEMPATH\CodeIgniter.php(934): App\Controllers\Setores->index()
 6 SYSTEMPATH\CodeIgniter.php(499): CodeIgniter\CodeIgniter->runController(Object(App\Controllers\Setores))
 7 SYSTEMPATH\CodeIgniter.php(368): CodeIgniter\CodeIgniter->handleRequest(null, Object(Config\Cache), false)
 8 FCPATH\index.php(67): CodeIgniter\CodeIgniter->run()
CRITICAL - 2023-01-22 19:39:59 --> Too few arguments to function App\Controllers\Setores::apagar(), 0 passed in F:\Projetos\intramet\system\CodeIgniter.php on line 934 and exactly 1 expected
in APPPATH\Controllers\Setores.php on line 37.
 1 SYSTEMPATH\CodeIgniter.php(934): App\Controllers\Setores->apagar()
 2 SYSTEMPATH\CodeIgniter.php(499): CodeIgniter\CodeIgniter->runController(Object(App\Controllers\Setores))
 3 SYSTEMPATH\CodeIgniter.php(368): CodeIgniter\CodeIgniter->handleRequest(null, Object(Config\Cache), false)
 4 FCPATH\index.php(67): CodeIgniter\CodeIgniter->run()
CRITICAL - 2023-01-22 20:25:03 --> Too few arguments to function App\Controllers\Setores::apagar(), 0 passed in F:\Projetos\intramet\system\CodeIgniter.php on line 934 and exactly 1 expected
in APPPATH\Controllers\Setores.php on line 37.
 1 SYSTEMPATH\CodeIgniter.php(934): App\Controllers\Setores->apagar()
 2 SYSTEMPATH\CodeIgniter.php(499): CodeIgniter\CodeIgniter->runController(Object(App\Controllers\Setores))
 3 SYSTEMPATH\CodeIgniter.php(368): CodeIgniter\CodeIgniter->handleRequest(null, Object(Config\Cache), false)
 4 FCPATH\index.php(67): CodeIgniter\CodeIgniter->run()
CRITICAL - 2023-01-22 20:28:53 --> Too few arguments to function App\Controllers\Setores::apagar(), 0 passed in F:\Projetos\intramet\system\CodeIgniter.php on line 934 and exactly 1 expected
in APPPATH\Controllers\Setores.php on line 37.
 1 SYSTEMPATH\CodeIgniter.php(934): App\Controllers\Setores->apagar()
 2 SYSTEMPATH\CodeIgniter.php(499): CodeIgniter\CodeIgniter->runController(Object(App\Controllers\Setores))
 3 SYSTEMPATH\CodeIgniter.php(368): CodeIgniter\CodeIgniter->handleRequest(null, Object(Config\Cache), false)
 4 FCPATH\index.php(67): CodeIgniter\CodeIgniter->run()
CRITICAL - 2023-01-22 20:29:23 --> Too few arguments to function App\Controllers\Setores::apagar(), 0 passed in F:\Projetos\intramet\system\CodeIgniter.php on line 934 and exactly 1 expected
in APPPATH\Controllers\Setores.php on line 37.
 1 SYSTEMPATH\CodeIgniter.php(934): App\Controllers\Setores->apagar()
 2 SYSTEMPATH\CodeIgniter.php(499): CodeIgniter\CodeIgniter->runController(Object(App\Controllers\Setores))
 3 SYSTEMPATH\CodeIgniter.php(368): CodeIgniter\CodeIgniter->handleRequest(null, Object(Config\Cache), false)
 4 FCPATH\index.php(67): CodeIgniter\CodeIgniter->run()
CRITICAL - 2023-01-22 20:42:02 --> Too few arguments to function App\Controllers\Setores::apagar(), 0 passed in F:\Projetos\intramet\system\CodeIgniter.php on line 934 and exactly 1 expected
in APPPATH\Controllers\Setores.php on line 37.
 1 SYSTEMPATH\CodeIgniter.php(934): App\Controllers\Setores->apagar()
 2 SYSTEMPATH\CodeIgniter.php(499): CodeIgniter\CodeIgniter->runController(Object(App\Controllers\Setores))
 3 SYSTEMPATH\CodeIgniter.php(368): CodeIgniter\CodeIgniter->handleRequest(null, Object(Config\Cache), false)
 4 FCPATH\index.php(67): CodeIgniter\CodeIgniter->run()
CRITICAL - 2023-01-22 20:42:29 --> Too few arguments to function App\Controllers\Setores::apagar(), 0 passed in F:\Projetos\intramet\system\CodeIgniter.php on line 934 and exactly 1 expected
in APPPATH\Controllers\Setores.php on line 37.
 1 SYSTEMPATH\CodeIgniter.php(934): App\Controllers\Setores->apagar()
 2 SYSTEMPATH\CodeIgniter.php(499): CodeIgniter\CodeIgniter->runController(Object(App\Controllers\Setores))
 3 SYSTEMPATH\CodeIgniter.php(368): CodeIgniter\CodeIgniter->handleRequest(null, Object(Config\Cache), false)
 4 FCPATH\index.php(67): CodeIgniter\CodeIgniter->run()
CRITICAL - 2023-01-22 20:44:47 --> Too few arguments to function App\Controllers\Setores::apagar(), 0 passed in F:\Projetos\intramet\system\CodeIgniter.php on line 934 and exactly 1 expected
in APPPATH\Controllers\Setores.php on line 37.
 1 SYSTEMPATH\CodeIgniter.php(934): App\Controllers\Setores->apagar()
 2 SYSTEMPATH\CodeIgniter.php(499): CodeIgniter\CodeIgniter->runController(Object(App\Controllers\Setores))
 3 SYSTEMPATH\CodeIgniter.php(368): CodeIgniter\CodeIgniter->handleRequest(null, Object(Config\Cache), false)
 4 FCPATH\index.php(67): CodeIgniter\CodeIgniter->run()
CRITICAL - 2023-01-22 20:50:48 --> Too few arguments to function App\Controllers\Setores::apagar(), 0 passed in F:\Projetos\intramet\system\CodeIgniter.php on line 934 and exactly 1 expected
in APPPATH\Controllers\Setores.php on line 37.
 1 SYSTEMPATH\CodeIgniter.php(934): App\Controllers\Setores->apagar()
 2 SYSTEMPATH\CodeIgniter.php(499): CodeIgniter\CodeIgniter->runController(Object(App\Controllers\Setores))
 3 SYSTEMPATH\CodeIgniter.php(368): CodeIgniter\CodeIgniter->handleRequest(null, Object(Config\Cache), false)
 4 FCPATH\index.php(67): CodeIgniter\CodeIgniter->run()
CRITICAL - 2023-01-22 20:55:09 --> Too few arguments to function App\Controllers\Setores::apagar(), 0 passed in F:\Projetos\intramet\system\CodeIgniter.php on line 934 and exactly 1 expected
in APPPATH\Controllers\Setores.php on line 37.
 1 SYSTEMPATH\CodeIgniter.php(934): App\Controllers\Setores->apagar()
 2 SYSTEMPATH\CodeIgniter.php(499): CodeIgniter\CodeIgniter->runController(Object(App\Controllers\Setores))
 3 SYSTEMPATH\CodeIgniter.php(368): CodeIgniter\CodeIgniter->handleRequest(null, Object(Config\Cache), false)
 4 FCPATH\index.php(67): CodeIgniter\CodeIgniter->run()
