CRITICAL - 2023-01-18 00:33:31 --> Cannot access offset of type string on string
in APPPATH\Views\envolvidos.php on line 41.
 1 SYSTEMPATH\View\View.php(213): include()
 2 SYSTEMPATH\View\View.php(216): CodeIgniter\View\View->CodeIgniter\View\{closure}()
 3 SYSTEMPATH\Common.php(1177): CodeIgniter\View\View->render('envolvidos', [], true)
 4 APPPATH\Controllers\Envolvidos.php(33): view('envolvidos', [...])
 5 SYSTEMPATH\CodeIgniter.php(934): App\Controllers\Envolvidos->index()
 6 SYSTEMPATH\CodeIgniter.php(499): CodeIgniter\CodeIgniter->runController(Object(App\Controllers\Envolvidos))
 7 SYSTEMPATH\CodeIgniter.php(368): CodeIgniter\CodeIgniter->handleRequest(null, Object(Config\Cache), false)
 8 FCPATH\index.php(67): CodeIgniter\CodeIgniter->run()
CRITICAL - 2023-01-18 00:33:50 --> Cannot access offset of type string on string
in APPPATH\Views\envolvidos.php on line 41.
 1 SYSTEMPATH\View\View.php(213): include()
 2 SYSTEMPATH\View\View.php(216): CodeIgniter\View\View->CodeIgniter\View\{closure}()
 3 SYSTEMPATH\Common.php(1177): CodeIgniter\View\View->render('envolvidos', [], true)
 4 APPPATH\Controllers\Envolvidos.php(33): view('envolvidos', [...])
 5 SYSTEMPATH\CodeIgniter.php(934): App\Controllers\Envolvidos->index()
 6 SYSTEMPATH\CodeIgniter.php(499): CodeIgniter\CodeIgniter->runController(Object(App\Controllers\Envolvidos))
 7 SYSTEMPATH\CodeIgniter.php(368): CodeIgniter\CodeIgniter->handleRequest(null, Object(Config\Cache), false)
 8 FCPATH\index.php(67): CodeIgniter\CodeIgniter->run()
CRITICAL - 2023-01-18 00:34:23 --> Call to undefined function 3()
in APPPATH\Views\envolvidos.php on line 41.
 1 SYSTEMPATH\View\View.php(213): include()
 2 SYSTEMPATH\View\View.php(216): CodeIgniter\View\View->CodeIgniter\View\{closure}()
 3 SYSTEMPATH\Common.php(1177): CodeIgniter\View\View->render('envolvidos', [], true)
 4 APPPATH\Controllers\Envolvidos.php(33): view('envolvidos', [...])
 5 SYSTEMPATH\CodeIgniter.php(934): App\Controllers\Envolvidos->index()
 6 SYSTEMPATH\CodeIgniter.php(499): CodeIgniter\CodeIgniter->runController(Object(App\Controllers\Envolvidos))
 7 SYSTEMPATH\CodeIgniter.php(368): CodeIgniter\CodeIgniter->handleRequest(null, Object(Config\Cache), false)
 8 FCPATH\index.php(67): CodeIgniter\CodeIgniter->run()
CRITICAL - 2023-01-18 00:35:18 --> Call to undefined function 3()
in APPPATH\Views\envolvidos.php on line 41.
 1 SYSTEMPATH\View\View.php(213): include()
 2 SYSTEMPATH\View\View.php(216): CodeIgniter\View\View->CodeIgniter\View\{closure}()
 3 SYSTEMPATH\Common.php(1177): CodeIgniter\View\View->render('envolvidos', [], true)
 4 APPPATH\Controllers\Envolvidos.php(33): view('envolvidos', [...])
 5 SYSTEMPATH\CodeIgniter.php(934): App\Controllers\Envolvidos->index()
 6 SYSTEMPATH\CodeIgniter.php(499): CodeIgniter\CodeIgniter->runController(Object(App\Controllers\Envolvidos))
 7 SYSTEMPATH\CodeIgniter.php(368): CodeIgniter\CodeIgniter->handleRequest(null, Object(Config\Cache), false)
 8 FCPATH\index.php(67): CodeIgniter\CodeIgniter->run()
CRITICAL - 2023-01-18 00:35:19 --> Call to undefined function 3()
in APPPATH\Views\envolvidos.php on line 41.
 1 SYSTEMPATH\View\View.php(213): include()
 2 SYSTEMPATH\View\View.php(216): CodeIgniter\View\View->CodeIgniter\View\{closure}()
 3 SYSTEMPATH\Common.php(1177): CodeIgniter\View\View->render('envolvidos', [], true)
 4 APPPATH\Controllers\Envolvidos.php(33): view('envolvidos', [...])
 5 SYSTEMPATH\CodeIgniter.php(934): App\Controllers\Envolvidos->index()
 6 SYSTEMPATH\CodeIgniter.php(499): CodeIgniter\CodeIgniter->runController(Object(App\Controllers\Envolvidos))
 7 SYSTEMPATH\CodeIgniter.php(368): CodeIgniter\CodeIgniter->handleRequest(null, Object(Config\Cache), false)
 8 FCPATH\index.php(67): CodeIgniter\CodeIgniter->run()
CRITICAL - 2023-01-18 00:36:19 --> Call to undefined function Amanda Araujo()
in APPPATH\Views\envolvidos.php on line 41.
 1 SYSTEMPATH\View\View.php(213): include()
 2 SYSTEMPATH\View\View.php(216): CodeIgniter\View\View->CodeIgniter\View\{closure}()
 3 SYSTEMPATH\Common.php(1177): CodeIgniter\View\View->render('envolvidos', [], true)
 4 APPPATH\Controllers\Envolvidos.php(33): view('envolvidos', [...])
 5 SYSTEMPATH\CodeIgniter.php(934): App\Controllers\Envolvidos->index()
 6 SYSTEMPATH\CodeIgniter.php(499): CodeIgniter\CodeIgniter->runController(Object(App\Controllers\Envolvidos))
 7 SYSTEMPATH\CodeIgniter.php(368): CodeIgniter\CodeIgniter->handleRequest(null, Object(Config\Cache), false)
 8 FCPATH\index.php(67): CodeIgniter\CodeIgniter->run()
CRITICAL - 2023-01-18 00:37:00 --> Call to undefined function Amanda Araujo()
in APPPATH\Views\envolvidos.php on line 41.
 1 SYSTEMPATH\View\View.php(213): include()
 2 SYSTEMPATH\View\View.php(216): CodeIgniter\View\View->CodeIgniter\View\{closure}()
 3 SYSTEMPATH\Common.php(1177): CodeIgniter\View\View->render('envolvidos', [], true)
 4 APPPATH\Controllers\Envolvidos.php(33): view('envolvidos', [...])
 5 SYSTEMPATH\CodeIgniter.php(934): App\Controllers\Envolvidos->index()
 6 SYSTEMPATH\CodeIgniter.php(499): CodeIgniter\CodeIgniter->runController(Object(App\Controllers\Envolvidos))
 7 SYSTEMPATH\CodeIgniter.php(368): CodeIgniter\CodeIgniter->handleRequest(null, Object(Config\Cache), false)
 8 FCPATH\index.php(67): CodeIgniter\CodeIgniter->run()
CRITICAL - 2023-01-18 00:37:36 --> Call to undefined function 1()
in APPPATH\Views\envolvidos.php on line 41.
 1 SYSTEMPATH\View\View.php(213): include()
 2 SYSTEMPATH\View\View.php(216): CodeIgniter\View\View->CodeIgniter\View\{closure}()
 3 SYSTEMPATH\Common.php(1177): CodeIgniter\View\View->render('envolvidos', [], true)
 4 APPPATH\Controllers\Envolvidos.php(33): view('envolvidos', [...])
 5 SYSTEMPATH\CodeIgniter.php(934): App\Controllers\Envolvidos->index()
 6 SYSTEMPATH\CodeIgniter.php(499): CodeIgniter\CodeIgniter->runController(Object(App\Controllers\Envolvidos))
 7 SYSTEMPATH\CodeIgniter.php(368): CodeIgniter\CodeIgniter->handleRequest(null, Object(Config\Cache), false)
 8 FCPATH\index.php(67): CodeIgniter\CodeIgniter->run()
CRITICAL - 2023-01-18 00:37:38 --> Call to undefined function 1()
in APPPATH\Views\envolvidos.php on line 41.
 1 SYSTEMPATH\View\View.php(213): include()
 2 SYSTEMPATH\View\View.php(216): CodeIgniter\View\View->CodeIgniter\View\{closure}()
 3 SYSTEMPATH\Common.php(1177): CodeIgniter\View\View->render('envolvidos', [], true)
 4 APPPATH\Controllers\Envolvidos.php(33): view('envolvidos', [...])
 5 SYSTEMPATH\CodeIgniter.php(934): App\Controllers\Envolvidos->index()
 6 SYSTEMPATH\CodeIgniter.php(499): CodeIgniter\CodeIgniter->runController(Object(App\Controllers\Envolvidos))
 7 SYSTEMPATH\CodeIgniter.php(368): CodeIgniter\CodeIgniter->handleRequest(null, Object(Config\Cache), false)
 8 FCPATH\index.php(67): CodeIgniter\CodeIgniter->run()
CRITICAL - 2023-01-18 00:37:38 --> Call to undefined function 1()
in APPPATH\Views\envolvidos.php on line 41.
 1 SYSTEMPATH\View\View.php(213): include()
 2 SYSTEMPATH\View\View.php(216): CodeIgniter\View\View->CodeIgniter\View\{closure}()
 3 SYSTEMPATH\Common.php(1177): CodeIgniter\View\View->render('envolvidos', [], true)
 4 APPPATH\Controllers\Envolvidos.php(33): view('envolvidos', [...])
 5 SYSTEMPATH\CodeIgniter.php(934): App\Controllers\Envolvidos->index()
 6 SYSTEMPATH\CodeIgniter.php(499): CodeIgniter\CodeIgniter->runController(Object(App\Controllers\Envolvidos))
 7 SYSTEMPATH\CodeIgniter.php(368): CodeIgniter\CodeIgniter->handleRequest(null, Object(Config\Cache), false)
 8 FCPATH\index.php(67): CodeIgniter\CodeIgniter->run()
CRITICAL - 2023-01-18 00:37:39 --> Call to undefined function 1()
in APPPATH\Views\envolvidos.php on line 41.
 1 SYSTEMPATH\View\View.php(213): include()
 2 SYSTEMPATH\View\View.php(216): CodeIgniter\View\View->CodeIgniter\View\{closure}()
 3 SYSTEMPATH\Common.php(1177): CodeIgniter\View\View->render('envolvidos', [], true)
 4 APPPATH\Controllers\Envolvidos.php(33): view('envolvidos', [...])
 5 SYSTEMPATH\CodeIgniter.php(934): App\Controllers\Envolvidos->index()
 6 SYSTEMPATH\CodeIgniter.php(499): CodeIgniter\CodeIgniter->runController(Object(App\Controllers\Envolvidos))
 7 SYSTEMPATH\CodeIgniter.php(368): CodeIgniter\CodeIgniter->handleRequest(null, Object(Config\Cache), false)
 8 FCPATH\index.php(67): CodeIgniter\CodeIgniter->run()
CRITICAL - 2023-01-18 00:43:09 --> Call to undefined function nomeSetor()
in APPPATH\Views\envolvidos.php on line 43.
 1 SYSTEMPATH\View\View.php(213): include()
 2 SYSTEMPATH\View\View.php(216): CodeIgniter\View\View->CodeIgniter\View\{closure}()
 3 SYSTEMPATH\Common.php(1177): CodeIgniter\View\View->render('envolvidos', [], true)
 4 APPPATH\Controllers\Envolvidos.php(34): view('envolvidos', [...])
 5 SYSTEMPATH\CodeIgniter.php(934): App\Controllers\Envolvidos->index()
 6 SYSTEMPATH\CodeIgniter.php(499): CodeIgniter\CodeIgniter->runController(Object(App\Controllers\Envolvidos))
 7 SYSTEMPATH\CodeIgniter.php(368): CodeIgniter\CodeIgniter->handleRequest(null, Object(Config\Cache), false)
 8 FCPATH\index.php(67): CodeIgniter\CodeIgniter->run()
CRITICAL - 2023-01-18 00:44:36 --> Object of type CodeIgniter\Database\MySQLi\Result is not callable
in APPPATH\Views\envolvidos.php on line 43.
 1 SYSTEMPATH\View\View.php(213): include()
 2 SYSTEMPATH\View\View.php(216): CodeIgniter\View\View->CodeIgniter\View\{closure}()
 3 SYSTEMPATH\Common.php(1177): CodeIgniter\View\View->render('envolvidos', [], true)
 4 APPPATH\Controllers\Envolvidos.php(34): view('envolvidos', [...])
 5 SYSTEMPATH\CodeIgniter.php(934): App\Controllers\Envolvidos->index()
 6 SYSTEMPATH\CodeIgniter.php(499): CodeIgniter\CodeIgniter->runController(Object(App\Controllers\Envolvidos))
 7 SYSTEMPATH\CodeIgniter.php(368): CodeIgniter\CodeIgniter->handleRequest(null, Object(Config\Cache), false)
 8 FCPATH\index.php(67): CodeIgniter\CodeIgniter->run()
CRITICAL - 2023-01-18 00:44:53 --> Object of type CodeIgniter\Database\MySQLi\Result is not callable
in APPPATH\Views\envolvidos.php on line 43.
 1 SYSTEMPATH\View\View.php(213): include()
 2 SYSTEMPATH\View\View.php(216): CodeIgniter\View\View->CodeIgniter\View\{closure}()
 3 SYSTEMPATH\Common.php(1177): CodeIgniter\View\View->render('envolvidos', [], true)
 4 APPPATH\Controllers\Envolvidos.php(34): view('envolvidos', [...])
 5 SYSTEMPATH\CodeIgniter.php(934): App\Controllers\Envolvidos->index()
 6 SYSTEMPATH\CodeIgniter.php(499): CodeIgniter\CodeIgniter->runController(Object(App\Controllers\Envolvidos))
 7 SYSTEMPATH\CodeIgniter.php(368): CodeIgniter\CodeIgniter->handleRequest(null, Object(Config\Cache), false)
 8 FCPATH\index.php(67): CodeIgniter\CodeIgniter->run()
CRITICAL - 2023-01-18 00:44:54 --> Object of type CodeIgniter\Database\MySQLi\Result is not callable
in APPPATH\Views\envolvidos.php on line 43.
 1 SYSTEMPATH\View\View.php(213): include()
 2 SYSTEMPATH\View\View.php(216): CodeIgniter\View\View->CodeIgniter\View\{closure}()
 3 SYSTEMPATH\Common.php(1177): CodeIgniter\View\View->render('envolvidos', [], true)
 4 APPPATH\Controllers\Envolvidos.php(34): view('envolvidos', [...])
 5 SYSTEMPATH\CodeIgniter.php(934): App\Controllers\Envolvidos->index()
 6 SYSTEMPATH\CodeIgniter.php(499): CodeIgniter\CodeIgniter->runController(Object(App\Controllers\Envolvidos))
 7 SYSTEMPATH\CodeIgniter.php(368): CodeIgniter\CodeIgniter->handleRequest(null, Object(Config\Cache), false)
 8 FCPATH\index.php(67): CodeIgniter\CodeIgniter->run()
CRITICAL - 2023-01-18 00:44:54 --> Object of type CodeIgniter\Database\MySQLi\Result is not callable
in APPPATH\Views\envolvidos.php on line 43.
 1 SYSTEMPATH\View\View.php(213): include()
 2 SYSTEMPATH\View\View.php(216): CodeIgniter\View\View->CodeIgniter\View\{closure}()
 3 SYSTEMPATH\Common.php(1177): CodeIgniter\View\View->render('envolvidos', [], true)
 4 APPPATH\Controllers\Envolvidos.php(34): view('envolvidos', [...])
 5 SYSTEMPATH\CodeIgniter.php(934): App\Controllers\Envolvidos->index()
 6 SYSTEMPATH\CodeIgniter.php(499): CodeIgniter\CodeIgniter->runController(Object(App\Controllers\Envolvidos))
 7 SYSTEMPATH\CodeIgniter.php(368): CodeIgniter\CodeIgniter->handleRequest(null, Object(Config\Cache), false)
 8 FCPATH\index.php(67): CodeIgniter\CodeIgniter->run()
CRITICAL - 2023-01-18 00:44:55 --> Object of type CodeIgniter\Database\MySQLi\Result is not callable
in APPPATH\Views\envolvidos.php on line 43.
 1 SYSTEMPATH\View\View.php(213): include()
 2 SYSTEMPATH\View\View.php(216): CodeIgniter\View\View->CodeIgniter\View\{closure}()
 3 SYSTEMPATH\Common.php(1177): CodeIgniter\View\View->render('envolvidos', [], true)
 4 APPPATH\Controllers\Envolvidos.php(34): view('envolvidos', [...])
 5 SYSTEMPATH\CodeIgniter.php(934): App\Controllers\Envolvidos->index()
 6 SYSTEMPATH\CodeIgniter.php(499): CodeIgniter\CodeIgniter->runController(Object(App\Controllers\Envolvidos))
 7 SYSTEMPATH\CodeIgniter.php(368): CodeIgniter\CodeIgniter->handleRequest(null, Object(Config\Cache), false)
 8 FCPATH\index.php(67): CodeIgniter\CodeIgniter->run()
CRITICAL - 2023-01-18 00:44:55 --> Object of type CodeIgniter\Database\MySQLi\Result is not callable
in APPPATH\Views\envolvidos.php on line 43.
 1 SYSTEMPATH\View\View.php(213): include()
 2 SYSTEMPATH\View\View.php(216): CodeIgniter\View\View->CodeIgniter\View\{closure}()
 3 SYSTEMPATH\Common.php(1177): CodeIgniter\View\View->render('envolvidos', [], true)
 4 APPPATH\Controllers\Envolvidos.php(34): view('envolvidos', [...])
 5 SYSTEMPATH\CodeIgniter.php(934): App\Controllers\Envolvidos->index()
 6 SYSTEMPATH\CodeIgniter.php(499): CodeIgniter\CodeIgniter->runController(Object(App\Controllers\Envolvidos))
 7 SYSTEMPATH\CodeIgniter.php(368): CodeIgniter\CodeIgniter->handleRequest(null, Object(Config\Cache), false)
 8 FCPATH\index.php(67): CodeIgniter\CodeIgniter->run()
CRITICAL - 2023-01-18 00:44:55 --> Object of type CodeIgniter\Database\MySQLi\Result is not callable
in APPPATH\Views\envolvidos.php on line 43.
 1 SYSTEMPATH\View\View.php(213): include()
 2 SYSTEMPATH\View\View.php(216): CodeIgniter\View\View->CodeIgniter\View\{closure}()
 3 SYSTEMPATH\Common.php(1177): CodeIgniter\View\View->render('envolvidos', [], true)
 4 APPPATH\Controllers\Envolvidos.php(34): view('envolvidos', [...])
 5 SYSTEMPATH\CodeIgniter.php(934): App\Controllers\Envolvidos->index()
 6 SYSTEMPATH\CodeIgniter.php(499): CodeIgniter\CodeIgniter->runController(Object(App\Controllers\Envolvidos))
 7 SYSTEMPATH\CodeIgniter.php(368): CodeIgniter\CodeIgniter->handleRequest(null, Object(Config\Cache), false)
 8 FCPATH\index.php(67): CodeIgniter\CodeIgniter->run()
CRITICAL - 2023-01-18 00:44:55 --> Object of type CodeIgniter\Database\MySQLi\Result is not callable
in APPPATH\Views\envolvidos.php on line 43.
 1 SYSTEMPATH\View\View.php(213): include()
 2 SYSTEMPATH\View\View.php(216): CodeIgniter\View\View->CodeIgniter\View\{closure}()
 3 SYSTEMPATH\Common.php(1177): CodeIgniter\View\View->render('envolvidos', [], true)
 4 APPPATH\Controllers\Envolvidos.php(34): view('envolvidos', [...])
 5 SYSTEMPATH\CodeIgniter.php(934): App\Controllers\Envolvidos->index()
 6 SYSTEMPATH\CodeIgniter.php(499): CodeIgniter\CodeIgniter->runController(Object(App\Controllers\Envolvidos))
 7 SYSTEMPATH\CodeIgniter.php(368): CodeIgniter\CodeIgniter->handleRequest(null, Object(Config\Cache), false)
 8 FCPATH\index.php(67): CodeIgniter\CodeIgniter->run()
CRITICAL - 2023-01-18 00:44:56 --> Object of type CodeIgniter\Database\MySQLi\Result is not callable
in APPPATH\Views\envolvidos.php on line 43.
 1 SYSTEMPATH\View\View.php(213): include()
 2 SYSTEMPATH\View\View.php(216): CodeIgniter\View\View->CodeIgniter\View\{closure}()
 3 SYSTEMPATH\Common.php(1177): CodeIgniter\View\View->render('envolvidos', [], true)
 4 APPPATH\Controllers\Envolvidos.php(34): view('envolvidos', [...])
 5 SYSTEMPATH\CodeIgniter.php(934): App\Controllers\Envolvidos->index()
 6 SYSTEMPATH\CodeIgniter.php(499): CodeIgniter\CodeIgniter->runController(Object(App\Controllers\Envolvidos))
 7 SYSTEMPATH\CodeIgniter.php(368): CodeIgniter\CodeIgniter->handleRequest(null, Object(Config\Cache), false)
 8 FCPATH\index.php(67): CodeIgniter\CodeIgniter->run()
CRITICAL - 2023-01-18 00:44:56 --> Object of type CodeIgniter\Database\MySQLi\Result is not callable
in APPPATH\Views\envolvidos.php on line 43.
 1 SYSTEMPATH\View\View.php(213): include()
 2 SYSTEMPATH\View\View.php(216): CodeIgniter\View\View->CodeIgniter\View\{closure}()
 3 SYSTEMPATH\Common.php(1177): CodeIgniter\View\View->render('envolvidos', [], true)
 4 APPPATH\Controllers\Envolvidos.php(34): view('envolvidos', [...])
 5 SYSTEMPATH\CodeIgniter.php(934): App\Controllers\Envolvidos->index()
 6 SYSTEMPATH\CodeIgniter.php(499): CodeIgniter\CodeIgniter->runController(Object(App\Controllers\Envolvidos))
 7 SYSTEMPATH\CodeIgniter.php(368): CodeIgniter\CodeIgniter->handleRequest(null, Object(Config\Cache), false)
 8 FCPATH\index.php(67): CodeIgniter\CodeIgniter->run()
CRITICAL - 2023-01-18 00:45:19 --> Value of type null is not callable
in APPPATH\Views\envolvidos.php on line 43.
 1 SYSTEMPATH\View\View.php(213): include()
 2 SYSTEMPATH\View\View.php(216): CodeIgniter\View\View->CodeIgniter\View\{closure}()
 3 SYSTEMPATH\Common.php(1177): CodeIgniter\View\View->render('envolvidos', [], true)
 4 APPPATH\Controllers\Envolvidos.php(34): view('envolvidos', [...])
 5 SYSTEMPATH\CodeIgniter.php(934): App\Controllers\Envolvidos->index()
 6 SYSTEMPATH\CodeIgniter.php(499): CodeIgniter\CodeIgniter->runController(Object(App\Controllers\Envolvidos))
 7 SYSTEMPATH\CodeIgniter.php(368): CodeIgniter\CodeIgniter->handleRequest(null, Object(Config\Cache), false)
 8 FCPATH\index.php(67): CodeIgniter\CodeIgniter->run()
CRITICAL - 2023-01-18 00:45:27 --> Object of type CodeIgniter\Database\MySQLi\Result is not callable
in APPPATH\Views\envolvidos.php on line 43.
 1 SYSTEMPATH\View\View.php(213): include()
 2 SYSTEMPATH\View\View.php(216): CodeIgniter\View\View->CodeIgniter\View\{closure}()
 3 SYSTEMPATH\Common.php(1177): CodeIgniter\View\View->render('envolvidos', [], true)
 4 APPPATH\Controllers\Envolvidos.php(34): view('envolvidos', [...])
 5 SYSTEMPATH\CodeIgniter.php(934): App\Controllers\Envolvidos->index()
 6 SYSTEMPATH\CodeIgniter.php(499): CodeIgniter\CodeIgniter->runController(Object(App\Controllers\Envolvidos))
 7 SYSTEMPATH\CodeIgniter.php(368): CodeIgniter\CodeIgniter->handleRequest(null, Object(Config\Cache), false)
 8 FCPATH\index.php(67): CodeIgniter\CodeIgniter->run()
CRITICAL - 2023-01-18 00:46:55 --> Undefined property: CodeIgniter\Database\MySQLi\Result::$row
in APPPATH\Controllers\Envolvidos.php on line 26.
 1 APPPATH\Controllers\Envolvidos.php(26): CodeIgniter\Debug\Exceptions->errorHandler(2, 'Undefined property: CodeIgniter\\Database\\MySQLi\\Result::$row', 'APPPATH\\Controllers\\Envolvidos.php', 26)
 2 APPPATH\Controllers\Envolvidos.php(34): App\Controllers\Envolvidos->nomeSetor(1)
 3 SYSTEMPATH\CodeIgniter.php(934): App\Controllers\Envolvidos->index()
 4 SYSTEMPATH\CodeIgniter.php(499): CodeIgniter\CodeIgniter->runController(Object(App\Controllers\Envolvidos))
 5 SYSTEMPATH\CodeIgniter.php(368): CodeIgniter\CodeIgniter->handleRequest(null, Object(Config\Cache), false)
 6 FCPATH\index.php(67): CodeIgniter\CodeIgniter->run()
CRITICAL - 2023-01-18 00:47:22 --> Object of type stdClass is not callable
in APPPATH\Views\envolvidos.php on line 43.
 1 SYSTEMPATH\View\View.php(213): include()
 2 SYSTEMPATH\View\View.php(216): CodeIgniter\View\View->CodeIgniter\View\{closure}()
 3 SYSTEMPATH\Common.php(1177): CodeIgniter\View\View->render('envolvidos', [], true)
 4 APPPATH\Controllers\Envolvidos.php(34): view('envolvidos', [...])
 5 SYSTEMPATH\CodeIgniter.php(934): App\Controllers\Envolvidos->index()
 6 SYSTEMPATH\CodeIgniter.php(499): CodeIgniter\CodeIgniter->runController(Object(App\Controllers\Envolvidos))
 7 SYSTEMPATH\CodeIgniter.php(368): CodeIgniter\CodeIgniter->handleRequest(null, Object(Config\Cache), false)
 8 FCPATH\index.php(67): CodeIgniter\CodeIgniter->run()
CRITICAL - 2023-01-18 00:47:42 --> Value of type null is not callable
in APPPATH\Views\envolvidos.php on line 43.
 1 SYSTEMPATH\View\View.php(213): include()
 2 SYSTEMPATH\View\View.php(216): CodeIgniter\View\View->CodeIgniter\View\{closure}()
 3 SYSTEMPATH\Common.php(1177): CodeIgniter\View\View->render('envolvidos', [], true)
 4 APPPATH\Controllers\Envolvidos.php(34): view('envolvidos', [...])
 5 SYSTEMPATH\CodeIgniter.php(934): App\Controllers\Envolvidos->index()
 6 SYSTEMPATH\CodeIgniter.php(499): CodeIgniter\CodeIgniter->runController(Object(App\Controllers\Envolvidos))
 7 SYSTEMPATH\CodeIgniter.php(368): CodeIgniter\CodeIgniter->handleRequest(null, Object(Config\Cache), false)
 8 FCPATH\index.php(67): CodeIgniter\CodeIgniter->run()
CRITICAL - 2023-01-18 00:49:09 --> Object of type CodeIgniter\Database\MySQLi\Result is not callable
in APPPATH\Views\envolvidos.php on line 43.
 1 SYSTEMPATH\View\View.php(213): include()
 2 SYSTEMPATH\View\View.php(216): CodeIgniter\View\View->CodeIgniter\View\{closure}()
 3 SYSTEMPATH\Common.php(1177): CodeIgniter\View\View->render('envolvidos', [], true)
 4 APPPATH\Controllers\Envolvidos.php(34): view('envolvidos', [...])
 5 SYSTEMPATH\CodeIgniter.php(934): App\Controllers\Envolvidos->index()
 6 SYSTEMPATH\CodeIgniter.php(499): CodeIgniter\CodeIgniter->runController(Object(App\Controllers\Envolvidos))
 7 SYSTEMPATH\CodeIgniter.php(368): CodeIgniter\CodeIgniter->handleRequest(null, Object(Config\Cache), false)
 8 FCPATH\index.php(67): CodeIgniter\CodeIgniter->run()
CRITICAL - 2023-01-18 00:51:50 --> Object of type CodeIgniter\Database\MySQLi\Result is not callable
in APPPATH\Views\envolvidos.php on line 43.
 1 SYSTEMPATH\View\View.php(213): include()
 2 SYSTEMPATH\View\View.php(216): CodeIgniter\View\View->CodeIgniter\View\{closure}()
 3 SYSTEMPATH\Common.php(1177): CodeIgniter\View\View->render('envolvidos', [], true)
 4 APPPATH\Controllers\Envolvidos.php(34): view('envolvidos', [...])
 5 SYSTEMPATH\CodeIgniter.php(934): App\Controllers\Envolvidos->index()
 6 SYSTEMPATH\CodeIgniter.php(499): CodeIgniter\CodeIgniter->runController(Object(App\Controllers\Envolvidos))
 7 SYSTEMPATH\CodeIgniter.php(368): CodeIgniter\CodeIgniter->handleRequest(null, Object(Config\Cache), false)
 8 FCPATH\index.php(67): CodeIgniter\CodeIgniter->run()
CRITICAL - 2023-01-18 00:53:02 --> Object of type CodeIgniter\Database\MySQLi\Result is not callable
in APPPATH\Views\envolvidos.php on line 43.
 1 SYSTEMPATH\View\View.php(213): include()
 2 SYSTEMPATH\View\View.php(216): CodeIgniter\View\View->CodeIgniter\View\{closure}()
 3 SYSTEMPATH\Common.php(1177): CodeIgniter\View\View->render('envolvidos', [], true)
 4 APPPATH\Controllers\Envolvidos.php(34): view('envolvidos', [...])
 5 SYSTEMPATH\CodeIgniter.php(934): App\Controllers\Envolvidos->index()
 6 SYSTEMPATH\CodeIgniter.php(499): CodeIgniter\CodeIgniter->runController(Object(App\Controllers\Envolvidos))
 7 SYSTEMPATH\CodeIgniter.php(368): CodeIgniter\CodeIgniter->handleRequest(null, Object(Config\Cache), false)
 8 FCPATH\index.php(67): CodeIgniter\CodeIgniter->run()
CRITICAL - 2023-01-18 00:53:38 --> Object of type CodeIgniter\Database\MySQLi\Result is not callable
in APPPATH\Views\envolvidos.php on line 43.
 1 SYSTEMPATH\View\View.php(213): include()
 2 SYSTEMPATH\View\View.php(216): CodeIgniter\View\View->CodeIgniter\View\{closure}()
 3 SYSTEMPATH\Common.php(1177): CodeIgniter\View\View->render('envolvidos', [], true)
 4 APPPATH\Controllers\Envolvidos.php(34): view('envolvidos', [...])
 5 SYSTEMPATH\CodeIgniter.php(934): App\Controllers\Envolvidos->index()
 6 SYSTEMPATH\CodeIgniter.php(499): CodeIgniter\CodeIgniter->runController(Object(App\Controllers\Envolvidos))
 7 SYSTEMPATH\CodeIgniter.php(368): CodeIgniter\CodeIgniter->handleRequest(null, Object(Config\Cache), false)
 8 FCPATH\index.php(67): CodeIgniter\CodeIgniter->run()
CRITICAL - 2023-01-18 00:53:39 --> Object of type CodeIgniter\Database\MySQLi\Result is not callable
in APPPATH\Views\envolvidos.php on line 43.
 1 SYSTEMPATH\View\View.php(213): include()
 2 SYSTEMPATH\View\View.php(216): CodeIgniter\View\View->CodeIgniter\View\{closure}()
 3 SYSTEMPATH\Common.php(1177): CodeIgniter\View\View->render('envolvidos', [], true)
 4 APPPATH\Controllers\Envolvidos.php(34): view('envolvidos', [...])
 5 SYSTEMPATH\CodeIgniter.php(934): App\Controllers\Envolvidos->index()
 6 SYSTEMPATH\CodeIgniter.php(499): CodeIgniter\CodeIgniter->runController(Object(App\Controllers\Envolvidos))
 7 SYSTEMPATH\CodeIgniter.php(368): CodeIgniter\CodeIgniter->handleRequest(null, Object(Config\Cache), false)
 8 FCPATH\index.php(67): CodeIgniter\CodeIgniter->run()
CRITICAL - 2023-01-18 00:53:40 --> Object of type CodeIgniter\Database\MySQLi\Result is not callable
in APPPATH\Views\envolvidos.php on line 43.
 1 SYSTEMPATH\View\View.php(213): include()
 2 SYSTEMPATH\View\View.php(216): CodeIgniter\View\View->CodeIgniter\View\{closure}()
 3 SYSTEMPATH\Common.php(1177): CodeIgniter\View\View->render('envolvidos', [], true)
 4 APPPATH\Controllers\Envolvidos.php(34): view('envolvidos', [...])
 5 SYSTEMPATH\CodeIgniter.php(934): App\Controllers\Envolvidos->index()
 6 SYSTEMPATH\CodeIgniter.php(499): CodeIgniter\CodeIgniter->runController(Object(App\Controllers\Envolvidos))
 7 SYSTEMPATH\CodeIgniter.php(368): CodeIgniter\CodeIgniter->handleRequest(null, Object(Config\Cache), false)
 8 FCPATH\index.php(67): CodeIgniter\CodeIgniter->run()
CRITICAL - 2023-01-18 00:53:40 --> Object of type CodeIgniter\Database\MySQLi\Result is not callable
in APPPATH\Views\envolvidos.php on line 43.
 1 SYSTEMPATH\View\View.php(213): include()
 2 SYSTEMPATH\View\View.php(216): CodeIgniter\View\View->CodeIgniter\View\{closure}()
 3 SYSTEMPATH\Common.php(1177): CodeIgniter\View\View->render('envolvidos', [], true)
 4 APPPATH\Controllers\Envolvidos.php(34): view('envolvidos', [...])
 5 SYSTEMPATH\CodeIgniter.php(934): App\Controllers\Envolvidos->index()
 6 SYSTEMPATH\CodeIgniter.php(499): CodeIgniter\CodeIgniter->runController(Object(App\Controllers\Envolvidos))
 7 SYSTEMPATH\CodeIgniter.php(368): CodeIgniter\CodeIgniter->handleRequest(null, Object(Config\Cache), false)
 8 FCPATH\index.php(67): CodeIgniter\CodeIgniter->run()
CRITICAL - 2023-01-18 00:53:40 --> Object of type CodeIgniter\Database\MySQLi\Result is not callable
in APPPATH\Views\envolvidos.php on line 43.
 1 SYSTEMPATH\View\View.php(213): include()
 2 SYSTEMPATH\View\View.php(216): CodeIgniter\View\View->CodeIgniter\View\{closure}()
 3 SYSTEMPATH\Common.php(1177): CodeIgniter\View\View->render('envolvidos', [], true)
 4 APPPATH\Controllers\Envolvidos.php(34): view('envolvidos', [...])
 5 SYSTEMPATH\CodeIgniter.php(934): App\Controllers\Envolvidos->index()
 6 SYSTEMPATH\CodeIgniter.php(499): CodeIgniter\CodeIgniter->runController(Object(App\Controllers\Envolvidos))
 7 SYSTEMPATH\CodeIgniter.php(368): CodeIgniter\CodeIgniter->handleRequest(null, Object(Config\Cache), false)
 8 FCPATH\index.php(67): CodeIgniter\CodeIgniter->run()
CRITICAL - 2023-01-18 01:05:50 --> Undefined variable $nomeSetor
in APPPATH\Views\envolvidos.php on line 43.
 1 APPPATH\Views\envolvidos.php(43): CodeIgniter\Debug\Exceptions->errorHandler(2, 'Undefined variable $nomeSetor', 'APPPATH\\Views\\envolvidos.php', 43)
 2 SYSTEMPATH\View\View.php(213): include('APPPATH\\Views\\envolvidos.php')
 3 SYSTEMPATH\View\View.php(216): CodeIgniter\View\View->CodeIgniter\View\{closure}()
 4 SYSTEMPATH\Common.php(1177): CodeIgniter\View\View->render('envolvidos', [], true)
 5 APPPATH\Controllers\Envolvidos.php(33): view('envolvidos', [...])
 6 SYSTEMPATH\CodeIgniter.php(934): App\Controllers\Envolvidos->index()
 7 SYSTEMPATH\CodeIgniter.php(499): CodeIgniter\CodeIgniter->runController(Object(App\Controllers\Envolvidos))
 8 SYSTEMPATH\CodeIgniter.php(368): CodeIgniter\CodeIgniter->handleRequest(null, Object(Config\Cache), false)
 9 FCPATH\index.php(67): CodeIgniter\CodeIgniter->run()
CRITICAL - 2023-01-18 14:33:38 --> Undefined variable $grid_comercial
in APPPATH\Views\grid_reunioes.php on line 46.
 1 APPPATH\Views\grid_reunioes.php(46): CodeIgniter\Debug\Exceptions->errorHandler(2, 'Undefined variable $grid_comercial', 'APPPATH\\Views\\grid_reunioes.php', 46)
 2 SYSTEMPATH\View\View.php(213): include('APPPATH\\Views\\grid_reunioes.php')
 3 SYSTEMPATH\View\View.php(216): CodeIgniter\View\View->CodeIgniter\View\{closure}()
 4 SYSTEMPATH\Common.php(1177): CodeIgniter\View\View->render('grid_reunioes', [], true)
 5 APPPATH\Controllers\Home.php(10): view('grid_reunioes')
 6 SYSTEMPATH\CodeIgniter.php(934): App\Controllers\Home->index()
 7 SYSTEMPATH\CodeIgniter.php(499): CodeIgniter\CodeIgniter->runController(Object(App\Controllers\Home))
 8 SYSTEMPATH\CodeIgniter.php(368): CodeIgniter\CodeIgniter->handleRequest(null, Object(Config\Cache), false)
 9 FCPATH\index.php(67): CodeIgniter\CodeIgniter->run()
CRITICAL - 2023-01-18 14:36:20 --> Undefined variable $grid_comercial
in APPPATH\Views\grid_reunioes.php on line 46.
 1 APPPATH\Views\grid_reunioes.php(46): CodeIgniter\Debug\Exceptions->errorHandler(2, 'Undefined variable $grid_comercial', 'APPPATH\\Views\\grid_reunioes.php', 46)
 2 SYSTEMPATH\View\View.php(213): include('APPPATH\\Views\\grid_reunioes.php')
 3 SYSTEMPATH\View\View.php(216): CodeIgniter\View\View->CodeIgniter\View\{closure}()
 4 SYSTEMPATH\Common.php(1177): CodeIgniter\View\View->render('grid_reunioes', [], true)
 5 APPPATH\Controllers\Home.php(10): view('grid_reunioes')
 6 SYSTEMPATH\CodeIgniter.php(934): App\Controllers\Home->index()
 7 SYSTEMPATH\CodeIgniter.php(499): CodeIgniter\CodeIgniter->runController(Object(App\Controllers\Home))
 8 SYSTEMPATH\CodeIgniter.php(368): CodeIgniter\CodeIgniter->handleRequest(null, Object(Config\Cache), false)
 9 FCPATH\index.php(67): CodeIgniter\CodeIgniter->run()
CRITICAL - 2023-01-18 14:36:21 --> Undefined variable $grid_comercial
in APPPATH\Views\grid_reunioes.php on line 46.
 1 APPPATH\Views\grid_reunioes.php(46): CodeIgniter\Debug\Exceptions->errorHandler(2, 'Undefined variable $grid_comercial', 'APPPATH\\Views\\grid_reunioes.php', 46)
 2 SYSTEMPATH\View\View.php(213): include('APPPATH\\Views\\grid_reunioes.php')
 3 SYSTEMPATH\View\View.php(216): CodeIgniter\View\View->CodeIgniter\View\{closure}()
 4 SYSTEMPATH\Common.php(1177): CodeIgniter\View\View->render('grid_reunioes', [], true)
 5 APPPATH\Controllers\Home.php(10): view('grid_reunioes')
 6 SYSTEMPATH\CodeIgniter.php(934): App\Controllers\Home->index()
 7 SYSTEMPATH\CodeIgniter.php(499): CodeIgniter\CodeIgniter->runController(Object(App\Controllers\Home))
 8 SYSTEMPATH\CodeIgniter.php(368): CodeIgniter\CodeIgniter->handleRequest(null, Object(Config\Cache), false)
 9 FCPATH\index.php(67): CodeIgniter\CodeIgniter->run()
CRITICAL - 2023-01-18 14:36:24 --> Undefined variable $grid_comercial
in APPPATH\Views\grid_reunioes.php on line 46.
 1 APPPATH\Views\grid_reunioes.php(46): CodeIgniter\Debug\Exceptions->errorHandler(2, 'Undefined variable $grid_comercial', 'APPPATH\\Views\\grid_reunioes.php', 46)
 2 SYSTEMPATH\View\View.php(213): include('APPPATH\\Views\\grid_reunioes.php')
 3 SYSTEMPATH\View\View.php(216): CodeIgniter\View\View->CodeIgniter\View\{closure}()
 4 SYSTEMPATH\Common.php(1177): CodeIgniter\View\View->render('grid_reunioes', [], true)
 5 APPPATH\Controllers\Home.php(10): view('grid_reunioes')
 6 SYSTEMPATH\CodeIgniter.php(934): App\Controllers\Home->index()
 7 SYSTEMPATH\CodeIgniter.php(499): CodeIgniter\CodeIgniter->runController(Object(App\Controllers\Home))
 8 SYSTEMPATH\CodeIgniter.php(368): CodeIgniter\CodeIgniter->handleRequest(null, Object(Config\Cache), false)
 9 FCPATH\index.php(67): CodeIgniter\CodeIgniter->run()
CRITICAL - 2023-01-18 14:37:00 --> Undefined variable $grid_reunioes
in APPPATH\Views\grid_reunioes.php on line 46.
 1 APPPATH\Views\grid_reunioes.php(46): CodeIgniter\Debug\Exceptions->errorHandler(2, 'Undefined variable $grid_reunioes', 'APPPATH\\Views\\grid_reunioes.php', 46)
 2 SYSTEMPATH\View\View.php(213): include('APPPATH\\Views\\grid_reunioes.php')
 3 SYSTEMPATH\View\View.php(216): CodeIgniter\View\View->CodeIgniter\View\{closure}()
 4 SYSTEMPATH\Common.php(1177): CodeIgniter\View\View->render('grid_reunioes', [], true)
 5 APPPATH\Controllers\Home.php(10): view('grid_reunioes')
 6 SYSTEMPATH\CodeIgniter.php(934): App\Controllers\Home->index()
 7 SYSTEMPATH\CodeIgniter.php(499): CodeIgniter\CodeIgniter->runController(Object(App\Controllers\Home))
 8 SYSTEMPATH\CodeIgniter.php(368): CodeIgniter\CodeIgniter->handleRequest(null, Object(Config\Cache), false)
 9 FCPATH\index.php(67): CodeIgniter\CodeIgniter->run()
CRITICAL - 2023-01-18 14:37:01 --> Undefined variable $grid_reunioes
in APPPATH\Views\grid_reunioes.php on line 46.
 1 APPPATH\Views\grid_reunioes.php(46): CodeIgniter\Debug\Exceptions->errorHandler(2, 'Undefined variable $grid_reunioes', 'APPPATH\\Views\\grid_reunioes.php', 46)
 2 SYSTEMPATH\View\View.php(213): include('APPPATH\\Views\\grid_reunioes.php')
 3 SYSTEMPATH\View\View.php(216): CodeIgniter\View\View->CodeIgniter\View\{closure}()
 4 SYSTEMPATH\Common.php(1177): CodeIgniter\View\View->render('grid_reunioes', [], true)
 5 APPPATH\Controllers\Home.php(10): view('grid_reunioes')
 6 SYSTEMPATH\CodeIgniter.php(934): App\Controllers\Home->index()
 7 SYSTEMPATH\CodeIgniter.php(499): CodeIgniter\CodeIgniter->runController(Object(App\Controllers\Home))
 8 SYSTEMPATH\CodeIgniter.php(368): CodeIgniter\CodeIgniter->handleRequest(null, Object(Config\Cache), false)
 9 FCPATH\index.php(67): CodeIgniter\CodeIgniter->run()
CRITICAL - 2023-01-18 14:38:01 --> Undefined variable $grid_reunioes
in APPPATH\Views\grid_reunioes.php on line 46.
 1 APPPATH\Views\grid_reunioes.php(46): CodeIgniter\Debug\Exceptions->errorHandler(2, 'Undefined variable $grid_reunioes', 'APPPATH\\Views\\grid_reunioes.php', 46)
 2 SYSTEMPATH\View\View.php(213): include('APPPATH\\Views\\grid_reunioes.php')
 3 SYSTEMPATH\View\View.php(216): CodeIgniter\View\View->CodeIgniter\View\{closure}()
 4 SYSTEMPATH\Common.php(1177): CodeIgniter\View\View->render('grid_reunioes', [], true)
 5 APPPATH\Controllers\Home.php(10): view('grid_reunioes')
 6 SYSTEMPATH\CodeIgniter.php(934): App\Controllers\Home->index()
 7 SYSTEMPATH\CodeIgniter.php(499): CodeIgniter\CodeIgniter->runController(Object(App\Controllers\Home))
 8 SYSTEMPATH\CodeIgniter.php(368): CodeIgniter\CodeIgniter->handleRequest(null, Object(Config\Cache), false)
 9 FCPATH\index.php(67): CodeIgniter\CodeIgniter->run()
CRITICAL - 2023-01-18 14:40:46 --> Undefined variable $grid_reunioes
in APPPATH\Views\grid_reunioes.php on line 46.
 1 APPPATH\Views\grid_reunioes.php(46): CodeIgniter\Debug\Exceptions->errorHandler(2, 'Undefined variable $grid_reunioes', 'APPPATH\\Views\\grid_reunioes.php', 46)
 2 SYSTEMPATH\View\View.php(213): include('APPPATH\\Views\\grid_reunioes.php')
 3 SYSTEMPATH\View\View.php(216): CodeIgniter\View\View->CodeIgniter\View\{closure}()
 4 SYSTEMPATH\Common.php(1177): CodeIgniter\View\View->render('grid_reunioes', [], true)
 5 APPPATH\Controllers\Topicos.php(41): view('grid_reunioes', [...])
 6 SYSTEMPATH\CodeIgniter.php(934): App\Controllers\Topicos->topicosComercial()
 7 SYSTEMPATH\CodeIgniter.php(499): CodeIgniter\CodeIgniter->runController(Object(App\Controllers\Topicos))
 8 SYSTEMPATH\CodeIgniter.php(368): CodeIgniter\CodeIgniter->handleRequest(null, Object(Config\Cache), false)
 9 FCPATH\index.php(67): CodeIgniter\CodeIgniter->run()
CRITICAL - 2023-01-18 14:43:54 --> Undefined array key "a.data"
in APPPATH\Views\grid_reunioes.php on line 49.
 1 APPPATH\Views\grid_reunioes.php(49): CodeIgniter\Debug\Exceptions->errorHandler(2, 'Undefined array key "a.data"', 'APPPATH\\Views\\grid_reunioes.php', 49)
 2 SYSTEMPATH\View\View.php(213): include('APPPATH\\Views\\grid_reunioes.php')
 3 SYSTEMPATH\View\View.php(216): CodeIgniter\View\View->CodeIgniter\View\{closure}()
 4 SYSTEMPATH\Common.php(1177): CodeIgniter\View\View->render('grid_reunioes', [], true)
 5 APPPATH\Controllers\Topicos.php(41): view('grid_reunioes', [...])
 6 SYSTEMPATH\CodeIgniter.php(934): App\Controllers\Topicos->topicosComercial()
 7 SYSTEMPATH\CodeIgniter.php(499): CodeIgniter\CodeIgniter->runController(Object(App\Controllers\Topicos))
 8 SYSTEMPATH\CodeIgniter.php(368): CodeIgniter\CodeIgniter->handleRequest(null, Object(Config\Cache), false)
 9 FCPATH\index.php(67): CodeIgniter\CodeIgniter->run()
CRITICAL - 2023-01-18 14:56:11 --> date_format(): Argument #1 ($object) must be of type DateTimeInterface, string given
in APPPATH\Views\grid_reunioes.php on line 49.
 1 APPPATH\Views\grid_reunioes.php(49): date_format('2022-07-01', 'd-m-Y')
 2 SYSTEMPATH\View\View.php(213): include('APPPATH\\Views\\grid_reunioes.php')
 3 SYSTEMPATH\View\View.php(216): CodeIgniter\View\View->CodeIgniter\View\{closure}()
 4 SYSTEMPATH\Common.php(1177): CodeIgniter\View\View->render('grid_reunioes', [], true)
 5 APPPATH\Controllers\Topicos.php(41): view('grid_reunioes', [...])
 6 SYSTEMPATH\CodeIgniter.php(934): App\Controllers\Topicos->topicosComercial()
 7 SYSTEMPATH\CodeIgniter.php(499): CodeIgniter\CodeIgniter->runController(Object(App\Controllers\Topicos))
 8 SYSTEMPATH\CodeIgniter.php(368): CodeIgniter\CodeIgniter->handleRequest(null, Object(Config\Cache), false)
 9 FCPATH\index.php(67): CodeIgniter\CodeIgniter->run()
