INFO - 2023-02-14 13:33:34 --> Session: Class initialized using 'CodeIgniter\Session\Handlers\FileHandler' driver.
INFO - 2023-02-14 13:33:39 --> Session: Class initialized using 'CodeIgniter\Session\Handlers\FileHandler' driver.
INFO - 2023-02-14 13:33:40 --> Session: Class initialized using 'CodeIgniter\Session\Handlers\FileHandler' driver.
INFO - 2023-02-14 13:33:43 --> Session: Class initialized using 'CodeIgniter\Session\Handlers\FileHandler' driver.
INFO - 2023-02-14 13:33:59 --> Session: Class initialized using 'CodeIgniter\Session\Handlers\FileHandler' driver.
INFO - 2023-02-14 13:34:05 --> Session: Class initialized using 'CodeIgniter\Session\Handlers\FileHandler' driver.
CRITICAL - 2023-02-14 13:34:05 --> Undefined array key "codata"
in APPPATH\Views\topico.php on line 27.
 1 APPPATH\Views\topico.php(27): CodeIgniter\Debug\Exceptions->errorHandler(2, 'Undefined array key "codata"', 'APPPATH\\Views\\topico.php', 27)
 2 SYSTEMPATH\View\View.php(213): include('APPPATH\\Views\\topico.php')
 3 SYSTEMPATH\View\View.php(216): CodeIgniter\View\View->CodeIgniter\View\{closure}()
 4 SYSTEMPATH\Common.php(1177): CodeIgniter\View\View->render('topico', [], true)
 5 APPPATH\Controllers\Topicos.php(110): view('topico', [...])
 6 SYSTEMPATH\CodeIgniter.php(934): App\Controllers\Topicos->apagarDetalhes('10')
 7 SYSTEMPATH\CodeIgniter.php(499): CodeIgniter\CodeIgniter->runController(Object(App\Controllers\Topicos))
 8 SYSTEMPATH\CodeIgniter.php(368): CodeIgniter\CodeIgniter->handleRequest(null, Object(Config\Cache), false)
 9 FCPATH\index.php(67): CodeIgniter\CodeIgniter->run()
INFO - 2023-02-14 13:34:13 --> Session: Class initialized using 'CodeIgniter\Session\Handlers\FileHandler' driver.
INFO - 2023-02-14 13:34:32 --> Session: Class initialized using 'CodeIgniter\Session\Handlers\FileHandler' driver.
INFO - 2023-02-14 13:34:33 --> Session: Class initialized using 'CodeIgniter\Session\Handlers\FileHandler' driver.
INFO - 2023-02-14 14:24:55 --> Session: Class initialized using 'CodeIgniter\Session\Handlers\FileHandler' driver.
INFO - 2023-02-14 14:24:58 --> Session: Class initialized using 'CodeIgniter\Session\Handlers\FileHandler' driver.
CRITICAL - 2023-02-14 14:24:58 --> Undefined array key "assunto"
in APPPATH\Views\topico.php on line 37.
 1 APPPATH\Views\topico.php(37): CodeIgniter\Debug\Exceptions->errorHandler(2, 'Undefined array key "assunto"', 'APPPATH\\Views\\topico.php', 37)
 2 SYSTEMPATH\View\View.php(213): include('APPPATH\\Views\\topico.php')
 3 SYSTEMPATH\View\View.php(216): CodeIgniter\View\View->CodeIgniter\View\{closure}()
 4 SYSTEMPATH\Common.php(1177): CodeIgniter\View\View->render('topico', [], true)
 5 APPPATH\Controllers\Topicos.php(110): view('topico', [...])
 6 SYSTEMPATH\CodeIgniter.php(934): App\Controllers\Topicos->apagarDetalhes('11')
 7 SYSTEMPATH\CodeIgniter.php(499): CodeIgniter\CodeIgniter->runController(Object(App\Controllers\Topicos))
 8 SYSTEMPATH\CodeIgniter.php(368): CodeIgniter\CodeIgniter->handleRequest(null, Object(Config\Cache), false)
 9 FCPATH\index.php(67): CodeIgniter\CodeIgniter->run()
INFO - 2023-02-14 14:32:19 --> Session: Class initialized using 'CodeIgniter\Session\Handlers\FileHandler' driver.
INFO - 2023-02-14 14:32:22 --> Session: Class initialized using 'CodeIgniter\Session\Handlers\FileHandler' driver.
INFO - 2023-02-14 14:32:24 --> Session: Class initialized using 'CodeIgniter\Session\Handlers\FileHandler' driver.
INFO - 2023-02-14 14:32:35 --> Session: Class initialized using 'CodeIgniter\Session\Handlers\FileHandler' driver.
INFO - 2023-02-14 14:32:43 --> Session: Class initialized using 'CodeIgniter\Session\Handlers\FileHandler' driver.
CRITICAL - 2023-02-14 14:32:43 --> Undefined array key "assunto"
in APPPATH\Views\topico.php on line 37.
 1 APPPATH\Views\topico.php(37): CodeIgniter\Debug\Exceptions->errorHandler(2, 'Undefined array key "assunto"', 'APPPATH\\Views\\topico.php', 37)
 2 SYSTEMPATH\View\View.php(213): include('APPPATH\\Views\\topico.php')
 3 SYSTEMPATH\View\View.php(216): CodeIgniter\View\View->CodeIgniter\View\{closure}()
 4 SYSTEMPATH\Common.php(1177): CodeIgniter\View\View->render('topico', [], true)
 5 APPPATH\Controllers\Topicos.php(112): view('topico', [...])
 6 SYSTEMPATH\CodeIgniter.php(934): App\Controllers\Topicos->apagarDetalhes('12')
 7 SYSTEMPATH\CodeIgniter.php(499): CodeIgniter\CodeIgniter->runController(Object(App\Controllers\Topicos))
 8 SYSTEMPATH\CodeIgniter.php(368): CodeIgniter\CodeIgniter->handleRequest(null, Object(Config\Cache), false)
 9 FCPATH\index.php(67): CodeIgniter\CodeIgniter->run()
INFO - 2023-02-14 14:33:09 --> Session: Class initialized using 'CodeIgniter\Session\Handlers\FileHandler' driver.
INFO - 2023-02-14 14:33:12 --> Session: Class initialized using 'CodeIgniter\Session\Handlers\FileHandler' driver.
INFO - 2023-02-14 14:33:13 --> Session: Class initialized using 'CodeIgniter\Session\Handlers\FileHandler' driver.
INFO - 2023-02-14 14:33:21 --> Session: Class initialized using 'CodeIgniter\Session\Handlers\FileHandler' driver.
CRITICAL - 2023-02-14 14:33:21 --> Undefined array key "assunto"
in APPPATH\Views\topico.php on line 37.
 1 APPPATH\Views\topico.php(37): CodeIgniter\Debug\Exceptions->errorHandler(2, 'Undefined array key "assunto"', 'APPPATH\\Views\\topico.php', 37)
 2 SYSTEMPATH\View\View.php(213): include('APPPATH\\Views\\topico.php')
 3 SYSTEMPATH\View\View.php(216): CodeIgniter\View\View->CodeIgniter\View\{closure}()
 4 SYSTEMPATH\Common.php(1177): CodeIgniter\View\View->render('topico', [], true)
 5 APPPATH\Controllers\Topicos.php(114): view('topico', [...])
 6 SYSTEMPATH\CodeIgniter.php(934): App\Controllers\Topicos->apagarDetalhes('6')
 7 SYSTEMPATH\CodeIgniter.php(499): CodeIgniter\CodeIgniter->runController(Object(App\Controllers\Topicos))
 8 SYSTEMPATH\CodeIgniter.php(368): CodeIgniter\CodeIgniter->handleRequest(null, Object(Config\Cache), false)
 9 FCPATH\index.php(67): CodeIgniter\CodeIgniter->run()
INFO - 2023-02-14 14:35:04 --> Session: Class initialized using 'CodeIgniter\Session\Handlers\FileHandler' driver.
INFO - 2023-02-14 14:35:06 --> Session: Class initialized using 'CodeIgniter\Session\Handlers\FileHandler' driver.
INFO - 2023-02-14 14:35:08 --> Session: Class initialized using 'CodeIgniter\Session\Handlers\FileHandler' driver.
INFO - 2023-02-14 14:36:26 --> Session: Class initialized using 'CodeIgniter\Session\Handlers\FileHandler' driver.
CRITICAL - 2023-02-14 14:36:26 --> Undefined array key "assunto"
in APPPATH\Views\topico.php on line 37.
 1 APPPATH\Views\topico.php(37): CodeIgniter\Debug\Exceptions->errorHandler(2, 'Undefined array key "assunto"', 'APPPATH\\Views\\topico.php', 37)
 2 SYSTEMPATH\View\View.php(213): include('APPPATH\\Views\\topico.php')
 3 SYSTEMPATH\View\View.php(216): CodeIgniter\View\View->CodeIgniter\View\{closure}()
 4 SYSTEMPATH\Common.php(1177): CodeIgniter\View\View->render('topico', [], true)
 5 APPPATH\Controllers\Topicos.php(114): view('topico', [...])
 6 SYSTEMPATH\CodeIgniter.php(934): App\Controllers\Topicos->apagarDetalhes('5')
 7 SYSTEMPATH\CodeIgniter.php(499): CodeIgniter\CodeIgniter->runController(Object(App\Controllers\Topicos))
 8 SYSTEMPATH\CodeIgniter.php(368): CodeIgniter\CodeIgniter->handleRequest(null, Object(Config\Cache), false)
 9 FCPATH\index.php(67): CodeIgniter\CodeIgniter->run()
INFO - 2023-02-14 14:39:54 --> Session: Class initialized using 'CodeIgniter\Session\Handlers\FileHandler' driver.
INFO - 2023-02-14 14:40:06 --> Session: Class initialized using 'CodeIgniter\Session\Handlers\FileHandler' driver.
INFO - 2023-02-14 14:40:23 --> Session: Class initialized using 'CodeIgniter\Session\Handlers\FileHandler' driver.
INFO - 2023-02-14 14:40:29 --> Session: Class initialized using 'CodeIgniter\Session\Handlers\FileHandler' driver.
INFO - 2023-02-14 14:41:50 --> Session: Class initialized using 'CodeIgniter\Session\Handlers\FileHandler' driver.
INFO - 2023-02-14 14:41:54 --> Session: Class initialized using 'CodeIgniter\Session\Handlers\FileHandler' driver.
INFO - 2023-02-14 14:42:32 --> Session: Class initialized using 'CodeIgniter\Session\Handlers\FileHandler' driver.
INFO - 2023-02-14 14:42:34 --> Session: Class initialized using 'CodeIgniter\Session\Handlers\FileHandler' driver.
CRITICAL - 2023-02-14 14:42:34 --> Undefined array key "assunto"
in APPPATH\Views\topico.php on line 37.
 1 APPPATH\Views\topico.php(37): CodeIgniter\Debug\Exceptions->errorHandler(2, 'Undefined array key "assunto"', 'APPPATH\\Views\\topico.php', 37)
 2 SYSTEMPATH\View\View.php(213): include('APPPATH\\Views\\topico.php')
 3 SYSTEMPATH\View\View.php(216): CodeIgniter\View\View->CodeIgniter\View\{closure}()
 4 SYSTEMPATH\Common.php(1177): CodeIgniter\View\View->render('topico', [], true)
 5 APPPATH\Controllers\Topicos.php(112): view('topico', [...])
 6 SYSTEMPATH\CodeIgniter.php(934): App\Controllers\Topicos->apagarDetalhes('16')
 7 SYSTEMPATH\CodeIgniter.php(499): CodeIgniter\CodeIgniter->runController(Object(App\Controllers\Topicos))
 8 SYSTEMPATH\CodeIgniter.php(368): CodeIgniter\CodeIgniter->handleRequest(null, Object(Config\Cache), false)
 9 FCPATH\index.php(67): CodeIgniter\CodeIgniter->run()
CRITICAL - 2023-02-14 14:42:52 --> Trying to access array offset on value of type null
in APPPATH\Controllers\Topicos.php on line 107.
 1 APPPATH\Controllers\Topicos.php(107): CodeIgniter\Debug\Exceptions->errorHandler(2, 'Trying to access array offset on value of type null', 'APPPATH\\Controllers\\Topicos.php', 107)
 2 SYSTEMPATH\CodeIgniter.php(934): App\Controllers\Topicos->apagarDetalhes('15')
 3 SYSTEMPATH\CodeIgniter.php(499): CodeIgniter\CodeIgniter->runController(Object(App\Controllers\Topicos))
 4 SYSTEMPATH\CodeIgniter.php(368): CodeIgniter\CodeIgniter->handleRequest(null, Object(Config\Cache), false)
 5 FCPATH\index.php(67): CodeIgniter\CodeIgniter->run()
CRITICAL - 2023-02-14 14:42:55 --> Trying to access array offset on value of type null
in APPPATH\Controllers\Topicos.php on line 107.
 1 APPPATH\Controllers\Topicos.php(107): CodeIgniter\Debug\Exceptions->errorHandler(2, 'Trying to access array offset on value of type null', 'APPPATH\\Controllers\\Topicos.php', 107)
 2 SYSTEMPATH\CodeIgniter.php(934): App\Controllers\Topicos->apagarDetalhes('14')
 3 SYSTEMPATH\CodeIgniter.php(499): CodeIgniter\CodeIgniter->runController(Object(App\Controllers\Topicos))
 4 SYSTEMPATH\CodeIgniter.php(368): CodeIgniter\CodeIgniter->handleRequest(null, Object(Config\Cache), false)
 5 FCPATH\index.php(67): CodeIgniter\CodeIgniter->run()
INFO - 2023-02-14 14:42:57 --> Session: Class initialized using 'CodeIgniter\Session\Handlers\FileHandler' driver.
INFO - 2023-02-14 14:42:59 --> Session: Class initialized using 'CodeIgniter\Session\Handlers\FileHandler' driver.
INFO - 2023-02-14 14:43:01 --> Session: Class initialized using 'CodeIgniter\Session\Handlers\FileHandler' driver.
INFO - 2023-02-14 14:43:03 --> Session: Class initialized using 'CodeIgniter\Session\Handlers\FileHandler' driver.
INFO - 2023-02-14 14:43:24 --> Session: Class initialized using 'CodeIgniter\Session\Handlers\FileHandler' driver.
INFO - 2023-02-14 14:43:39 --> Session: Class initialized using 'CodeIgniter\Session\Handlers\FileHandler' driver.
INFO - 2023-02-14 14:43:40 --> Session: Class initialized using 'CodeIgniter\Session\Handlers\FileHandler' driver.
INFO - 2023-02-14 14:44:02 --> Session: Class initialized using 'CodeIgniter\Session\Handlers\FileHandler' driver.
INFO - 2023-02-14 14:44:05 --> Session: Class initialized using 'CodeIgniter\Session\Handlers\FileHandler' driver.
INFO - 2023-02-14 14:44:26 --> Session: Class initialized using 'CodeIgniter\Session\Handlers\FileHandler' driver.
INFO - 2023-02-14 14:44:28 --> Session: Class initialized using 'CodeIgniter\Session\Handlers\FileHandler' driver.
INFO - 2023-02-14 14:44:30 --> Session: Class initialized using 'CodeIgniter\Session\Handlers\FileHandler' driver.
INFO - 2023-02-14 14:44:46 --> Session: Class initialized using 'CodeIgniter\Session\Handlers\FileHandler' driver.
INFO - 2023-02-14 14:45:36 --> Session: Class initialized using 'CodeIgniter\Session\Handlers\FileHandler' driver.
INFO - 2023-02-14 14:45:40 --> Session: Class initialized using 'CodeIgniter\Session\Handlers\FileHandler' driver.
INFO - 2023-02-14 14:45:43 --> Session: Class initialized using 'CodeIgniter\Session\Handlers\FileHandler' driver.
INFO - 2023-02-14 14:48:14 --> Session: Class initialized using 'CodeIgniter\Session\Handlers\FileHandler' driver.
INFO - 2023-02-14 14:48:28 --> Session: Class initialized using 'CodeIgniter\Session\Handlers\FileHandler' driver.
INFO - 2023-02-14 14:49:44 --> Session: Class initialized using 'CodeIgniter\Session\Handlers\FileHandler' driver.
INFO - 2023-02-14 14:49:46 --> Session: Class initialized using 'CodeIgniter\Session\Handlers\FileHandler' driver.
INFO - 2023-02-14 14:50:25 --> Session: Class initialized using 'CodeIgniter\Session\Handlers\FileHandler' driver.
INFO - 2023-02-14 14:50:33 --> Session: Class initialized using 'CodeIgniter\Session\Handlers\FileHandler' driver.
INFO - 2023-02-14 14:50:35 --> Session: Class initialized using 'CodeIgniter\Session\Handlers\FileHandler' driver.
INFO - 2023-02-14 14:51:26 --> Session: Class initialized using 'CodeIgniter\Session\Handlers\FileHandler' driver.
INFO - 2023-02-14 14:51:27 --> Session: Class initialized using 'CodeIgniter\Session\Handlers\FileHandler' driver.
INFO - 2023-02-14 14:51:29 --> Session: Class initialized using 'CodeIgniter\Session\Handlers\FileHandler' driver.
INFO - 2023-02-14 14:53:19 --> Session: Class initialized using 'CodeIgniter\Session\Handlers\FileHandler' driver.
INFO - 2023-02-14 14:53:21 --> Session: Class initialized using 'CodeIgniter\Session\Handlers\FileHandler' driver.
INFO - 2023-02-14 14:54:18 --> Session: Class initialized using 'CodeIgniter\Session\Handlers\FileHandler' driver.
INFO - 2023-02-14 14:54:19 --> Session: Class initialized using 'CodeIgniter\Session\Handlers\FileHandler' driver.
INFO - 2023-02-14 14:54:22 --> Session: Class initialized using 'CodeIgniter\Session\Handlers\FileHandler' driver.
INFO - 2023-02-14 14:54:24 --> Session: Class initialized using 'CodeIgniter\Session\Handlers\FileHandler' driver.
INFO - 2023-02-14 14:54:26 --> Session: Class initialized using 'CodeIgniter\Session\Handlers\FileHandler' driver.
INFO - 2023-02-14 14:55:40 --> Session: Class initialized using 'CodeIgniter\Session\Handlers\FileHandler' driver.
INFO - 2023-02-14 14:55:41 --> Session: Class initialized using 'CodeIgniter\Session\Handlers\FileHandler' driver.
INFO - 2023-02-14 14:55:44 --> Session: Class initialized using 'CodeIgniter\Session\Handlers\FileHandler' driver.
INFO - 2023-02-14 14:56:54 --> Session: Class initialized using 'CodeIgniter\Session\Handlers\FileHandler' driver.
INFO - 2023-02-14 14:57:25 --> Session: Class initialized using 'CodeIgniter\Session\Handlers\FileHandler' driver.
INFO - 2023-02-14 14:57:32 --> Session: Class initialized using 'CodeIgniter\Session\Handlers\FileHandler' driver.
INFO - 2023-02-14 14:57:34 --> Session: Class initialized using 'CodeIgniter\Session\Handlers\FileHandler' driver.
INFO - 2023-02-14 14:57:40 --> Session: Class initialized using 'CodeIgniter\Session\Handlers\FileHandler' driver.
INFO - 2023-02-14 14:57:42 --> Session: Class initialized using 'CodeIgniter\Session\Handlers\FileHandler' driver.
INFO - 2023-02-14 14:57:44 --> Session: Class initialized using 'CodeIgniter\Session\Handlers\FileHandler' driver.
INFO - 2023-02-14 14:57:47 --> Session: Class initialized using 'CodeIgniter\Session\Handlers\FileHandler' driver.
INFO - 2023-02-14 14:57:49 --> Session: Class initialized using 'CodeIgniter\Session\Handlers\FileHandler' driver.
INFO - 2023-02-14 14:58:00 --> Session: Class initialized using 'CodeIgniter\Session\Handlers\FileHandler' driver.
INFO - 2023-02-14 14:58:03 --> Session: Class initialized using 'CodeIgniter\Session\Handlers\FileHandler' driver.
INFO - 2023-02-14 14:58:07 --> Session: Class initialized using 'CodeIgniter\Session\Handlers\FileHandler' driver.
WARNING - 2023-02-14 14:58:07 --> Session: Sessions is enabled, and one exists.Please don't $session->start();
INFO - 2023-02-14 14:58:14 --> Session: Class initialized using 'CodeIgniter\Session\Handlers\FileHandler' driver.
INFO - 2023-02-14 14:58:15 --> Session: Class initialized using 'CodeIgniter\Session\Handlers\FileHandler' driver.
INFO - 2023-02-14 14:59:46 --> Session: Class initialized using 'CodeIgniter\Session\Handlers\FileHandler' driver.
INFO - 2023-02-14 15:00:03 --> Session: Class initialized using 'CodeIgniter\Session\Handlers\FileHandler' driver.
INFO - 2023-02-14 15:01:00 --> Session: Class initialized using 'CodeIgniter\Session\Handlers\FileHandler' driver.
INFO - 2023-02-14 15:01:01 --> Session: Class initialized using 'CodeIgniter\Session\Handlers\FileHandler' driver.
INFO - 2023-02-14 15:01:02 --> Session: Class initialized using 'CodeIgniter\Session\Handlers\FileHandler' driver.
INFO - 2023-02-14 15:01:26 --> Session: Class initialized using 'CodeIgniter\Session\Handlers\FileHandler' driver.
INFO - 2023-02-14 15:03:23 --> Session: Class initialized using 'CodeIgniter\Session\Handlers\FileHandler' driver.
INFO - 2023-02-14 15:03:26 --> Session: Class initialized using 'CodeIgniter\Session\Handlers\FileHandler' driver.
INFO - 2023-02-14 15:03:53 --> Session: Class initialized using 'CodeIgniter\Session\Handlers\FileHandler' driver.
INFO - 2023-02-14 15:03:55 --> Session: Class initialized using 'CodeIgniter\Session\Handlers\FileHandler' driver.
INFO - 2023-02-14 15:04:02 --> Session: Class initialized using 'CodeIgniter\Session\Handlers\FileHandler' driver.
INFO - 2023-02-14 15:04:04 --> Session: Class initialized using 'CodeIgniter\Session\Handlers\FileHandler' driver.
INFO - 2023-02-14 15:04:37 --> Session: Class initialized using 'CodeIgniter\Session\Handlers\FileHandler' driver.
INFO - 2023-02-14 15:04:49 --> Session: Class initialized using 'CodeIgniter\Session\Handlers\FileHandler' driver.
INFO - 2023-02-14 15:04:55 --> Session: Class initialized using 'CodeIgniter\Session\Handlers\FileHandler' driver.
INFO - 2023-02-14 15:05:05 --> Session: Class initialized using 'CodeIgniter\Session\Handlers\FileHandler' driver.
INFO - 2023-02-14 15:05:48 --> Session: Class initialized using 'CodeIgniter\Session\Handlers\FileHandler' driver.
INFO - 2023-02-14 15:05:57 --> Session: Class initialized using 'CodeIgniter\Session\Handlers\FileHandler' driver.
INFO - 2023-02-14 16:14:59 --> Session: Class initialized using 'CodeIgniter\Session\Handlers\FileHandler' driver.
INFO - 2023-02-14 16:15:03 --> Session: Class initialized using 'CodeIgniter\Session\Handlers\FileHandler' driver.
INFO - 2023-02-14 16:15:05 --> Session: Class initialized using 'CodeIgniter\Session\Handlers\FileHandler' driver.
INFO - 2023-02-14 16:23:15 --> Session: Class initialized using 'CodeIgniter\Session\Handlers\FileHandler' driver.
CRITICAL - 2023-02-14 16:23:20 --> Call to undefined method App\Controllers\Topicos::dadosReuniao()
in APPPATH\Controllers\Topicos.php on line 155.
 1 SYSTEMPATH\CodeIgniter.php(934): App\Controllers\Topicos->topicosDiretoriaFinanceiro()
 2 SYSTEMPATH\CodeIgniter.php(499): CodeIgniter\CodeIgniter->runController(Object(App\Controllers\Topicos))
 3 SYSTEMPATH\CodeIgniter.php(368): CodeIgniter\CodeIgniter->handleRequest(null, Object(Config\Cache), false)
 4 FCPATH\index.php(67): CodeIgniter\CodeIgniter->run()
INFO - 2023-02-14 16:26:03 --> Session: Class initialized using 'CodeIgniter\Session\Handlers\FileHandler' driver.
INFO - 2023-02-14 16:26:05 --> Session: Class initialized using 'CodeIgniter\Session\Handlers\FileHandler' driver.
INFO - 2023-02-14 16:26:08 --> Session: Class initialized using 'CodeIgniter\Session\Handlers\FileHandler' driver.
INFO - 2023-02-14 16:26:10 --> Session: Class initialized using 'CodeIgniter\Session\Handlers\FileHandler' driver.
INFO - 2023-02-14 16:34:55 --> Session: Class initialized using 'CodeIgniter\Session\Handlers\FileHandler' driver.
INFO - 2023-02-14 16:34:58 --> Session: Class initialized using 'CodeIgniter\Session\Handlers\FileHandler' driver.
INFO - 2023-02-14 16:35:00 --> Session: Class initialized using 'CodeIgniter\Session\Handlers\FileHandler' driver.
INFO - 2023-02-14 16:35:10 --> Session: Class initialized using 'CodeIgniter\Session\Handlers\FileHandler' driver.
INFO - 2023-02-14 16:35:14 --> Session: Class initialized using 'CodeIgniter\Session\Handlers\FileHandler' driver.
INFO - 2023-02-14 16:35:16 --> Session: Class initialized using 'CodeIgniter\Session\Handlers\FileHandler' driver.
INFO - 2023-02-14 16:35:24 --> Session: Class initialized using 'CodeIgniter\Session\Handlers\FileHandler' driver.
INFO - 2023-02-14 16:36:08 --> Session: Class initialized using 'CodeIgniter\Session\Handlers\FileHandler' driver.
INFO - 2023-02-14 16:42:29 --> Session: Class initialized using 'CodeIgniter\Session\Handlers\FileHandler' driver.
INFO - 2023-02-14 16:48:16 --> Session: Class initialized using 'CodeIgniter\Session\Handlers\FileHandler' driver.
INFO - 2023-02-14 16:50:16 --> Session: Class initialized using 'CodeIgniter\Session\Handlers\FileHandler' driver.
INFO - 2023-02-14 16:50:21 --> Session: Class initialized using 'CodeIgniter\Session\Handlers\FileHandler' driver.
INFO - 2023-02-14 16:50:25 --> Session: Class initialized using 'CodeIgniter\Session\Handlers\FileHandler' driver.
INFO - 2023-02-14 16:50:29 --> Session: Class initialized using 'CodeIgniter\Session\Handlers\FileHandler' driver.
INFO - 2023-02-14 16:50:31 --> Session: Class initialized using 'CodeIgniter\Session\Handlers\FileHandler' driver.
INFO - 2023-02-14 17:23:10 --> Session: Class initialized using 'CodeIgniter\Session\Handlers\FileHandler' driver.
INFO - 2023-02-14 17:34:00 --> Session: Class initialized using 'CodeIgniter\Session\Handlers\FileHandler' driver.
INFO - 2023-02-14 17:34:05 --> Session: Class initialized using 'CodeIgniter\Session\Handlers\FileHandler' driver.
CRITICAL - 2023-02-14 17:35:23 --> Invalid file: "cad_setor.php"
in SYSTEMPATH\Exceptions\FrameworkException.php on line 33.
 1 SYSTEMPATH\View\View.php(201): CodeIgniter\Exceptions\FrameworkException::forInvalidFile('cad_setor.php')
 2 SYSTEMPATH\Common.php(1177): CodeIgniter\View\View->render('cad_setor', [], true)
 3 APPPATH\Controllers\Setores.php(53): view('cad_setor')
 4 SYSTEMPATH\CodeIgniter.php(934): App\Controllers\Setores->cadastrar()
 5 SYSTEMPATH\CodeIgniter.php(499): CodeIgniter\CodeIgniter->runController(Object(App\Controllers\Setores))
 6 SYSTEMPATH\CodeIgniter.php(368): CodeIgniter\CodeIgniter->handleRequest(null, Object(Config\Cache), false)
 7 FCPATH\index.php(67): CodeIgniter\CodeIgniter->run()
INFO - 2023-02-14 17:36:43 --> Session: Class initialized using 'CodeIgniter\Session\Handlers\FileHandler' driver.
INFO - 2023-02-14 17:37:17 --> Session: Class initialized using 'CodeIgniter\Session\Handlers\FileHandler' driver.
CRITICAL - 2023-02-14 17:37:17 --> count(): Argument #1 ($value) must be of type Countable|array, null given
in APPPATH\Views\setores_teste.php on line 75.
 1 SYSTEMPATH\View\View.php(213): include()
 2 SYSTEMPATH\View\View.php(216): CodeIgniter\View\View->CodeIgniter\View\{closure}()
 3 SYSTEMPATH\Common.php(1177): CodeIgniter\View\View->render('setores_teste', [], true)
 4 APPPATH\Controllers\Setores.php(59): view('setores_teste', [...])
 5 SYSTEMPATH\CodeIgniter.php(934): App\Controllers\Setores->testevalid()
 6 SYSTEMPATH\CodeIgniter.php(499): CodeIgniter\CodeIgniter->runController(Object(App\Controllers\Setores))
 7 SYSTEMPATH\CodeIgniter.php(368): CodeIgniter\CodeIgniter->handleRequest(null, Object(Config\Cache), false)
 8 FCPATH\index.php(67): CodeIgniter\CodeIgniter->run()
INFO - 2023-02-14 17:37:41 --> Session: Class initialized using 'CodeIgniter\Session\Handlers\FileHandler' driver.
CRITICAL - 2023-02-14 17:37:41 --> Undefined variable $setores
in APPPATH\Views\setores_teste.php on line 36.
 1 APPPATH\Views\setores_teste.php(36): CodeIgniter\Debug\Exceptions->errorHandler(2, 'Undefined variable $setores', 'APPPATH\\Views\\setores_teste.php', 36)
 2 SYSTEMPATH\View\View.php(213): include('APPPATH\\Views\\setores_teste.php')
 3 SYSTEMPATH\View\View.php(216): CodeIgniter\View\View->CodeIgniter\View\{closure}()
 4 SYSTEMPATH\Common.php(1177): CodeIgniter\View\View->render('setores_teste', [], true)
 5 APPPATH\Controllers\Setores.php(59): view('setores_teste', [...])
 6 SYSTEMPATH\CodeIgniter.php(934): App\Controllers\Setores->testevalid()
 7 SYSTEMPATH\CodeIgniter.php(499): CodeIgniter\CodeIgniter->runController(Object(App\Controllers\Setores))
 8 SYSTEMPATH\CodeIgniter.php(368): CodeIgniter\CodeIgniter->handleRequest(null, Object(Config\Cache), false)
 9 FCPATH\index.php(67): CodeIgniter\CodeIgniter->run()
INFO - 2023-02-14 17:37:59 --> Session: Class initialized using 'CodeIgniter\Session\Handlers\FileHandler' driver.
CRITICAL - 2023-02-14 17:44:26 --> include(): http:// wrapper is disabled in the server configuration by allow_url_include=0
in APPPATH\Controllers\Setores.php on line 5.
 1 APPPATH\Controllers\Setores.php(5): CodeIgniter\Debug\Exceptions->errorHandler(2, 'include(): http:// wrapper is disabled in the server configuration by allow_url_include=0', 'APPPATH\\Controllers\\Setores.php', 5)
 2 APPPATH\Controllers\Setores.php(5): include()
 3 SYSTEMPATH\Autoloader\Autoloader.php(312): include_once('APPPATH\\Controllers\\Setores.php')
 4 SYSTEMPATH\Autoloader\Autoloader.php(289): CodeIgniter\Autoloader\Autoloader->includeFile('APPPATH\\Controllers\\Setores.php')
 5 SYSTEMPATH\Autoloader\Autoloader.php(267): CodeIgniter\Autoloader\Autoloader->loadInNamespace('App\\Controllers\\Setores')
 6 [internal function]: CodeIgniter\Autoloader\Autoloader->loadClass('App\\Controllers\\Setores')
 7 SYSTEMPATH\CodeIgniter.php(892): class_exists('\\App\\Controllers\\Setores', true)
 8 SYSTEMPATH\CodeIgniter.php(486): CodeIgniter\CodeIgniter->startController()
 9 SYSTEMPATH\CodeIgniter.php(368): CodeIgniter\CodeIgniter->handleRequest(null, Object(Config\Cache), false)
10 FCPATH\index.php(67): CodeIgniter\CodeIgniter->run()
CRITICAL - 2023-02-14 17:46:04 --> include(../../assets/DevExtreme/LoadHelper.php): Failed to open stream: No such file or directory
in APPPATH\Controllers\Setores.php on line 5.
 1 APPPATH\Controllers\Setores.php(5): CodeIgniter\Debug\Exceptions->errorHandler(2, 'include(../../assets/DevExtreme/LoadHelper.php): Failed to open stream: No such file or directory', 'APPPATH\\Controllers\\Setores.php', 5)
 2 APPPATH\Controllers\Setores.php(5): include()
 3 SYSTEMPATH\Autoloader\Autoloader.php(312): include_once('APPPATH\\Controllers\\Setores.php')
 4 SYSTEMPATH\Autoloader\Autoloader.php(289): CodeIgniter\Autoloader\Autoloader->includeFile('APPPATH\\Controllers\\Setores.php')
 5 SYSTEMPATH\Autoloader\Autoloader.php(267): CodeIgniter\Autoloader\Autoloader->loadInNamespace('App\\Controllers\\Setores')
 6 [internal function]: CodeIgniter\Autoloader\Autoloader->loadClass('App\\Controllers\\Setores')
 7 SYSTEMPATH\CodeIgniter.php(892): class_exists('\\App\\Controllers\\Setores', true)
 8 SYSTEMPATH\CodeIgniter.php(486): CodeIgniter\CodeIgniter->startController()
 9 SYSTEMPATH\CodeIgniter.php(368): CodeIgniter\CodeIgniter->handleRequest(null, Object(Config\Cache), false)
10 FCPATH\index.php(67): CodeIgniter\CodeIgniter->run()
CRITICAL - 2023-02-14 17:46:05 --> include(../../assets/DevExtreme/LoadHelper.php): Failed to open stream: No such file or directory
in APPPATH\Controllers\Setores.php on line 5.
 1 APPPATH\Controllers\Setores.php(5): CodeIgniter\Debug\Exceptions->errorHandler(2, 'include(../../assets/DevExtreme/LoadHelper.php): Failed to open stream: No such file or directory', 'APPPATH\\Controllers\\Setores.php', 5)
 2 APPPATH\Controllers\Setores.php(5): include()
 3 SYSTEMPATH\Autoloader\Autoloader.php(312): include_once('APPPATH\\Controllers\\Setores.php')
 4 SYSTEMPATH\Autoloader\Autoloader.php(289): CodeIgniter\Autoloader\Autoloader->includeFile('APPPATH\\Controllers\\Setores.php')
 5 SYSTEMPATH\Autoloader\Autoloader.php(267): CodeIgniter\Autoloader\Autoloader->loadInNamespace('App\\Controllers\\Setores')
 6 [internal function]: CodeIgniter\Autoloader\Autoloader->loadClass('App\\Controllers\\Setores')
 7 SYSTEMPATH\CodeIgniter.php(892): class_exists('\\App\\Controllers\\Setores', true)
 8 SYSTEMPATH\CodeIgniter.php(486): CodeIgniter\CodeIgniter->startController()
 9 SYSTEMPATH\CodeIgniter.php(368): CodeIgniter\CodeIgniter->handleRequest(null, Object(Config\Cache), false)
10 FCPATH\index.php(67): CodeIgniter\CodeIgniter->run()
INFO - 2023-02-14 17:46:20 --> Session: Class initialized using 'CodeIgniter\Session\Handlers\FileHandler' driver.
CRITICAL - 2023-02-14 17:46:20 --> include(): http:// wrapper is disabled in the server configuration by allow_url_include=0
in APPPATH\Views\setores_teste.php on line 20.
 1 APPPATH\Views\setores_teste.php(20): CodeIgniter\Debug\Exceptions->errorHandler(2, 'include(): http:// wrapper is disabled in the server configuration by allow_url_include=0', 'APPPATH\\Views\\setores_teste.php', 20)
 2 APPPATH\Views\setores_teste.php(20): include()
 3 SYSTEMPATH\View\View.php(213): include('APPPATH\\Views\\setores_teste.php')
 4 SYSTEMPATH\View\View.php(216): CodeIgniter\View\View->CodeIgniter\View\{closure}()
 5 SYSTEMPATH\Common.php(1177): CodeIgniter\View\View->render('setores_teste', [], true)
 6 APPPATH\Controllers\Setores.php(64): view('setores_teste', [...])
 7 SYSTEMPATH\CodeIgniter.php(934): App\Controllers\Setores->testevalid()
 8 SYSTEMPATH\CodeIgniter.php(499): CodeIgniter\CodeIgniter->runController(Object(App\Controllers\Setores))
 9 SYSTEMPATH\CodeIgniter.php(368): CodeIgniter\CodeIgniter->handleRequest(null, Object(Config\Cache), false)
10 FCPATH\index.php(67): CodeIgniter\CodeIgniter->run()
INFO - 2023-02-14 17:48:04 --> Session: Class initialized using 'CodeIgniter\Session\Handlers\FileHandler' driver.
CRITICAL - 2023-02-14 17:48:04 --> include(): http:// wrapper is disabled in the server configuration by allow_url_include=0
in APPPATH\Views\setores_teste.php on line 20.
 1 APPPATH\Views\setores_teste.php(20): CodeIgniter\Debug\Exceptions->errorHandler(2, 'include(): http:// wrapper is disabled in the server configuration by allow_url_include=0', 'APPPATH\\Views\\setores_teste.php', 20)
 2 APPPATH\Views\setores_teste.php(20): include()
 3 SYSTEMPATH\View\View.php(213): include('APPPATH\\Views\\setores_teste.php')
 4 SYSTEMPATH\View\View.php(216): CodeIgniter\View\View->CodeIgniter\View\{closure}()
 5 SYSTEMPATH\Common.php(1177): CodeIgniter\View\View->render('setores_teste', [], true)
 6 APPPATH\Controllers\Setores.php(64): view('setores_teste', [...])
 7 SYSTEMPATH\CodeIgniter.php(934): App\Controllers\Setores->testevalid()
 8 SYSTEMPATH\CodeIgniter.php(499): CodeIgniter\CodeIgniter->runController(Object(App\Controllers\Setores))
 9 SYSTEMPATH\CodeIgniter.php(368): CodeIgniter\CodeIgniter->handleRequest(null, Object(Config\Cache), false)
10 FCPATH\index.php(67): CodeIgniter\CodeIgniter->run()
INFO - 2023-02-14 17:48:05 --> Session: Class initialized using 'CodeIgniter\Session\Handlers\FileHandler' driver.
CRITICAL - 2023-02-14 17:48:05 --> include(): http:// wrapper is disabled in the server configuration by allow_url_include=0
in APPPATH\Views\setores_teste.php on line 20.
 1 APPPATH\Views\setores_teste.php(20): CodeIgniter\Debug\Exceptions->errorHandler(2, 'include(): http:// wrapper is disabled in the server configuration by allow_url_include=0', 'APPPATH\\Views\\setores_teste.php', 20)
 2 APPPATH\Views\setores_teste.php(20): include()
 3 SYSTEMPATH\View\View.php(213): include('APPPATH\\Views\\setores_teste.php')
 4 SYSTEMPATH\View\View.php(216): CodeIgniter\View\View->CodeIgniter\View\{closure}()
 5 SYSTEMPATH\Common.php(1177): CodeIgniter\View\View->render('setores_teste', [], true)
 6 APPPATH\Controllers\Setores.php(64): view('setores_teste', [...])
 7 SYSTEMPATH\CodeIgniter.php(934): App\Controllers\Setores->testevalid()
 8 SYSTEMPATH\CodeIgniter.php(499): CodeIgniter\CodeIgniter->runController(Object(App\Controllers\Setores))
 9 SYSTEMPATH\CodeIgniter.php(368): CodeIgniter\CodeIgniter->handleRequest(null, Object(Config\Cache), false)
10 FCPATH\index.php(67): CodeIgniter\CodeIgniter->run()
CRITICAL - 2023-02-14 17:48:12 --> include(../../assets/DevExtreme/LoadHelper.php): Failed to open stream: No such file or directory
in APPPATH\Controllers\Setores.php on line 5.
 1 APPPATH\Controllers\Setores.php(5): CodeIgniter\Debug\Exceptions->errorHandler(2, 'include(../../assets/DevExtreme/LoadHelper.php): Failed to open stream: No such file or directory', 'APPPATH\\Controllers\\Setores.php', 5)
 2 APPPATH\Controllers\Setores.php(5): include()
 3 SYSTEMPATH\Autoloader\Autoloader.php(312): include_once('APPPATH\\Controllers\\Setores.php')
 4 SYSTEMPATH\Autoloader\Autoloader.php(289): CodeIgniter\Autoloader\Autoloader->includeFile('APPPATH\\Controllers\\Setores.php')
 5 SYSTEMPATH\Autoloader\Autoloader.php(267): CodeIgniter\Autoloader\Autoloader->loadInNamespace('App\\Controllers\\Setores')
 6 [internal function]: CodeIgniter\Autoloader\Autoloader->loadClass('App\\Controllers\\Setores')
 7 SYSTEMPATH\CodeIgniter.php(892): class_exists('\\App\\Controllers\\Setores', true)
 8 SYSTEMPATH\CodeIgniter.php(486): CodeIgniter\CodeIgniter->startController()
 9 SYSTEMPATH\CodeIgniter.php(368): CodeIgniter\CodeIgniter->handleRequest(null, Object(Config\Cache), false)
10 FCPATH\index.php(67): CodeIgniter\CodeIgniter->run()
CRITICAL - 2023-02-14 17:48:57 --> include(): http:// wrapper is disabled in the server configuration by allow_url_include=0
in APPPATH\Controllers\Setores.php on line 5.
 1 APPPATH\Controllers\Setores.php(5): CodeIgniter\Debug\Exceptions->errorHandler(2, 'include(): http:// wrapper is disabled in the server configuration by allow_url_include=0', 'APPPATH\\Controllers\\Setores.php', 5)
 2 APPPATH\Controllers\Setores.php(5): include()
 3 SYSTEMPATH\Autoloader\Autoloader.php(312): include_once('APPPATH\\Controllers\\Setores.php')
 4 SYSTEMPATH\Autoloader\Autoloader.php(289): CodeIgniter\Autoloader\Autoloader->includeFile('APPPATH\\Controllers\\Setores.php')
 5 SYSTEMPATH\Autoloader\Autoloader.php(267): CodeIgniter\Autoloader\Autoloader->loadInNamespace('App\\Controllers\\Setores')
 6 [internal function]: CodeIgniter\Autoloader\Autoloader->loadClass('App\\Controllers\\Setores')
 7 SYSTEMPATH\CodeIgniter.php(892): class_exists('\\App\\Controllers\\Setores', true)
 8 SYSTEMPATH\CodeIgniter.php(486): CodeIgniter\CodeIgniter->startController()
 9 SYSTEMPATH\CodeIgniter.php(368): CodeIgniter\CodeIgniter->handleRequest(null, Object(Config\Cache), false)
10 FCPATH\index.php(67): CodeIgniter\CodeIgniter->run()
CRITICAL - 2023-02-14 17:48:58 --> include(): http:// wrapper is disabled in the server configuration by allow_url_include=0
in APPPATH\Controllers\Setores.php on line 5.
 1 APPPATH\Controllers\Setores.php(5): CodeIgniter\Debug\Exceptions->errorHandler(2, 'include(): http:// wrapper is disabled in the server configuration by allow_url_include=0', 'APPPATH\\Controllers\\Setores.php', 5)
 2 APPPATH\Controllers\Setores.php(5): include()
 3 SYSTEMPATH\Autoloader\Autoloader.php(312): include_once('APPPATH\\Controllers\\Setores.php')
 4 SYSTEMPATH\Autoloader\Autoloader.php(289): CodeIgniter\Autoloader\Autoloader->includeFile('APPPATH\\Controllers\\Setores.php')
 5 SYSTEMPATH\Autoloader\Autoloader.php(267): CodeIgniter\Autoloader\Autoloader->loadInNamespace('App\\Controllers\\Setores')
 6 [internal function]: CodeIgniter\Autoloader\Autoloader->loadClass('App\\Controllers\\Setores')
 7 SYSTEMPATH\CodeIgniter.php(892): class_exists('\\App\\Controllers\\Setores', true)
 8 SYSTEMPATH\CodeIgniter.php(486): CodeIgniter\CodeIgniter->startController()
 9 SYSTEMPATH\CodeIgniter.php(368): CodeIgniter\CodeIgniter->handleRequest(null, Object(Config\Cache), false)
10 FCPATH\index.php(67): CodeIgniter\CodeIgniter->run()
CRITICAL - 2023-02-14 17:52:21 --> require_once(../../DevExtreme/LoadHelper.php): Failed to open stream: No such file or directory
in APPPATH\Controllers\Setores.php on line 5.
 1 APPPATH\Controllers\Setores.php(5): CodeIgniter\Debug\Exceptions->errorHandler(2, 'require_once(../../DevExtreme/LoadHelper.php): Failed to open stream: No such file or directory', 'APPPATH\\Controllers\\Setores.php', 5)
 2 APPPATH\Controllers\Setores.php(5): require_once()
 3 SYSTEMPATH\Autoloader\Autoloader.php(312): include_once('APPPATH\\Controllers\\Setores.php')
 4 SYSTEMPATH\Autoloader\Autoloader.php(289): CodeIgniter\Autoloader\Autoloader->includeFile('APPPATH\\Controllers\\Setores.php')
 5 SYSTEMPATH\Autoloader\Autoloader.php(267): CodeIgniter\Autoloader\Autoloader->loadInNamespace('App\\Controllers\\Setores')
 6 [internal function]: CodeIgniter\Autoloader\Autoloader->loadClass('App\\Controllers\\Setores')
 7 SYSTEMPATH\CodeIgniter.php(892): class_exists('\\App\\Controllers\\Setores', true)
 8 SYSTEMPATH\CodeIgniter.php(486): CodeIgniter\CodeIgniter->startController()
 9 SYSTEMPATH\CodeIgniter.php(368): CodeIgniter\CodeIgniter->handleRequest(null, Object(Config\Cache), false)
10 FCPATH\index.php(67): CodeIgniter\CodeIgniter->run()
CRITICAL - 2023-02-14 17:52:33 --> require_once(../DevExtreme/LoadHelper.php): Failed to open stream: No such file or directory
in APPPATH\Controllers\Setores.php on line 5.
 1 APPPATH\Controllers\Setores.php(5): CodeIgniter\Debug\Exceptions->errorHandler(2, 'require_once(../DevExtreme/LoadHelper.php): Failed to open stream: No such file or directory', 'APPPATH\\Controllers\\Setores.php', 5)
 2 APPPATH\Controllers\Setores.php(5): require_once()
 3 SYSTEMPATH\Autoloader\Autoloader.php(312): include_once('APPPATH\\Controllers\\Setores.php')
 4 SYSTEMPATH\Autoloader\Autoloader.php(289): CodeIgniter\Autoloader\Autoloader->includeFile('APPPATH\\Controllers\\Setores.php')
 5 SYSTEMPATH\Autoloader\Autoloader.php(267): CodeIgniter\Autoloader\Autoloader->loadInNamespace('App\\Controllers\\Setores')
 6 [internal function]: CodeIgniter\Autoloader\Autoloader->loadClass('App\\Controllers\\Setores')
 7 SYSTEMPATH\CodeIgniter.php(892): class_exists('\\App\\Controllers\\Setores', true)
 8 SYSTEMPATH\CodeIgniter.php(486): CodeIgniter\CodeIgniter->startController()
 9 SYSTEMPATH\CodeIgniter.php(368): CodeIgniter\CodeIgniter->handleRequest(null, Object(Config\Cache), false)
10 FCPATH\index.php(67): CodeIgniter\CodeIgniter->run()
CRITICAL - 2023-02-14 17:52:51 --> require_once(../../assets/DevExtreme/LoadHelper.php): Failed to open stream: No such file or directory
in APPPATH\Controllers\Setores.php on line 5.
 1 APPPATH\Controllers\Setores.php(5): CodeIgniter\Debug\Exceptions->errorHandler(2, 'require_once(../../assets/DevExtreme/LoadHelper.php): Failed to open stream: No such file or directory', 'APPPATH\\Controllers\\Setores.php', 5)
 2 APPPATH\Controllers\Setores.php(5): require_once()
 3 SYSTEMPATH\Autoloader\Autoloader.php(312): include_once('APPPATH\\Controllers\\Setores.php')
 4 SYSTEMPATH\Autoloader\Autoloader.php(289): CodeIgniter\Autoloader\Autoloader->includeFile('APPPATH\\Controllers\\Setores.php')
 5 SYSTEMPATH\Autoloader\Autoloader.php(267): CodeIgniter\Autoloader\Autoloader->loadInNamespace('App\\Controllers\\Setores')
 6 [internal function]: CodeIgniter\Autoloader\Autoloader->loadClass('App\\Controllers\\Setores')
 7 SYSTEMPATH\CodeIgniter.php(892): class_exists('\\App\\Controllers\\Setores', true)
 8 SYSTEMPATH\CodeIgniter.php(486): CodeIgniter\CodeIgniter->startController()
 9 SYSTEMPATH\CodeIgniter.php(368): CodeIgniter\CodeIgniter->handleRequest(null, Object(Config\Cache), false)
10 FCPATH\index.php(67): CodeIgniter\CodeIgniter->run()
CRITICAL - 2023-02-14 17:53:27 --> require_once(../../assets\DevExtreme/LoadHelper.php): Failed to open stream: No such file or directory
in APPPATH\Controllers\Setores.php on line 5.
 1 APPPATH\Controllers\Setores.php(5): CodeIgniter\Debug\Exceptions->errorHandler(2, 'require_once(../../assets\\DevExtreme/LoadHelper.php): Failed to open stream: No such file or directory', 'APPPATH\\Controllers\\Setores.php', 5)
 2 APPPATH\Controllers\Setores.php(5): require_once()
 3 SYSTEMPATH\Autoloader\Autoloader.php(312): include_once('APPPATH\\Controllers\\Setores.php')
 4 SYSTEMPATH\Autoloader\Autoloader.php(289): CodeIgniter\Autoloader\Autoloader->includeFile('APPPATH\\Controllers\\Setores.php')
 5 SYSTEMPATH\Autoloader\Autoloader.php(267): CodeIgniter\Autoloader\Autoloader->loadInNamespace('App\\Controllers\\Setores')
 6 [internal function]: CodeIgniter\Autoloader\Autoloader->loadClass('App\\Controllers\\Setores')
 7 SYSTEMPATH\CodeIgniter.php(892): class_exists('\\App\\Controllers\\Setores', true)
 8 SYSTEMPATH\CodeIgniter.php(486): CodeIgniter\CodeIgniter->startController()
 9 SYSTEMPATH\CodeIgniter.php(368): CodeIgniter\CodeIgniter->handleRequest(null, Object(Config\Cache), false)
10 FCPATH\index.php(67): CodeIgniter\CodeIgniter->run()
CRITICAL - 2023-02-14 17:53:27 --> require_once(../../assets\DevExtreme/LoadHelper.php): Failed to open stream: No such file or directory
in APPPATH\Controllers\Setores.php on line 5.
 1 APPPATH\Controllers\Setores.php(5): CodeIgniter\Debug\Exceptions->errorHandler(2, 'require_once(../../assets\\DevExtreme/LoadHelper.php): Failed to open stream: No such file or directory', 'APPPATH\\Controllers\\Setores.php', 5)
 2 APPPATH\Controllers\Setores.php(5): require_once()
 3 SYSTEMPATH\Autoloader\Autoloader.php(312): include_once('APPPATH\\Controllers\\Setores.php')
 4 SYSTEMPATH\Autoloader\Autoloader.php(289): CodeIgniter\Autoloader\Autoloader->includeFile('APPPATH\\Controllers\\Setores.php')
 5 SYSTEMPATH\Autoloader\Autoloader.php(267): CodeIgniter\Autoloader\Autoloader->loadInNamespace('App\\Controllers\\Setores')
 6 [internal function]: CodeIgniter\Autoloader\Autoloader->loadClass('App\\Controllers\\Setores')
 7 SYSTEMPATH\CodeIgniter.php(892): class_exists('\\App\\Controllers\\Setores', true)
 8 SYSTEMPATH\CodeIgniter.php(486): CodeIgniter\CodeIgniter->startController()
 9 SYSTEMPATH\CodeIgniter.php(368): CodeIgniter\CodeIgniter->handleRequest(null, Object(Config\Cache), false)
10 FCPATH\index.php(67): CodeIgniter\CodeIgniter->run()
CRITICAL - 2023-02-14 17:53:28 --> require_once(../../assets\DevExtreme/LoadHelper.php): Failed to open stream: No such file or directory
in APPPATH\Controllers\Setores.php on line 5.
 1 APPPATH\Controllers\Setores.php(5): CodeIgniter\Debug\Exceptions->errorHandler(2, 'require_once(../../assets\\DevExtreme/LoadHelper.php): Failed to open stream: No such file or directory', 'APPPATH\\Controllers\\Setores.php', 5)
 2 APPPATH\Controllers\Setores.php(5): require_once()
 3 SYSTEMPATH\Autoloader\Autoloader.php(312): include_once('APPPATH\\Controllers\\Setores.php')
 4 SYSTEMPATH\Autoloader\Autoloader.php(289): CodeIgniter\Autoloader\Autoloader->includeFile('APPPATH\\Controllers\\Setores.php')
 5 SYSTEMPATH\Autoloader\Autoloader.php(267): CodeIgniter\Autoloader\Autoloader->loadInNamespace('App\\Controllers\\Setores')
 6 [internal function]: CodeIgniter\Autoloader\Autoloader->loadClass('App\\Controllers\\Setores')
 7 SYSTEMPATH\CodeIgniter.php(892): class_exists('\\App\\Controllers\\Setores', true)
 8 SYSTEMPATH\CodeIgniter.php(486): CodeIgniter\CodeIgniter->startController()
 9 SYSTEMPATH\CodeIgniter.php(368): CodeIgniter\CodeIgniter->handleRequest(null, Object(Config\Cache), false)
10 FCPATH\index.php(67): CodeIgniter\CodeIgniter->run()
CRITICAL - 2023-02-14 17:53:40 --> require_once(../../assets/LoadHelper.php): Failed to open stream: No such file or directory
in APPPATH\Controllers\Setores.php on line 5.
 1 APPPATH\Controllers\Setores.php(5): CodeIgniter\Debug\Exceptions->errorHandler(2, 'require_once(../../assets/LoadHelper.php): Failed to open stream: No such file or directory', 'APPPATH\\Controllers\\Setores.php', 5)
 2 APPPATH\Controllers\Setores.php(5): require_once()
 3 SYSTEMPATH\Autoloader\Autoloader.php(312): include_once('APPPATH\\Controllers\\Setores.php')
 4 SYSTEMPATH\Autoloader\Autoloader.php(289): CodeIgniter\Autoloader\Autoloader->includeFile('APPPATH\\Controllers\\Setores.php')
 5 SYSTEMPATH\Autoloader\Autoloader.php(267): CodeIgniter\Autoloader\Autoloader->loadInNamespace('App\\Controllers\\Setores')
 6 [internal function]: CodeIgniter\Autoloader\Autoloader->loadClass('App\\Controllers\\Setores')
 7 SYSTEMPATH\CodeIgniter.php(892): class_exists('\\App\\Controllers\\Setores', true)
 8 SYSTEMPATH\CodeIgniter.php(486): CodeIgniter\CodeIgniter->startController()
 9 SYSTEMPATH\CodeIgniter.php(368): CodeIgniter\CodeIgniter->handleRequest(null, Object(Config\Cache), false)
10 FCPATH\index.php(67): CodeIgniter\CodeIgniter->run()
CRITICAL - 2023-02-14 17:53:41 --> require_once(../../assets/LoadHelper.php): Failed to open stream: No such file or directory
in APPPATH\Controllers\Setores.php on line 5.
 1 APPPATH\Controllers\Setores.php(5): CodeIgniter\Debug\Exceptions->errorHandler(2, 'require_once(../../assets/LoadHelper.php): Failed to open stream: No such file or directory', 'APPPATH\\Controllers\\Setores.php', 5)
 2 APPPATH\Controllers\Setores.php(5): require_once()
 3 SYSTEMPATH\Autoloader\Autoloader.php(312): include_once('APPPATH\\Controllers\\Setores.php')
 4 SYSTEMPATH\Autoloader\Autoloader.php(289): CodeIgniter\Autoloader\Autoloader->includeFile('APPPATH\\Controllers\\Setores.php')
 5 SYSTEMPATH\Autoloader\Autoloader.php(267): CodeIgniter\Autoloader\Autoloader->loadInNamespace('App\\Controllers\\Setores')
 6 [internal function]: CodeIgniter\Autoloader\Autoloader->loadClass('App\\Controllers\\Setores')
 7 SYSTEMPATH\CodeIgniter.php(892): class_exists('\\App\\Controllers\\Setores', true)
 8 SYSTEMPATH\CodeIgniter.php(486): CodeIgniter\CodeIgniter->startController()
 9 SYSTEMPATH\CodeIgniter.php(368): CodeIgniter\CodeIgniter->handleRequest(null, Object(Config\Cache), false)
10 FCPATH\index.php(67): CodeIgniter\CodeIgniter->run()
CRITICAL - 2023-02-14 17:54:02 --> require_once(../../assets/DevExtreme/LoadHelper.php): Failed to open stream: No such file or directory
in APPPATH\Controllers\Setores.php on line 5.
 1 APPPATH\Controllers\Setores.php(5): CodeIgniter\Debug\Exceptions->errorHandler(2, 'require_once(../../assets/DevExtreme/LoadHelper.php): Failed to open stream: No such file or directory', 'APPPATH\\Controllers\\Setores.php', 5)
 2 APPPATH\Controllers\Setores.php(5): require_once()
 3 SYSTEMPATH\Autoloader\Autoloader.php(312): include_once('APPPATH\\Controllers\\Setores.php')
 4 SYSTEMPATH\Autoloader\Autoloader.php(289): CodeIgniter\Autoloader\Autoloader->includeFile('APPPATH\\Controllers\\Setores.php')
 5 SYSTEMPATH\Autoloader\Autoloader.php(267): CodeIgniter\Autoloader\Autoloader->loadInNamespace('App\\Controllers\\Setores')
 6 [internal function]: CodeIgniter\Autoloader\Autoloader->loadClass('App\\Controllers\\Setores')
 7 SYSTEMPATH\CodeIgniter.php(892): class_exists('\\App\\Controllers\\Setores', true)
 8 SYSTEMPATH\CodeIgniter.php(486): CodeIgniter\CodeIgniter->startController()
 9 SYSTEMPATH\CodeIgniter.php(368): CodeIgniter\CodeIgniter->handleRequest(null, Object(Config\Cache), false)
10 FCPATH\index.php(67): CodeIgniter\CodeIgniter->run()
CRITICAL - 2023-02-14 17:54:03 --> require_once(../../assets/DevExtreme/LoadHelper.php): Failed to open stream: No such file or directory
in APPPATH\Controllers\Setores.php on line 5.
 1 APPPATH\Controllers\Setores.php(5): CodeIgniter\Debug\Exceptions->errorHandler(2, 'require_once(../../assets/DevExtreme/LoadHelper.php): Failed to open stream: No such file or directory', 'APPPATH\\Controllers\\Setores.php', 5)
 2 APPPATH\Controllers\Setores.php(5): require_once()
 3 SYSTEMPATH\Autoloader\Autoloader.php(312): include_once('APPPATH\\Controllers\\Setores.php')
 4 SYSTEMPATH\Autoloader\Autoloader.php(289): CodeIgniter\Autoloader\Autoloader->includeFile('APPPATH\\Controllers\\Setores.php')
 5 SYSTEMPATH\Autoloader\Autoloader.php(267): CodeIgniter\Autoloader\Autoloader->loadInNamespace('App\\Controllers\\Setores')
 6 [internal function]: CodeIgniter\Autoloader\Autoloader->loadClass('App\\Controllers\\Setores')
 7 SYSTEMPATH\CodeIgniter.php(892): class_exists('\\App\\Controllers\\Setores', true)
 8 SYSTEMPATH\CodeIgniter.php(486): CodeIgniter\CodeIgniter->startController()
 9 SYSTEMPATH\CodeIgniter.php(368): CodeIgniter\CodeIgniter->handleRequest(null, Object(Config\Cache), false)
10 FCPATH\index.php(67): CodeIgniter\CodeIgniter->run()
CRITICAL - 2023-02-14 17:54:40 --> require_once(../intramet/assets/DevExtreme/LoadHelper.php): Failed to open stream: No such file or directory
in APPPATH\Controllers\Setores.php on line 5.
 1 APPPATH\Controllers\Setores.php(5): CodeIgniter\Debug\Exceptions->errorHandler(2, 'require_once(../intramet/assets/DevExtreme/LoadHelper.php): Failed to open stream: No such file or directory', 'APPPATH\\Controllers\\Setores.php', 5)
 2 APPPATH\Controllers\Setores.php(5): require_once()
 3 SYSTEMPATH\Autoloader\Autoloader.php(312): include_once('APPPATH\\Controllers\\Setores.php')
 4 SYSTEMPATH\Autoloader\Autoloader.php(289): CodeIgniter\Autoloader\Autoloader->includeFile('APPPATH\\Controllers\\Setores.php')
 5 SYSTEMPATH\Autoloader\Autoloader.php(267): CodeIgniter\Autoloader\Autoloader->loadInNamespace('App\\Controllers\\Setores')
 6 [internal function]: CodeIgniter\Autoloader\Autoloader->loadClass('App\\Controllers\\Setores')
 7 SYSTEMPATH\CodeIgniter.php(892): class_exists('\\App\\Controllers\\Setores', true)
 8 SYSTEMPATH\CodeIgniter.php(486): CodeIgniter\CodeIgniter->startController()
 9 SYSTEMPATH\CodeIgniter.php(368): CodeIgniter\CodeIgniter->handleRequest(null, Object(Config\Cache), false)
10 FCPATH\index.php(67): CodeIgniter\CodeIgniter->run()
CRITICAL - 2023-02-14 17:54:41 --> require_once(../intramet/assets/DevExtreme/LoadHelper.php): Failed to open stream: No such file or directory
in APPPATH\Controllers\Setores.php on line 5.
 1 APPPATH\Controllers\Setores.php(5): CodeIgniter\Debug\Exceptions->errorHandler(2, 'require_once(../intramet/assets/DevExtreme/LoadHelper.php): Failed to open stream: No such file or directory', 'APPPATH\\Controllers\\Setores.php', 5)
 2 APPPATH\Controllers\Setores.php(5): require_once()
 3 SYSTEMPATH\Autoloader\Autoloader.php(312): include_once('APPPATH\\Controllers\\Setores.php')
 4 SYSTEMPATH\Autoloader\Autoloader.php(289): CodeIgniter\Autoloader\Autoloader->includeFile('APPPATH\\Controllers\\Setores.php')
 5 SYSTEMPATH\Autoloader\Autoloader.php(267): CodeIgniter\Autoloader\Autoloader->loadInNamespace('App\\Controllers\\Setores')
 6 [internal function]: CodeIgniter\Autoloader\Autoloader->loadClass('App\\Controllers\\Setores')
 7 SYSTEMPATH\CodeIgniter.php(892): class_exists('\\App\\Controllers\\Setores', true)
 8 SYSTEMPATH\CodeIgniter.php(486): CodeIgniter\CodeIgniter->startController()
 9 SYSTEMPATH\CodeIgniter.php(368): CodeIgniter\CodeIgniter->handleRequest(null, Object(Config\Cache), false)
10 FCPATH\index.php(67): CodeIgniter\CodeIgniter->run()
CRITICAL - 2023-02-14 17:54:42 --> require_once(../intramet/assets/DevExtreme/LoadHelper.php): Failed to open stream: No such file or directory
in APPPATH\Controllers\Setores.php on line 5.
 1 APPPATH\Controllers\Setores.php(5): CodeIgniter\Debug\Exceptions->errorHandler(2, 'require_once(../intramet/assets/DevExtreme/LoadHelper.php): Failed to open stream: No such file or directory', 'APPPATH\\Controllers\\Setores.php', 5)
 2 APPPATH\Controllers\Setores.php(5): require_once()
 3 SYSTEMPATH\Autoloader\Autoloader.php(312): include_once('APPPATH\\Controllers\\Setores.php')
 4 SYSTEMPATH\Autoloader\Autoloader.php(289): CodeIgniter\Autoloader\Autoloader->includeFile('APPPATH\\Controllers\\Setores.php')
 5 SYSTEMPATH\Autoloader\Autoloader.php(267): CodeIgniter\Autoloader\Autoloader->loadInNamespace('App\\Controllers\\Setores')
 6 [internal function]: CodeIgniter\Autoloader\Autoloader->loadClass('App\\Controllers\\Setores')
 7 SYSTEMPATH\CodeIgniter.php(892): class_exists('\\App\\Controllers\\Setores', true)
 8 SYSTEMPATH\CodeIgniter.php(486): CodeIgniter\CodeIgniter->startController()
 9 SYSTEMPATH\CodeIgniter.php(368): CodeIgniter\CodeIgniter->handleRequest(null, Object(Config\Cache), false)
10 FCPATH\index.php(67): CodeIgniter\CodeIgniter->run()
CRITICAL - 2023-02-14 17:54:42 --> require_once(../intramet/assets/DevExtreme/LoadHelper.php): Failed to open stream: No such file or directory
in APPPATH\Controllers\Setores.php on line 5.
 1 APPPATH\Controllers\Setores.php(5): CodeIgniter\Debug\Exceptions->errorHandler(2, 'require_once(../intramet/assets/DevExtreme/LoadHelper.php): Failed to open stream: No such file or directory', 'APPPATH\\Controllers\\Setores.php', 5)
 2 APPPATH\Controllers\Setores.php(5): require_once()
 3 SYSTEMPATH\Autoloader\Autoloader.php(312): include_once('APPPATH\\Controllers\\Setores.php')
 4 SYSTEMPATH\Autoloader\Autoloader.php(289): CodeIgniter\Autoloader\Autoloader->includeFile('APPPATH\\Controllers\\Setores.php')
 5 SYSTEMPATH\Autoloader\Autoloader.php(267): CodeIgniter\Autoloader\Autoloader->loadInNamespace('App\\Controllers\\Setores')
 6 [internal function]: CodeIgniter\Autoloader\Autoloader->loadClass('App\\Controllers\\Setores')
 7 SYSTEMPATH\CodeIgniter.php(892): class_exists('\\App\\Controllers\\Setores', true)
 8 SYSTEMPATH\CodeIgniter.php(486): CodeIgniter\CodeIgniter->startController()
 9 SYSTEMPATH\CodeIgniter.php(368): CodeIgniter\CodeIgniter->handleRequest(null, Object(Config\Cache), false)
10 FCPATH\index.php(67): CodeIgniter\CodeIgniter->run()
CRITICAL - 2023-02-14 17:54:42 --> require_once(../intramet/assets/DevExtreme/LoadHelper.php): Failed to open stream: No such file or directory
in APPPATH\Controllers\Setores.php on line 5.
 1 APPPATH\Controllers\Setores.php(5): CodeIgniter\Debug\Exceptions->errorHandler(2, 'require_once(../intramet/assets/DevExtreme/LoadHelper.php): Failed to open stream: No such file or directory', 'APPPATH\\Controllers\\Setores.php', 5)
 2 APPPATH\Controllers\Setores.php(5): require_once()
 3 SYSTEMPATH\Autoloader\Autoloader.php(312): include_once('APPPATH\\Controllers\\Setores.php')
 4 SYSTEMPATH\Autoloader\Autoloader.php(289): CodeIgniter\Autoloader\Autoloader->includeFile('APPPATH\\Controllers\\Setores.php')
 5 SYSTEMPATH\Autoloader\Autoloader.php(267): CodeIgniter\Autoloader\Autoloader->loadInNamespace('App\\Controllers\\Setores')
 6 [internal function]: CodeIgniter\Autoloader\Autoloader->loadClass('App\\Controllers\\Setores')
 7 SYSTEMPATH\CodeIgniter.php(892): class_exists('\\App\\Controllers\\Setores', true)
 8 SYSTEMPATH\CodeIgniter.php(486): CodeIgniter\CodeIgniter->startController()
 9 SYSTEMPATH\CodeIgniter.php(368): CodeIgniter\CodeIgniter->handleRequest(null, Object(Config\Cache), false)
10 FCPATH\index.php(67): CodeIgniter\CodeIgniter->run()
CRITICAL - 2023-02-14 17:54:42 --> require_once(../intramet/assets/DevExtreme/LoadHelper.php): Failed to open stream: No such file or directory
in APPPATH\Controllers\Setores.php on line 5.
 1 APPPATH\Controllers\Setores.php(5): CodeIgniter\Debug\Exceptions->errorHandler(2, 'require_once(../intramet/assets/DevExtreme/LoadHelper.php): Failed to open stream: No such file or directory', 'APPPATH\\Controllers\\Setores.php', 5)
 2 APPPATH\Controllers\Setores.php(5): require_once()
 3 SYSTEMPATH\Autoloader\Autoloader.php(312): include_once('APPPATH\\Controllers\\Setores.php')
 4 SYSTEMPATH\Autoloader\Autoloader.php(289): CodeIgniter\Autoloader\Autoloader->includeFile('APPPATH\\Controllers\\Setores.php')
 5 SYSTEMPATH\Autoloader\Autoloader.php(267): CodeIgniter\Autoloader\Autoloader->loadInNamespace('App\\Controllers\\Setores')
 6 [internal function]: CodeIgniter\Autoloader\Autoloader->loadClass('App\\Controllers\\Setores')
 7 SYSTEMPATH\CodeIgniter.php(892): class_exists('\\App\\Controllers\\Setores', true)
 8 SYSTEMPATH\CodeIgniter.php(486): CodeIgniter\CodeIgniter->startController()
 9 SYSTEMPATH\CodeIgniter.php(368): CodeIgniter\CodeIgniter->handleRequest(null, Object(Config\Cache), false)
10 FCPATH\index.php(67): CodeIgniter\CodeIgniter->run()
INFO - 2023-02-14 17:55:44 --> Session: Class initialized using 'CodeIgniter\Session\Handlers\FileHandler' driver.
CRITICAL - 2023-02-14 17:55:44 --> include(): http:// wrapper is disabled in the server configuration by allow_url_include=0
in APPPATH\Views\setores_teste.php on line 20.
 1 APPPATH\Views\setores_teste.php(20): CodeIgniter\Debug\Exceptions->errorHandler(2, 'include(): http:// wrapper is disabled in the server configuration by allow_url_include=0', 'APPPATH\\Views\\setores_teste.php', 20)
 2 APPPATH\Views\setores_teste.php(20): include()
 3 SYSTEMPATH\View\View.php(213): include('APPPATH\\Views\\setores_teste.php')
 4 SYSTEMPATH\View\View.php(216): CodeIgniter\View\View->CodeIgniter\View\{closure}()
 5 SYSTEMPATH\Common.php(1177): CodeIgniter\View\View->render('setores_teste', [], true)
 6 APPPATH\Controllers\Setores.php(64): view('setores_teste', [...])
 7 SYSTEMPATH\CodeIgniter.php(934): App\Controllers\Setores->testevalid()
 8 SYSTEMPATH\CodeIgniter.php(499): CodeIgniter\CodeIgniter->runController(Object(App\Controllers\Setores))
 9 SYSTEMPATH\CodeIgniter.php(368): CodeIgniter\CodeIgniter->handleRequest(null, Object(Config\Cache), false)
10 FCPATH\index.php(67): CodeIgniter\CodeIgniter->run()
INFO - 2023-02-14 17:56:00 --> Session: Class initialized using 'CodeIgniter\Session\Handlers\FileHandler' driver.
INFO - 2023-02-14 18:20:48 --> Session: Class initialized using 'CodeIgniter\Session\Handlers\FileHandler' driver.
INFO - 2023-02-14 18:20:49 --> Session: Class initialized using 'CodeIgniter\Session\Handlers\FileHandler' driver.
INFO - 2023-02-14 18:20:56 --> Session: Class initialized using 'CodeIgniter\Session\Handlers\FileHandler' driver.
INFO - 2023-02-14 18:22:59 --> Session: Class initialized using 'CodeIgniter\Session\Handlers\FileHandler' driver.
INFO - 2023-02-14 18:23:00 --> Session: Class initialized using 'CodeIgniter\Session\Handlers\FileHandler' driver.
INFO - 2023-02-14 18:46:04 --> Session: Class initialized using 'CodeIgniter\Session\Handlers\FileHandler' driver.
INFO - 2023-02-14 18:48:07 --> Session: Class initialized using 'CodeIgniter\Session\Handlers\FileHandler' driver.
INFO - 2023-02-14 18:48:10 --> Session: Class initialized using 'CodeIgniter\Session\Handlers\FileHandler' driver.
INFO - 2023-02-14 18:48:30 --> Session: Class initialized using 'CodeIgniter\Session\Handlers\FileHandler' driver.
INFO - 2023-02-14 18:48:31 --> Session: Class initialized using 'CodeIgniter\Session\Handlers\FileHandler' driver.
INFO - 2023-02-14 18:48:32 --> Session: Class initialized using 'CodeIgniter\Session\Handlers\FileHandler' driver.
INFO - 2023-02-14 18:51:45 --> Session: Class initialized using 'CodeIgniter\Session\Handlers\FileHandler' driver.
INFO - 2023-02-14 18:51:46 --> Session: Class initialized using 'CodeIgniter\Session\Handlers\FileHandler' driver.
INFO - 2023-02-14 18:51:46 --> Session: Class initialized using 'CodeIgniter\Session\Handlers\FileHandler' driver.
INFO - 2023-02-14 18:52:01 --> Session: Class initialized using 'CodeIgniter\Session\Handlers\FileHandler' driver.
INFO - 2023-02-14 18:52:02 --> Session: Class initialized using 'CodeIgniter\Session\Handlers\FileHandler' driver.
INFO - 2023-02-14 18:54:03 --> Session: Class initialized using 'CodeIgniter\Session\Handlers\FileHandler' driver.
INFO - 2023-02-14 18:54:04 --> Session: Class initialized using 'CodeIgniter\Session\Handlers\FileHandler' driver.
INFO - 2023-02-14 18:58:02 --> Session: Class initialized using 'CodeIgniter\Session\Handlers\FileHandler' driver.
INFO - 2023-02-14 18:58:03 --> Session: Class initialized using 'CodeIgniter\Session\Handlers\FileHandler' driver.
INFO - 2023-02-14 18:59:20 --> Session: Class initialized using 'CodeIgniter\Session\Handlers\FileHandler' driver.
INFO - 2023-02-14 19:00:12 --> Session: Class initialized using 'CodeIgniter\Session\Handlers\FileHandler' driver.
INFO - 2023-02-14 19:00:13 --> Session: Class initialized using 'CodeIgniter\Session\Handlers\FileHandler' driver.
INFO - 2023-02-14 19:00:13 --> Session: Class initialized using 'CodeIgniter\Session\Handlers\FileHandler' driver.
INFO - 2023-02-14 19:00:22 --> Session: Class initialized using 'CodeIgniter\Session\Handlers\FileHandler' driver.
INFO - 2023-02-14 19:00:23 --> Session: Class initialized using 'CodeIgniter\Session\Handlers\FileHandler' driver.
INFO - 2023-02-14 19:00:30 --> Session: Class initialized using 'CodeIgniter\Session\Handlers\FileHandler' driver.
INFO - 2023-02-14 19:00:31 --> Session: Class initialized using 'CodeIgniter\Session\Handlers\FileHandler' driver.
INFO - 2023-02-14 19:00:31 --> Session: Class initialized using 'CodeIgniter\Session\Handlers\FileHandler' driver.
INFO - 2023-02-14 19:04:56 --> Session: Class initialized using 'CodeIgniter\Session\Handlers\FileHandler' driver.
INFO - 2023-02-14 19:04:57 --> Session: Class initialized using 'CodeIgniter\Session\Handlers\FileHandler' driver.
INFO - 2023-02-14 19:05:10 --> Session: Class initialized using 'CodeIgniter\Session\Handlers\FileHandler' driver.
INFO - 2023-02-14 19:11:27 --> Session: Class initialized using 'CodeIgniter\Session\Handlers\FileHandler' driver.
INFO - 2023-02-14 19:12:16 --> Session: Class initialized using 'CodeIgniter\Session\Handlers\FileHandler' driver.
INFO - 2023-02-14 19:12:27 --> Session: Class initialized using 'CodeIgniter\Session\Handlers\FileHandler' driver.
INFO - 2023-02-14 19:12:38 --> Session: Class initialized using 'CodeIgniter\Session\Handlers\FileHandler' driver.
INFO - 2023-02-14 19:13:00 --> Session: Class initialized using 'CodeIgniter\Session\Handlers\FileHandler' driver.
INFO - 2023-02-14 19:13:10 --> Session: Class initialized using 'CodeIgniter\Session\Handlers\FileHandler' driver.
INFO - 2023-02-14 19:13:20 --> Session: Class initialized using 'CodeIgniter\Session\Handlers\FileHandler' driver.
INFO - 2023-02-14 19:13:56 --> Session: Class initialized using 'CodeIgniter\Session\Handlers\FileHandler' driver.
INFO - 2023-02-14 19:13:57 --> Session: Class initialized using 'CodeIgniter\Session\Handlers\FileHandler' driver.
INFO - 2023-02-14 19:14:01 --> Session: Class initialized using 'CodeIgniter\Session\Handlers\FileHandler' driver.
INFO - 2023-02-14 19:14:01 --> Session: Class initialized using 'CodeIgniter\Session\Handlers\FileHandler' driver.
INFO - 2023-02-14 19:14:06 --> Session: Class initialized using 'CodeIgniter\Session\Handlers\FileHandler' driver.
INFO - 2023-02-14 19:14:08 --> Session: Class initialized using 'CodeIgniter\Session\Handlers\FileHandler' driver.
INFO - 2023-02-14 19:45:07 --> Session: Class initialized using 'CodeIgniter\Session\Handlers\FileHandler' driver.
INFO - 2023-02-14 19:45:09 --> Session: Class initialized using 'CodeIgniter\Session\Handlers\FileHandler' driver.
INFO - 2023-02-14 19:45:09 --> Session: Class initialized using 'CodeIgniter\Session\Handlers\FileHandler' driver.
INFO - 2023-02-14 19:45:09 --> Session: Class initialized using 'CodeIgniter\Session\Handlers\FileHandler' driver.
INFO - 2023-02-14 19:45:26 --> Session: Class initialized using 'CodeIgniter\Session\Handlers\FileHandler' driver.
INFO - 2023-02-14 19:45:28 --> Session: Class initialized using 'CodeIgniter\Session\Handlers\FileHandler' driver.
INFO - 2023-02-14 19:45:50 --> Session: Class initialized using 'CodeIgniter\Session\Handlers\FileHandler' driver.
INFO - 2023-02-14 19:45:56 --> Session: Class initialized using 'CodeIgniter\Session\Handlers\FileHandler' driver.
INFO - 2023-02-14 19:45:59 --> Session: Class initialized using 'CodeIgniter\Session\Handlers\FileHandler' driver.
INFO - 2023-02-14 19:46:01 --> Session: Class initialized using 'CodeIgniter\Session\Handlers\FileHandler' driver.
INFO - 2023-02-14 19:46:03 --> Session: Class initialized using 'CodeIgniter\Session\Handlers\FileHandler' driver.
INFO - 2023-02-14 20:13:48 --> Session: Class initialized using 'CodeIgniter\Session\Handlers\FileHandler' driver.
INFO - 2023-02-14 20:15:53 --> Session: Class initialized using 'CodeIgniter\Session\Handlers\FileHandler' driver.
INFO - 2023-02-14 20:16:21 --> Session: Class initialized using 'CodeIgniter\Session\Handlers\FileHandler' driver.
INFO - 2023-02-14 20:16:37 --> Session: Class initialized using 'CodeIgniter\Session\Handlers\FileHandler' driver.
INFO - 2023-02-14 20:16:39 --> Session: Class initialized using 'CodeIgniter\Session\Handlers\FileHandler' driver.
INFO - 2023-02-14 20:16:40 --> Session: Class initialized using 'CodeIgniter\Session\Handlers\FileHandler' driver.
INFO - 2023-02-14 20:16:43 --> Session: Class initialized using 'CodeIgniter\Session\Handlers\FileHandler' driver.
INFO - 2023-02-14 20:16:47 --> Session: Class initialized using 'CodeIgniter\Session\Handlers\FileHandler' driver.
INFO - 2023-02-14 20:16:49 --> Session: Class initialized using 'CodeIgniter\Session\Handlers\FileHandler' driver.
