CRITICAL - 2023-01-23 12:58:13 --> syntax error, unexpected token "}", expecting ";"
in APPPATH\Controllers\Setores.php on line 44.
 1 SYSTEMPATH\Autoloader\Autoloader.php(289): CodeIgniter\Autoloader\Autoloader->includeFile('APPPATH\\Controllers\\Setores.php')
 2 SYSTEMPATH\Autoloader\Autoloader.php(267): CodeIgniter\Autoloader\Autoloader->loadInNamespace('App\\Controllers\\Setores')
 3 [internal function]: CodeIgniter\Autoloader\Autoloader->loadClass('App\\Controllers\\Setores')
 4 SYSTEMPATH\CodeIgniter.php(892): class_exists('\\App\\Controllers\\Setores', true)
 5 SYSTEMPATH\CodeIgniter.php(486): CodeIgniter\CodeIgniter->startController()
 6 SYSTEMPATH\CodeIgniter.php(368): CodeIgniter\CodeIgniter->handleRequest(null, Object(Config\Cache), false)
 7 FCPATH\index.php(67): CodeIgniter\CodeIgniter->run()
CRITICAL - 2023-01-23 13:26:17 --> Undefined variable $mensagem
in APPPATH\Views\mensagens.php on line 29.
 1 APPPATH\Views\mensagens.php(29): CodeIgniter\Debug\Exceptions->errorHandler(2, 'Undefined variable $mensagem', 'APPPATH\\Views\\mensagens.php', 29)
 2 SYSTEMPATH\View\View.php(213): include('APPPATH\\Views\\mensagens.php')
 3 SYSTEMPATH\View\View.php(216): CodeIgniter\View\View->CodeIgniter\View\{closure}()
 4 SYSTEMPATH\Common.php(1177): CodeIgniter\View\View->render('mensagens', [], true)
 5 APPPATH\Controllers\Home.php(9): view('mensagens')
 6 SYSTEMPATH\CodeIgniter.php(934): App\Controllers\Home->index()
 7 SYSTEMPATH\CodeIgniter.php(499): CodeIgniter\CodeIgniter->runController(Object(App\Controllers\Home))
 8 SYSTEMPATH\CodeIgniter.php(368): CodeIgniter\CodeIgniter->handleRequest(null, Object(Config\Cache), false)
 9 FCPATH\index.php(67): CodeIgniter\CodeIgniter->run()
CRITICAL - 2023-01-23 13:26:24 --> Undefined variable $mensagem
in APPPATH\Views\mensagens.php on line 29.
 1 APPPATH\Views\mensagens.php(29): CodeIgniter\Debug\Exceptions->errorHandler(2, 'Undefined variable $mensagem', 'APPPATH\\Views\\mensagens.php', 29)
 2 SYSTEMPATH\View\View.php(213): include('APPPATH\\Views\\mensagens.php')
 3 SYSTEMPATH\View\View.php(216): CodeIgniter\View\View->CodeIgniter\View\{closure}()
 4 SYSTEMPATH\Common.php(1177): CodeIgniter\View\View->render('mensagens', [], true)
 5 APPPATH\Controllers\Setores.php(45): view('mensagens')
 6 SYSTEMPATH\CodeIgniter.php(934): App\Controllers\Setores->apagar('36')
 7 SYSTEMPATH\CodeIgniter.php(499): CodeIgniter\CodeIgniter->runController(Object(App\Controllers\Setores))
 8 SYSTEMPATH\CodeIgniter.php(368): CodeIgniter\CodeIgniter->handleRequest(null, Object(Config\Cache), false)
 9 FCPATH\index.php(67): CodeIgniter\CodeIgniter->run()
CRITICAL - 2023-01-23 13:32:38 --> Undefined variable $mensagem
in APPPATH\Views\mensagens.php on line 29.
 1 APPPATH\Views\mensagens.php(29): CodeIgniter\Debug\Exceptions->errorHandler(2, 'Undefined variable $mensagem', 'APPPATH\\Views\\mensagens.php', 29)
 2 SYSTEMPATH\View\View.php(213): include('APPPATH\\Views\\mensagens.php')
 3 SYSTEMPATH\View\View.php(216): CodeIgniter\View\View->CodeIgniter\View\{closure}()
 4 SYSTEMPATH\Common.php(1177): CodeIgniter\View\View->render('mensagens', [], true)
 5 APPPATH\Controllers\Setores.php(45): view('mensagens')
 6 SYSTEMPATH\CodeIgniter.php(934): App\Controllers\Setores->apagar('31')
 7 SYSTEMPATH\CodeIgniter.php(499): CodeIgniter\CodeIgniter->runController(Object(App\Controllers\Setores))
 8 SYSTEMPATH\CodeIgniter.php(368): CodeIgniter\CodeIgniter->handleRequest(null, Object(Config\Cache), false)
 9 FCPATH\index.php(67): CodeIgniter\CodeIgniter->run()
CRITICAL - 2023-01-23 13:37:24 --> Undefined variable $mensagens
in APPPATH\Views\mensagens.php on line 29.
 1 APPPATH\Views\mensagens.php(29): CodeIgniter\Debug\Exceptions->errorHandler(2, 'Undefined variable $mensagens', 'APPPATH\\Views\\mensagens.php', 29)
 2 SYSTEMPATH\View\View.php(213): include('APPPATH\\Views\\mensagens.php')
 3 SYSTEMPATH\View\View.php(216): CodeIgniter\View\View->CodeIgniter\View\{closure}()
 4 SYSTEMPATH\Common.php(1177): CodeIgniter\View\View->render('mensagens', [], true)
 5 APPPATH\Controllers\Setores.php(33): view('mensagens', [...])
 6 SYSTEMPATH\CodeIgniter.php(934): App\Controllers\Setores->salvar()
 7 SYSTEMPATH\CodeIgniter.php(499): CodeIgniter\CodeIgniter->runController(Object(App\Controllers\Setores))
 8 SYSTEMPATH\CodeIgniter.php(368): CodeIgniter\CodeIgniter->handleRequest(null, Object(Config\Cache), false)
 9 FCPATH\index.php(67): CodeIgniter\CodeIgniter->run()
CRITICAL - 2023-01-23 13:40:00 --> Undefined variable $mensagem
in APPPATH\Views\mensagens.php on line 29.
 1 APPPATH\Views\mensagens.php(29): CodeIgniter\Debug\Exceptions->errorHandler(2, 'Undefined variable $mensagem', 'APPPATH\\Views\\mensagens.php', 29)
 2 SYSTEMPATH\View\View.php(213): include('APPPATH\\Views\\mensagens.php')
 3 SYSTEMPATH\View\View.php(216): CodeIgniter\View\View->CodeIgniter\View\{closure}()
 4 SYSTEMPATH\Common.php(1177): CodeIgniter\View\View->render('mensagens', [], true)
 5 APPPATH\Controllers\Setores.php(45): view('mensagens')
 6 SYSTEMPATH\CodeIgniter.php(934): App\Controllers\Setores->apagar('37')
 7 SYSTEMPATH\CodeIgniter.php(499): CodeIgniter\CodeIgniter->runController(Object(App\Controllers\Setores))
 8 SYSTEMPATH\CodeIgniter.php(368): CodeIgniter\CodeIgniter->handleRequest(null, Object(Config\Cache), false)
 9 FCPATH\index.php(67): CodeIgniter\CodeIgniter->run()
CRITICAL - 2023-01-23 14:13:40 --> Undefined variable $mensagem
in APPPATH\Views\mensagens.php on line 29.
 1 APPPATH\Views\mensagens.php(29): CodeIgniter\Debug\Exceptions->errorHandler(2, 'Undefined variable $mensagem', 'APPPATH\\Views\\mensagens.php', 29)
 2 SYSTEMPATH\View\View.php(213): include('APPPATH\\Views\\mensagens.php')
 3 SYSTEMPATH\View\View.php(216): CodeIgniter\View\View->CodeIgniter\View\{closure}()
 4 SYSTEMPATH\Common.php(1177): CodeIgniter\View\View->render('mensagens', [], true)
 5 APPPATH\Controllers\Home.php(9): view('mensagens')
 6 SYSTEMPATH\CodeIgniter.php(934): App\Controllers\Home->index()
 7 SYSTEMPATH\CodeIgniter.php(499): CodeIgniter\CodeIgniter->runController(Object(App\Controllers\Home))
 8 SYSTEMPATH\CodeIgniter.php(368): CodeIgniter\CodeIgniter->handleRequest(null, Object(Config\Cache), false)
 9 FCPATH\index.php(67): CodeIgniter\CodeIgniter->run()
CRITICAL - 2023-01-23 14:13:47 --> Undefined variable $mensagem
in APPPATH\Views\mensagens.php on line 29.
 1 APPPATH\Views\mensagens.php(29): CodeIgniter\Debug\Exceptions->errorHandler(2, 'Undefined variable $mensagem', 'APPPATH\\Views\\mensagens.php', 29)
 2 SYSTEMPATH\View\View.php(213): include('APPPATH\\Views\\mensagens.php')
 3 SYSTEMPATH\View\View.php(216): CodeIgniter\View\View->CodeIgniter\View\{closure}()
 4 SYSTEMPATH\Common.php(1177): CodeIgniter\View\View->render('mensagens', [], true)
 5 APPPATH\Controllers\Home.php(9): view('mensagens')
 6 SYSTEMPATH\CodeIgniter.php(934): App\Controllers\Home->index()
 7 SYSTEMPATH\CodeIgniter.php(499): CodeIgniter\CodeIgniter->runController(Object(App\Controllers\Home))
 8 SYSTEMPATH\CodeIgniter.php(368): CodeIgniter\CodeIgniter->handleRequest(null, Object(Config\Cache), false)
 9 FCPATH\index.php(67): CodeIgniter\CodeIgniter->run()
CRITICAL - 2023-01-23 14:28:29 --> Undefined variable $setor
in APPPATH\Views\cad_setor.php on line 33.
 1 APPPATH\Views\cad_setor.php(33): CodeIgniter\Debug\Exceptions->errorHandler(2, 'Undefined variable $setor', 'APPPATH\\Views\\cad_setor.php', 33)
 2 SYSTEMPATH\View\View.php(213): include('APPPATH\\Views\\cad_setor.php')
 3 SYSTEMPATH\View\View.php(216): CodeIgniter\View\View->CodeIgniter\View\{closure}()
 4 SYSTEMPATH\Common.php(1177): CodeIgniter\View\View->render('cad_setor', [], true)
 5 APPPATH\Controllers\Setores.php(26): view('cad_setor')
 6 SYSTEMPATH\CodeIgniter.php(934): App\Controllers\Setores->cadastrar()
 7 SYSTEMPATH\CodeIgniter.php(499): CodeIgniter\CodeIgniter->runController(Object(App\Controllers\Setores))
 8 SYSTEMPATH\CodeIgniter.php(368): CodeIgniter\CodeIgniter->handleRequest(null, Object(Config\Cache), false)
 9 FCPATH\index.php(67): CodeIgniter\CodeIgniter->run()
CRITICAL - 2023-01-23 15:10:08 --> Undefined array key "cod"
in APPPATH\Views\status.php on line 45.
 1 APPPATH\Views\status.php(45): CodeIgniter\Debug\Exceptions->errorHandler(2, 'Undefined array key "cod"', 'APPPATH\\Views\\status.php', 45)
 2 SYSTEMPATH\View\View.php(213): include('APPPATH\\Views\\status.php')
 3 SYSTEMPATH\View\View.php(216): CodeIgniter\View\View->CodeIgniter\View\{closure}()
 4 SYSTEMPATH\Common.php(1177): CodeIgniter\View\View->render('status', [], true)
 5 APPPATH\Controllers\Status.php(20): view('status', [...])
 6 SYSTEMPATH\CodeIgniter.php(934): App\Controllers\Status->index()
 7 SYSTEMPATH\CodeIgniter.php(499): CodeIgniter\CodeIgniter->runController(Object(App\Controllers\Status))
 8 SYSTEMPATH\CodeIgniter.php(368): CodeIgniter\CodeIgniter->handleRequest(null, Object(Config\Cache), false)
 9 FCPATH\index.php(67): CodeIgniter\CodeIgniter->run()
CRITICAL - 2023-01-23 16:51:47 --> Undefined variable $setores
in APPPATH\Views\cad_envolvido.php on line 50.
 1 APPPATH\Views\cad_envolvido.php(50): CodeIgniter\Debug\Exceptions->errorHandler(2, 'Undefined variable $setores', 'APPPATH\\Views\\cad_envolvido.php', 50)
 2 SYSTEMPATH\View\View.php(213): include('APPPATH\\Views\\cad_envolvido.php')
 3 SYSTEMPATH\View\View.php(216): CodeIgniter\View\View->CodeIgniter\View\{closure}()
 4 SYSTEMPATH\Common.php(1177): CodeIgniter\View\View->render('cad_envolvido', [], true)
 5 APPPATH\Controllers\Envolvidos.php(74): view('cad_envolvido', [...])
 6 SYSTEMPATH\CodeIgniter.php(934): App\Controllers\Envolvidos->editar('37')
 7 SYSTEMPATH\CodeIgniter.php(499): CodeIgniter\CodeIgniter->runController(Object(App\Controllers\Envolvidos))
 8 SYSTEMPATH\CodeIgniter.php(368): CodeIgniter\CodeIgniter->handleRequest(null, Object(Config\Cache), false)
 9 FCPATH\index.php(67): CodeIgniter\CodeIgniter->run()
